2021-03-03 10:50:45,412 ERROR 2980 nodejs.ClusterClientNoResponseError: client no response in 516993ms exceeding maxIdleTime 60000ms, maybe the connection is close on other side.
    at Timeout._onTimeout (/Users/tangzhicheng/Desktop/egg-music-community/node_modules/cluster-client/lib/leader.js:77:23)
    at listOnTimeout (internal/timers.js:549:17)
    at processTimers (internal/timers.js:492:7)
name: "ClusterClientNoResponseError"
pid: 2980
hostname: tangzhiengdeMBP

2021-03-03 12:37:11,464 ERROR 2980 nodejs.ClusterClientNoResponseError: client no response in 124194ms exceeding maxIdleTime 60000ms, maybe the connection is close on other side.
    at Timeout._onTimeout (/Users/tangzhicheng/Desktop/egg-music-community/node_modules/cluster-client/lib/leader.js:77:23)
    at listOnTimeout (internal/timers.js:549:17)
    at processTimers (internal/timers.js:492:7)
name: "ClusterClientNoResponseError"
pid: 2980
hostname: tangzhiengdeMBP

2021-03-03 13:07:10,457 ERROR 2980 nodejs.ClusterClientNoResponseError: client no response in 1758976ms exceeding maxIdleTime 60000ms, maybe the connection is close on other side.
    at Timeout._onTimeout (/Users/tangzhicheng/Desktop/egg-music-community/node_modules/cluster-client/lib/leader.js:77:23)
    at listOnTimeout (internal/timers.js:549:17)
    at processTimers (internal/timers.js:492:7)
name: "ClusterClientNoResponseError"
pid: 2980
hostname: tangzhiengdeMBP

2021-03-03 13:32:28,672 ERROR 2980 nodejs.ClusterClientNoResponseError: client no response in 1478195ms exceeding maxIdleTime 60000ms, maybe the connection is close on other side.
    at Timeout._onTimeout (/Users/tangzhicheng/Desktop/egg-music-community/node_modules/cluster-client/lib/leader.js:77:23)
    at listOnTimeout (internal/timers.js:549:17)
    at processTimers (internal/timers.js:492:7)
name: "ClusterClientNoResponseError"
pid: 2980
hostname: tangzhiengdeMBP

2021-03-03 13:51:59,821 ERROR 2980 nodejs.ClusterClientNoResponseError: client no response in 1151159ms exceeding maxIdleTime 60000ms, maybe the connection is close on other side.
    at Timeout._onTimeout (/Users/tangzhicheng/Desktop/egg-music-community/node_modules/cluster-client/lib/leader.js:77:23)
    at listOnTimeout (internal/timers.js:549:17)
    at processTimers (internal/timers.js:492:7)
name: "ClusterClientNoResponseError"
pid: 2980
hostname: tangzhiengdeMBP

2021-03-05 11:52:08,207 ERROR 20265 [-/127.0.0.1/-/18ms POST /api/users/] nodejs.SequelizeValidationError: notNull Violation: Users.sex cannot be null
    at InstanceValidator._validate (/Users/tangzhicheng/Desktop/egg-music-community/node_modules/sequelize/lib/instance-validator.js:78:13)
    at processTicksAndRejections (internal/process/task_queues.js:97:5)
    at InstanceValidator._validateAndRunHooks (/Users/tangzhicheng/Desktop/egg-music-community/node_modules/sequelize/lib/instance-validator.js:111:7)
    at InstanceValidator.validate (/Users/tangzhicheng/Desktop/egg-music-community/node_modules/sequelize/lib/instance-validator.js:93:12)
    at model.save (/Users/tangzhicheng/Desktop/egg-music-community/node_modules/sequelize/lib/model.js:3877:7)
    at Function.create (/Users/tangzhicheng/Desktop/egg-music-community/node_modules/sequelize/lib/model.js:2207:12)
    at Users.registerUser (/Users/tangzhicheng/Desktop/egg-music-community/app/service/users.ts:22:18)
    at UsersController.create (/Users/tangzhicheng/Desktop/egg-music-community/app/controller/users.ts:21:20)
    at /Users/tangzhicheng/Desktop/egg-music-community/node_modules/egg-development/app/middleware/egg_loader_trace.js:9:50
    at session (/Users/tangzhicheng/Desktop/egg-music-community/node_modules/koa-session/index.js:41:7)
name: "SequelizeValidationError"
errors: [{"message":"Users.sex cannot be null","type":"notNull Violation","path":"sex","value":null,"origin":"CORE","instance":{"id":null,"username":"tangmouren525","password":"tzc241241","borthday":"2021-03-05T03:51:57.000Z","update_time":"2021-03-05T03:52:08.198Z","create_time":"2021-03-05T03:52:08.198Z"},"validatorKey":"is_null","validatorName":null,"validatorArgs":[]}]
pid: 20265
hostname: tangzhiengdeMBP

2021-03-05 11:52:46,721 ERROR 20265 [-/127.0.0.1/-/67ms POST /api/users/] nodejs.SequelizeDatabaseError: Unknown column 'sex' in 'field list'
    at Query.formatError (/Users/tangzhicheng/Desktop/egg-music-community/node_modules/sequelize/lib/dialects/mysql/query.js:256:16)
    at Query.run (/Users/tangzhicheng/Desktop/egg-music-community/node_modules/sequelize/lib/dialects/mysql/query.js:68:18)
    at processTicksAndRejections (internal/process/task_queues.js:97:5)
    at /Users/tangzhicheng/Desktop/egg-music-community/node_modules/sequelize/lib/sequelize.js:619:16
    at MySQLQueryInterface.insert (/Users/tangzhicheng/Desktop/egg-music-community/node_modules/sequelize/lib/dialects/abstract/query-interface.js:748:21)
    at model.save (/Users/tangzhicheng/Desktop/egg-music-community/node_modules/sequelize/lib/model.js:3954:35)
    at Function.create (/Users/tangzhicheng/Desktop/egg-music-community/node_modules/sequelize/lib/model.js:2207:12)
    at Users.registerUser (/Users/tangzhicheng/Desktop/egg-music-community/app/service/users.ts:22:18)
    at UsersController.create (/Users/tangzhicheng/Desktop/egg-music-community/app/controller/users.ts:21:20)
    at /Users/tangzhicheng/Desktop/egg-music-community/node_modules/egg-development/app/middleware/egg_loader_trace.js:9:50
name: "SequelizeDatabaseError"
parent: {"code":"ER_BAD_FIELD_ERROR","errno":1054,"sqlState":"42S22","sqlMessage":"Unknown column 'sex' in 'field list'","sql":"INSERT INTO `Users` (`id`,`username`,`password`,`sex`,`borthday`,`create_time`,`update_time`) VALUES (DEFAULT,?,?,?,?,?,?);","parameters":["tangmouren525","tzc241241",1,"2021-03-05 03:51:57","2021-03-05 03:52:46","2021-03-05 03:52:46"]}
original: {"code":"ER_BAD_FIELD_ERROR","errno":1054,"sqlState":"42S22","sqlMessage":"Unknown column 'sex' in 'field list'","sql":"INSERT INTO `Users` (`id`,`username`,`password`,`sex`,`borthday`,`create_time`,`update_time`) VALUES (DEFAULT,?,?,?,?,?,?);","parameters":["tangmouren525","tzc241241",1,"2021-03-05 03:51:57","2021-03-05 03:52:46","2021-03-05 03:52:46"]}
sql: "INSERT INTO `Users` (`id`,`username`,`password`,`sex`,`borthday`,`create_time`,`update_time`) VALUES (DEFAULT,?,?,?,?,?,?);"
parameters: ["tangmouren525","tzc241241",1,"2021-03-05 03:51:57","2021-03-05 03:52:46","2021-03-05 03:52:46"]
pid: 20265
hostname: tangzhiengdeMBP

2021-03-05 12:01:37,675 ERROR 20345 [-/127.0.0.1/-/39ms POST /api/users/] nodejs.SequelizeDatabaseError: Unknown column 'sex' in 'field list'
    at Query.formatError (/Users/tangzhicheng/Desktop/egg-music-community/node_modules/sequelize/lib/dialects/mysql/query.js:256:16)
    at Query.run (/Users/tangzhicheng/Desktop/egg-music-community/node_modules/sequelize/lib/dialects/mysql/query.js:68:18)
    at processTicksAndRejections (internal/process/task_queues.js:97:5)
    at /Users/tangzhicheng/Desktop/egg-music-community/node_modules/sequelize/lib/sequelize.js:619:16
    at MySQLQueryInterface.insert (/Users/tangzhicheng/Desktop/egg-music-community/node_modules/sequelize/lib/dialects/abstract/query-interface.js:748:21)
    at model.save (/Users/tangzhicheng/Desktop/egg-music-community/node_modules/sequelize/lib/model.js:3954:35)
    at Function.create (/Users/tangzhicheng/Desktop/egg-music-community/node_modules/sequelize/lib/model.js:2207:12)
    at Users.registerUser (/Users/tangzhicheng/Desktop/egg-music-community/app/service/users.ts:22:18)
    at UsersController.create (/Users/tangzhicheng/Desktop/egg-music-community/app/controller/users.ts:21:20)
    at /Users/tangzhicheng/Desktop/egg-music-community/node_modules/egg-development/app/middleware/egg_loader_trace.js:9:50
name: "SequelizeDatabaseError"
parent: {"code":"ER_BAD_FIELD_ERROR","errno":1054,"sqlState":"42S22","sqlMessage":"Unknown column 'sex' in 'field list'","sql":"INSERT INTO `Users` (`id`,`username`,`password`,`sex`,`borthday`,`create_time`,`update_time`) VALUES (DEFAULT,?,?,?,?,?,?);","parameters":["tangmouren525","tzc241241",1,"2021-03-05 03:51:57","2021-03-05 04:01:37","2021-03-05 04:01:37"]}
original: {"code":"ER_BAD_FIELD_ERROR","errno":1054,"sqlState":"42S22","sqlMessage":"Unknown column 'sex' in 'field list'","sql":"INSERT INTO `Users` (`id`,`username`,`password`,`sex`,`borthday`,`create_time`,`update_time`) VALUES (DEFAULT,?,?,?,?,?,?);","parameters":["tangmouren525","tzc241241",1,"2021-03-05 03:51:57","2021-03-05 04:01:37","2021-03-05 04:01:37"]}
sql: "INSERT INTO `Users` (`id`,`username`,`password`,`sex`,`borthday`,`create_time`,`update_time`) VALUES (DEFAULT,?,?,?,?,?,?);"
parameters: ["tangmouren525","tzc241241",1,"2021-03-05 03:51:57","2021-03-05 04:01:37","2021-03-05 04:01:37"]
pid: 20345
hostname: tangzhiengdeMBP

2021-03-05 12:02:47,947 ERROR 20345 [-/127.0.0.1/-/7ms POST /api/users/] nodejs.SequelizeDatabaseError: Unknown column 'sex' in 'field list'
    at Query.formatError (/Users/tangzhicheng/Desktop/egg-music-community/node_modules/sequelize/lib/dialects/mysql/query.js:256:16)
    at Query.run (/Users/tangzhicheng/Desktop/egg-music-community/node_modules/sequelize/lib/dialects/mysql/query.js:68:18)
    at processTicksAndRejections (internal/process/task_queues.js:97:5)
    at /Users/tangzhicheng/Desktop/egg-music-community/node_modules/sequelize/lib/sequelize.js:619:16
    at MySQLQueryInterface.insert (/Users/tangzhicheng/Desktop/egg-music-community/node_modules/sequelize/lib/dialects/abstract/query-interface.js:748:21)
    at model.save (/Users/tangzhicheng/Desktop/egg-music-community/node_modules/sequelize/lib/model.js:3954:35)
    at Function.create (/Users/tangzhicheng/Desktop/egg-music-community/node_modules/sequelize/lib/model.js:2207:12)
    at Users.registerUser (/Users/tangzhicheng/Desktop/egg-music-community/app/service/users.ts:22:18)
    at UsersController.create (/Users/tangzhicheng/Desktop/egg-music-community/app/controller/users.ts:21:20)
    at /Users/tangzhicheng/Desktop/egg-music-community/node_modules/egg-development/app/middleware/egg_loader_trace.js:9:50
name: "SequelizeDatabaseError"
parent: {"code":"ER_BAD_FIELD_ERROR","errno":1054,"sqlState":"42S22","sqlMessage":"Unknown column 'sex' in 'field list'","sql":"INSERT INTO `Users` (`id`,`username`,`password`,`sex`,`borthday`,`create_time`,`update_time`) VALUES (DEFAULT,?,?,?,?,?,?);","parameters":["tangmouren525","tzc241241",1,"2021-03-05 03:51:57","2021-03-05 04:02:47","2021-03-05 04:02:47"]}
original: {"code":"ER_BAD_FIELD_ERROR","errno":1054,"sqlState":"42S22","sqlMessage":"Unknown column 'sex' in 'field list'","sql":"INSERT INTO `Users` (`id`,`username`,`password`,`sex`,`borthday`,`create_time`,`update_time`) VALUES (DEFAULT,?,?,?,?,?,?);","parameters":["tangmouren525","tzc241241",1,"2021-03-05 03:51:57","2021-03-05 04:02:47","2021-03-05 04:02:47"]}
sql: "INSERT INTO `Users` (`id`,`username`,`password`,`sex`,`borthday`,`create_time`,`update_time`) VALUES (DEFAULT,?,?,?,?,?,?);"
parameters: ["tangmouren525","tzc241241",1,"2021-03-05 03:51:57","2021-03-05 04:02:47","2021-03-05 04:02:47"]
pid: 20345
hostname: tangzhiengdeMBP

2021-03-05 13:51:06,381 ERROR 20414 [-/127.0.0.1/-/24ms POST /api/users/] nodejs.SequelizeDatabaseError: Unknown column 'sex' in 'field list'
    at Query.formatError (/Users/tangzhicheng/Desktop/egg-music-community/node_modules/sequelize/lib/dialects/mysql/query.js:256:16)
    at Query.run (/Users/tangzhicheng/Desktop/egg-music-community/node_modules/sequelize/lib/dialects/mysql/query.js:68:18)
    at processTicksAndRejections (internal/process/task_queues.js:97:5)
    at /Users/tangzhicheng/Desktop/egg-music-community/node_modules/sequelize/lib/sequelize.js:619:16
    at MySQLQueryInterface.insert (/Users/tangzhicheng/Desktop/egg-music-community/node_modules/sequelize/lib/dialects/abstract/query-interface.js:748:21)
    at model.save (/Users/tangzhicheng/Desktop/egg-music-community/node_modules/sequelize/lib/model.js:3954:35)
    at Function.create (/Users/tangzhicheng/Desktop/egg-music-community/node_modules/sequelize/lib/model.js:2207:12)
    at Users.registerUser (/Users/tangzhicheng/Desktop/egg-music-community/app/service/users.ts:22:18)
    at UsersController.create (/Users/tangzhicheng/Desktop/egg-music-community/app/controller/users.ts:22:20)
    at /Users/tangzhicheng/Desktop/egg-music-community/node_modules/egg-development/app/middleware/egg_loader_trace.js:9:50
name: "SequelizeDatabaseError"
parent: {"code":"ER_BAD_FIELD_ERROR","errno":1054,"sqlState":"42S22","sqlMessage":"Unknown column 'sex' in 'field list'","sql":"INSERT INTO `Users` (`id`,`username`,`password`,`sex`,`borthday`,`create_time`,`update_time`) VALUES (DEFAULT,?,?,?,?,?,?);","parameters":["tangmouren525","tzc241241",1,"2021-03-05 03:51:57","2021-03-05 05:51:06","2021-03-05 05:51:06"]}
original: {"code":"ER_BAD_FIELD_ERROR","errno":1054,"sqlState":"42S22","sqlMessage":"Unknown column 'sex' in 'field list'","sql":"INSERT INTO `Users` (`id`,`username`,`password`,`sex`,`borthday`,`create_time`,`update_time`) VALUES (DEFAULT,?,?,?,?,?,?);","parameters":["tangmouren525","tzc241241",1,"2021-03-05 03:51:57","2021-03-05 05:51:06","2021-03-05 05:51:06"]}
sql: "INSERT INTO `Users` (`id`,`username`,`password`,`sex`,`borthday`,`create_time`,`update_time`) VALUES (DEFAULT,?,?,?,?,?,?);"
parameters: ["tangmouren525","tzc241241",1,"2021-03-05 03:51:57","2021-03-05 05:51:06","2021-03-05 05:51:06"]
pid: 20414
hostname: tangzhiengdeMBP

2021-03-05 14:08:01,919 ERROR 19999 nodejs.ClusterClientNoResponseError: client no response in 535968ms exceeding maxIdleTime 60000ms, maybe the connection is close on other side.
    at Timeout._onTimeout (/Users/tangzhicheng/Desktop/egg-music-community/node_modules/cluster-client/lib/leader.js:77:23)
    at listOnTimeout (internal/timers.js:549:17)
    at processTimers (internal/timers.js:492:7)
name: "ClusterClientNoResponseError"
pid: 19999
hostname: tangzhiengdeMBP

2021-03-05 14:09:21,384 ERROR 20545 [-/127.0.0.1/-/25ms POST /api/users/] nodejs.SequelizeDatabaseError: Unknown column 'sex' in 'field list'
    at Query.formatError (/Users/tangzhicheng/Desktop/egg-music-community/node_modules/sequelize/lib/dialects/mysql/query.js:256:16)
    at Query.run (/Users/tangzhicheng/Desktop/egg-music-community/node_modules/sequelize/lib/dialects/mysql/query.js:68:18)
    at processTicksAndRejections (internal/process/task_queues.js:97:5)
    at /Users/tangzhicheng/Desktop/egg-music-community/node_modules/sequelize/lib/sequelize.js:619:16
    at MySQLQueryInterface.insert (/Users/tangzhicheng/Desktop/egg-music-community/node_modules/sequelize/lib/dialects/abstract/query-interface.js:748:21)
    at model.save (/Users/tangzhicheng/Desktop/egg-music-community/node_modules/sequelize/lib/model.js:3954:35)
    at Function.create (/Users/tangzhicheng/Desktop/egg-music-community/node_modules/sequelize/lib/model.js:2207:12)
    at Users.registerUser (/Users/tangzhicheng/Desktop/egg-music-community/app/service/users.ts:22:18)
    at UsersController.create (/Users/tangzhicheng/Desktop/egg-music-community/app/controller/users.ts:22:20)
    at /Users/tangzhicheng/Desktop/egg-music-community/node_modules/egg-development/app/middleware/egg_loader_trace.js:9:50
name: "SequelizeDatabaseError"
parent: {"code":"ER_BAD_FIELD_ERROR","errno":1054,"sqlState":"42S22","sqlMessage":"Unknown column 'sex' in 'field list'","sql":"INSERT INTO `Users` (`id`,`username`,`password`,`sex`,`borthday`,`create_time`,`update_time`) VALUES (DEFAULT,?,?,?,?,?,?);","parameters":["tangmouren525","tzc241241",1,"2021-03-05 03:51:57","2021-03-05 06:09:21","2021-03-05 06:09:21"]}
original: {"code":"ER_BAD_FIELD_ERROR","errno":1054,"sqlState":"42S22","sqlMessage":"Unknown column 'sex' in 'field list'","sql":"INSERT INTO `Users` (`id`,`username`,`password`,`sex`,`borthday`,`create_time`,`update_time`) VALUES (DEFAULT,?,?,?,?,?,?);","parameters":["tangmouren525","tzc241241",1,"2021-03-05 03:51:57","2021-03-05 06:09:21","2021-03-05 06:09:21"]}
sql: "INSERT INTO `Users` (`id`,`username`,`password`,`sex`,`borthday`,`create_time`,`update_time`) VALUES (DEFAULT,?,?,?,?,?,?);"
parameters: ["tangmouren525","tzc241241",1,"2021-03-05 03:51:57","2021-03-05 06:09:21","2021-03-05 06:09:21"]
pid: 20545
hostname: tangzhiengdeMBP

2021-03-05 14:13:58,757 ERROR 20582 [-/127.0.0.1/-/38ms POST /api/users/] nodejs.SequelizeDatabaseError: Unknown column 'sex' in 'field list'
    at Query.formatError (/Users/tangzhicheng/Desktop/egg-music-community/node_modules/sequelize/lib/dialects/mysql/query.js:256:16)
    at Query.run (/Users/tangzhicheng/Desktop/egg-music-community/node_modules/sequelize/lib/dialects/mysql/query.js:68:18)
    at processTicksAndRejections (internal/process/task_queues.js:97:5)
    at /Users/tangzhicheng/Desktop/egg-music-community/node_modules/sequelize/lib/sequelize.js:619:16
    at MySQLQueryInterface.insert (/Users/tangzhicheng/Desktop/egg-music-community/node_modules/sequelize/lib/dialects/abstract/query-interface.js:748:21)
    at model.save (/Users/tangzhicheng/Desktop/egg-music-community/node_modules/sequelize/lib/model.js:3954:35)
    at Function.create (/Users/tangzhicheng/Desktop/egg-music-community/node_modules/sequelize/lib/model.js:2207:12)
    at Users.registerUser (/Users/tangzhicheng/Desktop/egg-music-community/app/service/users.ts:22:18)
    at UsersController.create (/Users/tangzhicheng/Desktop/egg-music-community/app/controller/users.ts:22:20)
    at /Users/tangzhicheng/Desktop/egg-music-community/node_modules/egg-development/app/middleware/egg_loader_trace.js:9:50
name: "SequelizeDatabaseError"
parent: {"code":"ER_BAD_FIELD_ERROR","errno":1054,"sqlState":"42S22","sqlMessage":"Unknown column 'sex' in 'field list'","sql":"INSERT INTO `Users` (`id`,`username`,`password`,`sex`,`borthday`,`create_time`,`update_time`) VALUES (DEFAULT,?,?,?,?,?,?);","parameters":["tangmouren525","tzc241241",1,"2021-03-05 03:51:57","2021-03-05 06:13:58","2021-03-05 06:13:58"]}
original: {"code":"ER_BAD_FIELD_ERROR","errno":1054,"sqlState":"42S22","sqlMessage":"Unknown column 'sex' in 'field list'","sql":"INSERT INTO `Users` (`id`,`username`,`password`,`sex`,`borthday`,`create_time`,`update_time`) VALUES (DEFAULT,?,?,?,?,?,?);","parameters":["tangmouren525","tzc241241",1,"2021-03-05 03:51:57","2021-03-05 06:13:58","2021-03-05 06:13:58"]}
sql: "INSERT INTO `Users` (`id`,`username`,`password`,`sex`,`borthday`,`create_time`,`update_time`) VALUES (DEFAULT,?,?,?,?,?,?);"
parameters: ["tangmouren525","tzc241241",1,"2021-03-05 03:51:57","2021-03-05 06:13:58","2021-03-05 06:13:58"]
pid: 20582
hostname: tangzhiengdeMBP

2021-03-05 14:14:43,094 ERROR 20604 [-/127.0.0.1/-/24ms POST /api/users/] nodejs.SequelizeDatabaseError: Unknown column 'borthday' in 'field list'
    at Query.formatError (/Users/tangzhicheng/Desktop/egg-music-community/node_modules/sequelize/lib/dialects/mysql/query.js:256:16)
    at Query.run (/Users/tangzhicheng/Desktop/egg-music-community/node_modules/sequelize/lib/dialects/mysql/query.js:68:18)
    at processTicksAndRejections (internal/process/task_queues.js:97:5)
    at /Users/tangzhicheng/Desktop/egg-music-community/node_modules/sequelize/lib/sequelize.js:619:16
    at MySQLQueryInterface.insert (/Users/tangzhicheng/Desktop/egg-music-community/node_modules/sequelize/lib/dialects/abstract/query-interface.js:748:21)
    at model.save (/Users/tangzhicheng/Desktop/egg-music-community/node_modules/sequelize/lib/model.js:3954:35)
    at Function.create (/Users/tangzhicheng/Desktop/egg-music-community/node_modules/sequelize/lib/model.js:2207:12)
    at Users.registerUser (/Users/tangzhicheng/Desktop/egg-music-community/app/service/users.ts:22:18)
    at UsersController.create (/Users/tangzhicheng/Desktop/egg-music-community/app/controller/users.ts:22:20)
    at /Users/tangzhicheng/Desktop/egg-music-community/node_modules/egg-development/app/middleware/egg_loader_trace.js:9:50
name: "SequelizeDatabaseError"
parent: {"code":"ER_BAD_FIELD_ERROR","errno":1054,"sqlState":"42S22","sqlMessage":"Unknown column 'borthday' in 'field list'","sql":"INSERT INTO `Users` (`id`,`username`,`password`,`borthday`,`create_time`,`update_time`) VALUES (DEFAULT,?,?,?,?,?);","parameters":["tangmouren525","tzc241241","2021-03-05 03:51:57","2021-03-05 06:14:43","2021-03-05 06:14:43"]}
original: {"code":"ER_BAD_FIELD_ERROR","errno":1054,"sqlState":"42S22","sqlMessage":"Unknown column 'borthday' in 'field list'","sql":"INSERT INTO `Users` (`id`,`username`,`password`,`borthday`,`create_time`,`update_time`) VALUES (DEFAULT,?,?,?,?,?);","parameters":["tangmouren525","tzc241241","2021-03-05 03:51:57","2021-03-05 06:14:43","2021-03-05 06:14:43"]}
sql: "INSERT INTO `Users` (`id`,`username`,`password`,`borthday`,`create_time`,`update_time`) VALUES (DEFAULT,?,?,?,?,?);"
parameters: ["tangmouren525","tzc241241","2021-03-05 03:51:57","2021-03-05 06:14:43","2021-03-05 06:14:43"]
pid: 20604
hostname: tangzhiengdeMBP

2021-03-05 18:19:35,259 ERROR 20641 nodejs.ClusterClientNoResponseError: client no response in 896550ms exceeding maxIdleTime 60000ms, maybe the connection is close on other side.
    at Timeout._onTimeout (/Users/tangzhicheng/Desktop/egg-music-community/node_modules/cluster-client/lib/leader.js:77:23)
    at listOnTimeout (internal/timers.js:549:17)
    at processTimers (internal/timers.js:492:7)
name: "ClusterClientNoResponseError"
pid: 20641
hostname: tangzhiengdeMBP

2021-03-05 18:49:36,210 ERROR 20641 nodejs.ClusterClientNoResponseError: client no response in 1800948ms exceeding maxIdleTime 60000ms, maybe the connection is close on other side.
    at Timeout._onTimeout (/Users/tangzhicheng/Desktop/egg-music-community/node_modules/cluster-client/lib/leader.js:77:23)
    at listOnTimeout (internal/timers.js:549:17)
    at processTimers (internal/timers.js:492:7)
name: "ClusterClientNoResponseError"
pid: 20641
hostname: tangzhiengdeMBP

2021-03-05 19:19:39,182 ERROR 20641 nodejs.ClusterClientNoResponseError: client no response in 1802964ms exceeding maxIdleTime 60000ms, maybe the connection is close on other side.
    at Timeout._onTimeout (/Users/tangzhicheng/Desktop/egg-music-community/node_modules/cluster-client/lib/leader.js:77:23)
    at listOnTimeout (internal/timers.js:549:17)
    at processTimers (internal/timers.js:492:7)
name: "ClusterClientNoResponseError"
pid: 20641
hostname: tangzhiengdeMBP

2021-03-05 19:34:50,611 ERROR 20641 nodejs.ClusterClientNoResponseError: client no response in 911418ms exceeding maxIdleTime 60000ms, maybe the connection is close on other side.
    at Timeout._onTimeout (/Users/tangzhicheng/Desktop/egg-music-community/node_modules/cluster-client/lib/leader.js:77:23)
    at listOnTimeout (internal/timers.js:549:17)
    at processTimers (internal/timers.js:492:7)
name: "ClusterClientNoResponseError"
pid: 20641
hostname: tangzhiengdeMBP

2021-03-05 20:45:18,586 ERROR 20641 nodejs.ClusterClientNoResponseError: client no response in 4227973ms exceeding maxIdleTime 60000ms, maybe the connection is close on other side.
    at Timeout._onTimeout (/Users/tangzhicheng/Desktop/egg-music-community/node_modules/cluster-client/lib/leader.js:77:23)
    at listOnTimeout (internal/timers.js:549:17)
    at processTimers (internal/timers.js:492:7)
name: "ClusterClientNoResponseError"
pid: 20641
hostname: tangzhiengdeMBP

2021-03-05 21:36:12,593 ERROR 20641 nodejs.ClusterClientNoResponseError: client no response in 573722ms exceeding maxIdleTime 60000ms, maybe the connection is close on other side.
    at Timeout._onTimeout (/Users/tangzhicheng/Desktop/egg-music-community/node_modules/cluster-client/lib/leader.js:77:23)
    at listOnTimeout (internal/timers.js:549:17)
    at processTimers (internal/timers.js:492:7)
name: "ClusterClientNoResponseError"
pid: 20641
hostname: tangzhiengdeMBP

2021-03-05 21:48:17,162 ERROR 20641 nodejs.ClusterClientNoResponseError: client no response in 724558ms exceeding maxIdleTime 60000ms, maybe the connection is close on other side.
    at Timeout._onTimeout (/Users/tangzhicheng/Desktop/egg-music-community/node_modules/cluster-client/lib/leader.js:77:23)
    at listOnTimeout (internal/timers.js:549:17)
    at processTimers (internal/timers.js:492:7)
name: "ClusterClientNoResponseError"
pid: 20641
hostname: tangzhiengdeMBP

2021-03-05 22:10:00,439 ERROR 20641 nodejs.ClusterClientNoResponseError: client no response in 764392ms exceeding maxIdleTime 60000ms, maybe the connection is close on other side.
    at Timeout._onTimeout (/Users/tangzhicheng/Desktop/egg-music-community/node_modules/cluster-client/lib/leader.js:77:23)
    at listOnTimeout (internal/timers.js:549:17)
    at processTimers (internal/timers.js:492:7)
name: "ClusterClientNoResponseError"
pid: 20641
hostname: tangzhiengdeMBP

2021-03-05 22:44:08,249 ERROR 20641 nodejs.ClusterClientNoResponseError: client no response in 1398833ms exceeding maxIdleTime 60000ms, maybe the connection is close on other side.
    at Timeout._onTimeout (/Users/tangzhicheng/Desktop/egg-music-community/node_modules/cluster-client/lib/leader.js:77:23)
    at listOnTimeout (internal/timers.js:549:17)
    at processTimers (internal/timers.js:492:7)
name: "ClusterClientNoResponseError"
pid: 20641
hostname: tangzhiengdeMBP

2021-03-05 23:16:27,744 ERROR 20641 nodejs.ClusterClientNoResponseError: client no response in 1939317ms exceeding maxIdleTime 60000ms, maybe the connection is close on other side.
    at Timeout._onTimeout (/Users/tangzhicheng/Desktop/egg-music-community/node_modules/cluster-client/lib/leader.js:77:23)
    at listOnTimeout (internal/timers.js:549:17)
    at processTimers (internal/timers.js:492:7)
name: "ClusterClientNoResponseError"
pid: 20641
hostname: tangzhiengdeMBP

2021-03-06 00:15:07,109 ERROR 20641 nodejs.ClusterClientNoResponseError: client no response in 3519283ms exceeding maxIdleTime 60000ms, maybe the connection is close on other side.
    at Timeout._onTimeout (/Users/tangzhicheng/Desktop/egg-music-community/node_modules/cluster-client/lib/leader.js:77:23)
    at listOnTimeout (internal/timers.js:549:17)
    at processTimers (internal/timers.js:492:7)
name: "ClusterClientNoResponseError"
pid: 20641
hostname: tangzhiengdeMBP

2021-03-06 00:38:46,430 ERROR 20641 nodejs.ClusterClientNoResponseError: client no response in 1399328ms exceeding maxIdleTime 60000ms, maybe the connection is close on other side.
    at Timeout._onTimeout (/Users/tangzhicheng/Desktop/egg-music-community/node_modules/cluster-client/lib/leader.js:77:23)
    at listOnTimeout (internal/timers.js:549:17)
    at processTimers (internal/timers.js:492:7)
name: "ClusterClientNoResponseError"
pid: 20641
hostname: tangzhiengdeMBP

2021-03-06 01:36:54,914 ERROR 20641 nodejs.ClusterClientNoResponseError: client no response in 3488480ms exceeding maxIdleTime 60000ms, maybe the connection is close on other side.
    at Timeout._onTimeout (/Users/tangzhicheng/Desktop/egg-music-community/node_modules/cluster-client/lib/leader.js:77:23)
    at listOnTimeout (internal/timers.js:549:17)
    at processTimers (internal/timers.js:492:7)
name: "ClusterClientNoResponseError"
pid: 20641
hostname: tangzhiengdeMBP

2021-03-06 05:15:50,006 ERROR 20641 nodejs.ClusterClientNoResponseError: client no response in 13135078ms exceeding maxIdleTime 60000ms, maybe the connection is close on other side.
    at Timeout._onTimeout (/Users/tangzhicheng/Desktop/egg-music-community/node_modules/cluster-client/lib/leader.js:77:23)
    at listOnTimeout (internal/timers.js:549:17)
    at processTimers (internal/timers.js:492:7)
name: "ClusterClientNoResponseError"
pid: 20641
hostname: tangzhiengdeMBP

2021-03-06 09:16:16,008 ERROR 20641 nodejs.ClusterClientNoResponseError: client no response in 14425881ms exceeding maxIdleTime 60000ms, maybe the connection is close on other side.
    at Timeout._onTimeout (/Users/tangzhicheng/Desktop/egg-music-community/node_modules/cluster-client/lib/leader.js:77:23)
    at listOnTimeout (internal/timers.js:549:17)
    at processTimers (internal/timers.js:492:7)
name: "ClusterClientNoResponseError"
pid: 20641
hostname: tangzhiengdeMBP

2021-03-06 09:44:43,219 ERROR 20641 nodejs.ClusterClientNoResponseError: client no response in 1707166ms exceeding maxIdleTime 60000ms, maybe the connection is close on other side.
    at Timeout._onTimeout (/Users/tangzhicheng/Desktop/egg-music-community/node_modules/cluster-client/lib/leader.js:77:23)
    at listOnTimeout (internal/timers.js:549:17)
    at processTimers (internal/timers.js:492:7)
name: "ClusterClientNoResponseError"
pid: 20641
hostname: tangzhiengdeMBP

2021-03-06 10:20:30,526 ERROR 20641 nodejs.ClusterClientNoResponseError: client no response in 2067235ms exceeding maxIdleTime 60000ms, maybe the connection is close on other side.
    at Timeout._onTimeout (/Users/tangzhicheng/Desktop/egg-music-community/node_modules/cluster-client/lib/leader.js:77:23)
    at listOnTimeout (internal/timers.js:549:17)
    at processTimers (internal/timers.js:492:7)
name: "ClusterClientNoResponseError"
pid: 20641
hostname: tangzhiengdeMBP

2021-03-13 23:59:25,532 ERROR 29914 nodejs.SequelizeConnectionRefusedError: connect ECONNREFUSED 127.0.0.1:3306
    at ConnectionManager.connect (/Users/tangzhicheng/Desktop/egg-music-community/node_modules/sequelize/lib/dialects/mysql/connection-manager.js:116:17)
    at processTicksAndRejections (internal/process/task_queues.js:97:5)
    at ConnectionManager._connect (/Users/tangzhicheng/Desktop/egg-music-community/node_modules/sequelize/lib/dialects/abstract/connection-manager.js:318:24)
    at /Users/tangzhicheng/Desktop/egg-music-community/node_modules/sequelize/lib/dialects/abstract/connection-manager.js:250:32
    at ConnectionManager.getConnection (/Users/tangzhicheng/Desktop/egg-music-community/node_modules/sequelize/lib/dialects/abstract/connection-manager.js:280:7)
    at /Users/tangzhicheng/Desktop/egg-music-community/node_modules/sequelize/lib/sequelize.js:613:26
    at Sequelize.authenticate (/Users/tangzhicheng/Desktop/egg-music-community/node_modules/sequelize/lib/sequelize.js:867:5)
    at authenticate (/Users/tangzhicheng/Desktop/egg-music-community/node_modules/egg-sequelize/lib/loader.js:134:7)
    at authenticate (/Users/tangzhicheng/Desktop/egg-music-community/node_modules/egg-sequelize/lib/loader.js:142:7)
    at authenticate (/Users/tangzhicheng/Desktop/egg-music-community/node_modules/egg-sequelize/lib/loader.js:142:7)
name: "SequelizeConnectionRefusedError"
parent: {"errno":-61,"code":"ECONNREFUSED","syscall":"connect","address":"127.0.0.1","port":3306,"fatal":true}
original: {"errno":-61,"code":"ECONNREFUSED","syscall":"connect","address":"127.0.0.1","port":3306,"fatal":true}
pid: 29914
hostname: tangzhichengdeMacBook-Pro.local

2021-03-14 00:17:09,799 ERROR 30155 nodejs.SequelizeConnectionRefusedError: connect ECONNREFUSED 127.0.0.1:3306
    at ConnectionManager.connect (/Users/tangzhicheng/Desktop/egg-music-community/node_modules/sequelize/lib/dialects/mysql/connection-manager.js:116:17)
    at processTicksAndRejections (internal/process/task_queues.js:97:5)
    at ConnectionManager._connect (/Users/tangzhicheng/Desktop/egg-music-community/node_modules/sequelize/lib/dialects/abstract/connection-manager.js:318:24)
    at /Users/tangzhicheng/Desktop/egg-music-community/node_modules/sequelize/lib/dialects/abstract/connection-manager.js:250:32
    at ConnectionManager.getConnection (/Users/tangzhicheng/Desktop/egg-music-community/node_modules/sequelize/lib/dialects/abstract/connection-manager.js:280:7)
    at /Users/tangzhicheng/Desktop/egg-music-community/node_modules/sequelize/lib/sequelize.js:613:26
    at Sequelize.authenticate (/Users/tangzhicheng/Desktop/egg-music-community/node_modules/sequelize/lib/sequelize.js:867:5)
    at authenticate (/Users/tangzhicheng/Desktop/egg-music-community/node_modules/egg-sequelize/lib/loader.js:134:7)
    at authenticate (/Users/tangzhicheng/Desktop/egg-music-community/node_modules/egg-sequelize/lib/loader.js:142:7)
    at authenticate (/Users/tangzhicheng/Desktop/egg-music-community/node_modules/egg-sequelize/lib/loader.js:142:7)
name: "SequelizeConnectionRefusedError"
parent: {"errno":-61,"code":"ECONNREFUSED","syscall":"connect","address":"127.0.0.1","port":3306,"fatal":true}
original: {"errno":-61,"code":"ECONNREFUSED","syscall":"connect","address":"127.0.0.1","port":3306,"fatal":true}
pid: 30155
hostname: tangzhichengdeMacBook-Pro.local

2021-03-18 09:29:50,035 ERROR 3319 [-/127.0.0.1/-/5ms GET /] nodejs.TypeError: Cannot read property 'sayHi' of undefined
    at HomeController.index (/Users/tangzhicheng/Desktop/egg-music-community/app/controller/home.ts:13:39)
    at Object.callFn (/Users/tangzhicheng/Desktop/egg-music-community/node_modules/egg-core/lib/utils/index.js:44:21)
    at Object.classControllerMiddleware (/Users/tangzhicheng/Desktop/egg-music-community/node_modules/egg-core/lib/loader/mixin/controller.js:87:20)
    at Object.callFn (/Users/tangzhicheng/Desktop/egg-music-community/node_modules/@eggjs/router/lib/utils.js:12:21)
    at wrappedController (/Users/tangzhicheng/Desktop/egg-music-community/node_modules/@eggjs/router/lib/egg_router.js:322:18)
    at dispatch (/Users/tangzhicheng/Desktop/egg-music-community/node_modules/koa-compose/index.js:44:32)
    at next (/Users/tangzhicheng/Desktop/egg-music-community/node_modules/koa-compose/index.js:45:18)
    at /Users/tangzhicheng/Desktop/egg-music-community/node_modules/@eggjs/router/lib/router.js:190:18
    at dispatch (/Users/tangzhicheng/Desktop/egg-music-community/node_modules/koa-compose/index.js:44:32)
    at /Users/tangzhicheng/Desktop/egg-music-community/node_modules/koa-compose/index.js:36:12

pid: 3319
hostname: tangzhiengdeMBP

2021-03-18 09:29:52,180 ERROR 3319 [-/127.0.0.1/-/0ms GET /] nodejs.TypeError: Cannot read property 'sayHi' of undefined
    at HomeController.index (/Users/tangzhicheng/Desktop/egg-music-community/app/controller/home.ts:13:39)
    at Object.callFn (/Users/tangzhicheng/Desktop/egg-music-community/node_modules/egg-core/lib/utils/index.js:44:21)
    at Object.classControllerMiddleware (/Users/tangzhicheng/Desktop/egg-music-community/node_modules/egg-core/lib/loader/mixin/controller.js:87:20)
    at Object.callFn (/Users/tangzhicheng/Desktop/egg-music-community/node_modules/@eggjs/router/lib/utils.js:12:21)
    at wrappedController (/Users/tangzhicheng/Desktop/egg-music-community/node_modules/@eggjs/router/lib/egg_router.js:322:18)
    at dispatch (/Users/tangzhicheng/Desktop/egg-music-community/node_modules/koa-compose/index.js:44:32)
    at next (/Users/tangzhicheng/Desktop/egg-music-community/node_modules/koa-compose/index.js:45:18)
    at /Users/tangzhicheng/Desktop/egg-music-community/node_modules/@eggjs/router/lib/router.js:190:18
    at dispatch (/Users/tangzhicheng/Desktop/egg-music-community/node_modules/koa-compose/index.js:44:32)
    at /Users/tangzhicheng/Desktop/egg-music-community/node_modules/koa-compose/index.js:36:12

pid: 3319
hostname: tangzhiengdeMBP

2021-03-20 00:17:02,162 ERROR 8735 nodejs.ServerNoResponseError: server 127.0.0.1:49237 no response in 20711ms, maybe the socket is end on the other side. (address: 127.0.0.1:49237)
    at Timeout._onTimeout (/Users/tangzhicheng/Desktop/egg-music-community/node_modules/tcp-base/lib/base.js:427:21)
    at listOnTimeout (internal/timers.js:549:17)
    at processTimers (internal/timers.js:492:7)
name: "ServerNoResponseError"
pid: 8735
hostname: tangzhichengdeMacBook-Pro.local

2021-03-20 11:00:17,086 ERROR 1132 nodejs.SequelizeConnectionRefusedError: connect ECONNREFUSED 127.0.0.1:3306
    at ConnectionManager.connect (/Users/tangzhicheng/Desktop/egg-music-community/node_modules/sequelize/lib/dialects/mysql/connection-manager.js:116:17)
    at processTicksAndRejections (internal/process/task_queues.js:97:5)
    at ConnectionManager._connect (/Users/tangzhicheng/Desktop/egg-music-community/node_modules/sequelize/lib/dialects/abstract/connection-manager.js:318:24)
    at /Users/tangzhicheng/Desktop/egg-music-community/node_modules/sequelize/lib/dialects/abstract/connection-manager.js:250:32
    at ConnectionManager.getConnection (/Users/tangzhicheng/Desktop/egg-music-community/node_modules/sequelize/lib/dialects/abstract/connection-manager.js:280:7)
    at /Users/tangzhicheng/Desktop/egg-music-community/node_modules/sequelize/lib/sequelize.js:613:26
    at Sequelize.authenticate (/Users/tangzhicheng/Desktop/egg-music-community/node_modules/sequelize/lib/sequelize.js:867:5)
    at authenticate (/Users/tangzhicheng/Desktop/egg-music-community/node_modules/egg-sequelize/lib/loader.js:134:7)
    at authenticate (/Users/tangzhicheng/Desktop/egg-music-community/node_modules/egg-sequelize/lib/loader.js:142:7)
    at authenticate (/Users/tangzhicheng/Desktop/egg-music-community/node_modules/egg-sequelize/lib/loader.js:142:7)
name: "SequelizeConnectionRefusedError"
parent: {"errno":-61,"code":"ECONNREFUSED","syscall":"connect","address":"127.0.0.1","port":3306,"fatal":true}
original: {"errno":-61,"code":"ECONNREFUSED","syscall":"connect","address":"127.0.0.1","port":3306,"fatal":true}
pid: 1132
hostname: tangzhichengdeMacBook-Pro.local

2021-03-20 11:00:40,224 ERROR 1152 nodejs.SequelizeConnectionRefusedError: connect ECONNREFUSED 127.0.0.1:3306
    at ConnectionManager.connect (/Users/tangzhicheng/Desktop/egg-music-community/node_modules/sequelize/lib/dialects/mysql/connection-manager.js:116:17)
    at processTicksAndRejections (internal/process/task_queues.js:97:5)
    at ConnectionManager._connect (/Users/tangzhicheng/Desktop/egg-music-community/node_modules/sequelize/lib/dialects/abstract/connection-manager.js:318:24)
    at /Users/tangzhicheng/Desktop/egg-music-community/node_modules/sequelize/lib/dialects/abstract/connection-manager.js:250:32
    at ConnectionManager.getConnection (/Users/tangzhicheng/Desktop/egg-music-community/node_modules/sequelize/lib/dialects/abstract/connection-manager.js:280:7)
    at /Users/tangzhicheng/Desktop/egg-music-community/node_modules/sequelize/lib/sequelize.js:613:26
    at Sequelize.authenticate (/Users/tangzhicheng/Desktop/egg-music-community/node_modules/sequelize/lib/sequelize.js:867:5)
    at authenticate (/Users/tangzhicheng/Desktop/egg-music-community/node_modules/egg-sequelize/lib/loader.js:134:7)
    at authenticate (/Users/tangzhicheng/Desktop/egg-music-community/node_modules/egg-sequelize/lib/loader.js:142:7)
    at authenticate (/Users/tangzhicheng/Desktop/egg-music-community/node_modules/egg-sequelize/lib/loader.js:142:7)
name: "SequelizeConnectionRefusedError"
parent: {"errno":-61,"code":"ECONNREFUSED","syscall":"connect","address":"127.0.0.1","port":3306,"fatal":true}
original: {"errno":-61,"code":"ECONNREFUSED","syscall":"connect","address":"127.0.0.1","port":3306,"fatal":true}
pid: 1152
hostname: tangzhichengdeMacBook-Pro.local

