2021-03-03 09:15:34,790 INFO 2080 [egg:logger] init all loggers with options: {"dir":"/Users/tangzhicheng/Desktop/egg-music-community/logs/music-community","encoding":"utf8","env":"local","level":"INFO","consoleLevel":"INFO","disableConsoleAfterReady":false,"outputJSON":false,"buffer":true,"appLogName":"music-community-web.log","coreLogName":"egg-web.log","agentLogName":"egg-agent.log","errorLogName":"common-error.log","coreLogger":{"consoleLevel":"WARN"},"allowDebugAtProd":false,"type":"application"}
2021-03-03 09:15:34,812 INFO 2080 [egg-multipart] stream mode enable
2021-03-03 09:15:35,880 INFO 2080 [egg-static] starting static serve /public/ -> /Users/tangzhicheng/Desktop/egg-music-community/app/public
2021-03-03 09:15:35,882 INFO 2080 [egg-security] use csrf middleware
2021-03-03 09:15:35,883 INFO 2080 [egg-security] use methodnoallow middleware
2021-03-03 09:15:35,884 INFO 2080 [egg-security] use noopen middleware
2021-03-03 09:15:35,885 INFO 2080 [egg-security] use nosniff middleware
2021-03-03 09:15:35,885 INFO 2080 [egg-security] use xssProtection middleware
2021-03-03 09:15:35,886 INFO 2080 [egg-security] use xframe middleware
2021-03-03 09:15:35,887 INFO 2080 [egg-security] use dta middleware
2021-03-03 09:15:35,887 INFO 2080 [egg-security] compose 7 middlewares into one security middleware
2021-03-03 09:15:35,934 INFO 2080 [egg:core] dump config after load, 3ms
2021-03-03 09:15:35,946 INFO 2080 [egg-watcher:application] watcher start success
2021-03-03 09:15:35,958 INFO 2080 [egg:core] dump config after ready, 9ms
2021-03-03 09:16:38,479 INFO 2137 [egg:logger] init all loggers with options: {"dir":"/Users/tangzhicheng/Desktop/egg-music-community/logs/music-community","encoding":"utf8","env":"local","level":"INFO","consoleLevel":"INFO","disableConsoleAfterReady":false,"outputJSON":false,"buffer":true,"appLogName":"music-community-web.log","coreLogName":"egg-web.log","agentLogName":"egg-agent.log","errorLogName":"common-error.log","coreLogger":{"consoleLevel":"WARN"},"allowDebugAtProd":false,"type":"application"}
2021-03-03 09:16:38,507 INFO 2137 [egg-multipart] stream mode enable
2021-03-03 09:16:38,623 INFO 2137 [egg-static] starting static serve /public/ -> /Users/tangzhicheng/Desktop/egg-music-community/app/public
2021-03-03 09:16:38,625 INFO 2137 [egg-security] use csrf middleware
2021-03-03 09:16:38,626 INFO 2137 [egg-security] use methodnoallow middleware
2021-03-03 09:16:38,626 INFO 2137 [egg-security] use noopen middleware
2021-03-03 09:16:38,627 INFO 2137 [egg-security] use nosniff middleware
2021-03-03 09:16:38,628 INFO 2137 [egg-security] use xssProtection middleware
2021-03-03 09:16:38,629 INFO 2137 [egg-security] use xframe middleware
2021-03-03 09:16:38,629 INFO 2137 [egg-security] use dta middleware
2021-03-03 09:16:38,629 INFO 2137 [egg-security] compose 7 middlewares into one security middleware
2021-03-03 09:16:38,666 INFO 2137 [egg:core] dump config after load, 3ms
2021-03-03 09:16:38,674 INFO 2137 [egg-watcher:application] watcher start success
2021-03-03 09:16:38,680 INFO 2137 [egg:core] dump config after ready, 4ms
2021-03-03 09:16:39,371 INFO 2143 [egg:logger] init all loggers with options: {"dir":"/Users/tangzhicheng/Desktop/egg-music-community/logs/music-community","encoding":"utf8","env":"local","level":"INFO","consoleLevel":"INFO","disableConsoleAfterReady":false,"outputJSON":false,"buffer":true,"appLogName":"music-community-web.log","coreLogName":"egg-web.log","agentLogName":"egg-agent.log","errorLogName":"common-error.log","coreLogger":{"consoleLevel":"WARN"},"allowDebugAtProd":false,"type":"application"}
2021-03-03 09:16:39,394 INFO 2143 [egg-multipart] stream mode enable
2021-03-03 09:16:39,450 INFO 2143 [egg-static] starting static serve /public/ -> /Users/tangzhicheng/Desktop/egg-music-community/app/public
2021-03-03 09:16:39,451 INFO 2143 [egg-security] use csrf middleware
2021-03-03 09:16:39,452 INFO 2143 [egg-security] use methodnoallow middleware
2021-03-03 09:16:39,452 INFO 2143 [egg-security] use noopen middleware
2021-03-03 09:16:39,453 INFO 2143 [egg-security] use nosniff middleware
2021-03-03 09:16:39,453 INFO 2143 [egg-security] use xssProtection middleware
2021-03-03 09:16:39,453 INFO 2143 [egg-security] use xframe middleware
2021-03-03 09:16:39,454 INFO 2143 [egg-security] use dta middleware
2021-03-03 09:16:39,454 INFO 2143 [egg-security] compose 7 middlewares into one security middleware
2021-03-03 09:16:39,464 INFO 2143 [egg:core] dump config after load, 6ms
2021-03-03 09:16:39,472 INFO 2143 [egg-watcher:application] watcher start success
2021-03-03 09:16:39,478 INFO 2143 [egg:core] dump config after ready, 4ms
2021-03-03 09:37:46,753 INFO 2984 [egg:logger] init all loggers with options: {"dir":"/Users/tangzhicheng/Desktop/egg-music-community/logs/music-community","encoding":"utf8","env":"local","level":"INFO","consoleLevel":"INFO","disableConsoleAfterReady":false,"outputJSON":false,"buffer":true,"appLogName":"music-community-web.log","coreLogName":"egg-web.log","agentLogName":"egg-agent.log","errorLogName":"common-error.log","coreLogger":{"consoleLevel":"WARN"},"allowDebugAtProd":false,"type":"application"}
2021-03-03 09:37:46,778 INFO 2984 [egg-multipart] stream mode enable
2021-03-03 09:37:47,875 INFO 2984 [egg-static] starting static serve /public/ -> /Users/tangzhicheng/Desktop/egg-music-community/app/public
2021-03-03 09:37:47,877 INFO 2984 [egg-security] use csrf middleware
2021-03-03 09:37:47,878 INFO 2984 [egg-security] use methodnoallow middleware
2021-03-03 09:37:47,879 INFO 2984 [egg-security] use noopen middleware
2021-03-03 09:37:47,880 INFO 2984 [egg-security] use nosniff middleware
2021-03-03 09:37:47,880 INFO 2984 [egg-security] use xssProtection middleware
2021-03-03 09:37:47,881 INFO 2984 [egg-security] use xframe middleware
2021-03-03 09:37:47,881 INFO 2984 [egg-security] use dta middleware
2021-03-03 09:37:47,882 INFO 2984 [egg-security] compose 7 middlewares into one security middleware
2021-03-03 09:37:47,950 INFO 2984 [egg:core] dump config after load, 4ms
2021-03-03 09:37:47,961 INFO 2984 [egg-watcher:application] watcher start success
2021-03-03 09:37:47,967 INFO 2984 [egg:core] dump config after ready, 4ms
2021-03-03 10:50:45,403 WARN 2984 [ClusterClient:Watcher] follower closed, and try to init it again
2021-03-03 11:36:52,028 INFO 9779 [egg:logger] init all loggers with options: {"dir":"/Users/tangzhicheng/Desktop/egg-music-community/logs/music-community","encoding":"utf8","env":"local","level":"INFO","consoleLevel":"INFO","disableConsoleAfterReady":false,"outputJSON":false,"buffer":true,"appLogName":"music-community-web.log","coreLogName":"egg-web.log","agentLogName":"egg-agent.log","errorLogName":"common-error.log","coreLogger":{"consoleLevel":"WARN"},"allowDebugAtProd":false,"type":"application"}
2021-03-03 11:36:52,058 INFO 9779 [egg-multipart] stream mode enable
2021-03-03 11:36:52,161 INFO 9779 [egg-static] starting static serve /public/ -> /Users/tangzhicheng/Desktop/egg-music-community/app/public
2021-03-03 11:36:52,163 INFO 9779 [egg-security] use csrf middleware
2021-03-03 11:36:52,164 INFO 9779 [egg-security] use methodnoallow middleware
2021-03-03 11:36:52,165 INFO 9779 [egg-security] use noopen middleware
2021-03-03 11:36:52,166 INFO 9779 [egg-security] use nosniff middleware
2021-03-03 11:36:52,166 INFO 9779 [egg-security] use xssProtection middleware
2021-03-03 11:36:52,167 INFO 9779 [egg-security] use xframe middleware
2021-03-03 11:36:52,168 INFO 9779 [egg-security] use dta middleware
2021-03-03 11:36:52,168 INFO 9779 [egg-security] compose 7 middlewares into one security middleware
2021-03-03 11:36:52,185 INFO 9779 [egg:core] dump config after load, 10ms
2021-03-03 11:36:52,194 INFO 9779 [egg-watcher:application] watcher start success
2021-03-03 11:36:52,200 INFO 9779 [egg:core] dump config after ready, 4ms
2021-03-03 12:37:11,464 WARN 9779 [ClusterClient:Watcher] follower closed, and try to init it again
2021-03-03 13:07:10,457 WARN 9779 [ClusterClient:Watcher] follower closed, and try to init it again
2021-03-03 13:32:28,673 WARN 9779 [TCPBase] socket is closed by other side while there were still unhandled data in the socket buffer
2021-03-03 13:32:28,673 WARN 9779 [ClusterClient:Watcher] follower closed, and try to init it again
2021-03-03 13:51:59,821 WARN 9779 [ClusterClient:Watcher] follower closed, and try to init it again
2021-03-03 14:00:20,127 INFO 10239 [egg:logger] init all loggers with options: {"dir":"/Users/tangzhicheng/Desktop/egg-music-community/logs/music-community","encoding":"utf8","env":"local","level":"INFO","consoleLevel":"INFO","disableConsoleAfterReady":false,"outputJSON":false,"buffer":true,"appLogName":"music-community-web.log","coreLogName":"egg-web.log","agentLogName":"egg-agent.log","errorLogName":"common-error.log","coreLogger":{"consoleLevel":"WARN"},"allowDebugAtProd":false,"type":"application"}
2021-03-03 14:00:20,149 INFO 10239 [egg-multipart] stream mode enable
2021-03-03 14:00:20,258 INFO 10239 [egg-static] starting static serve /public/ -> /Users/tangzhicheng/Desktop/egg-music-community/app/public
2021-03-03 14:00:20,260 INFO 10239 [egg-security] use csrf middleware
2021-03-03 14:00:20,261 INFO 10239 [egg-security] use methodnoallow middleware
2021-03-03 14:00:20,262 INFO 10239 [egg-security] use noopen middleware
2021-03-03 14:00:20,263 INFO 10239 [egg-security] use nosniff middleware
2021-03-03 14:00:20,264 INFO 10239 [egg-security] use xssProtection middleware
2021-03-03 14:00:20,265 INFO 10239 [egg-security] use xframe middleware
2021-03-03 14:00:20,266 INFO 10239 [egg-security] use dta middleware
2021-03-03 14:00:20,266 INFO 10239 [egg-security] compose 7 middlewares into one security middleware
2021-03-03 14:00:20,323 INFO 10239 [egg:core] dump config after load, 3ms
2021-03-03 14:00:20,332 INFO 10239 [egg-watcher:application] watcher start success
2021-03-03 14:00:20,338 INFO 10239 [egg:core] dump config after ready, 4ms
2021-03-03 14:01:29,193 INFO 10255 [egg:logger] init all loggers with options: {"dir":"/Users/tangzhicheng/Desktop/egg-music-community/logs/music-community","encoding":"utf8","env":"local","level":"INFO","consoleLevel":"INFO","disableConsoleAfterReady":false,"outputJSON":false,"buffer":true,"appLogName":"music-community-web.log","coreLogName":"egg-web.log","agentLogName":"egg-agent.log","errorLogName":"common-error.log","coreLogger":{"consoleLevel":"WARN"},"allowDebugAtProd":false,"type":"application"}
2021-03-03 14:01:29,214 INFO 10255 [egg-multipart] stream mode enable
2021-03-03 14:01:29,266 INFO 10255 [egg-static] starting static serve /public/ -> /Users/tangzhicheng/Desktop/egg-music-community/app/public
2021-03-03 14:01:29,268 INFO 10255 [egg-security] use csrf middleware
2021-03-03 14:01:29,268 INFO 10255 [egg-security] use methodnoallow middleware
2021-03-03 14:01:29,269 INFO 10255 [egg-security] use noopen middleware
2021-03-03 14:01:29,269 INFO 10255 [egg-security] use nosniff middleware
2021-03-03 14:01:29,270 INFO 10255 [egg-security] use xssProtection middleware
2021-03-03 14:01:29,270 INFO 10255 [egg-security] use xframe middleware
2021-03-03 14:01:29,270 INFO 10255 [egg-security] use dta middleware
2021-03-03 14:01:29,270 INFO 10255 [egg-security] compose 7 middlewares into one security middleware
2021-03-03 14:01:29,278 INFO 10255 [egg:core] dump config after load, 3ms
2021-03-03 14:01:29,287 INFO 10255 [egg-watcher:application] watcher start success
2021-03-03 14:01:29,298 INFO 10255 [egg:core] dump config after ready, 9ms
2021-03-05 11:33:04,466 INFO 19950 [egg:logger] init all loggers with options: {"dir":"/Users/tangzhicheng/Desktop/egg-music-community/logs/music-community","encoding":"utf8","env":"local","level":"INFO","consoleLevel":"INFO","disableConsoleAfterReady":false,"outputJSON":false,"buffer":true,"appLogName":"music-community-web.log","coreLogName":"egg-web.log","agentLogName":"egg-agent.log","errorLogName":"common-error.log","coreLogger":{"consoleLevel":"WARN"},"allowDebugAtProd":false,"type":"application"}
2021-03-05 11:33:04,489 INFO 19950 [egg-multipart] stream mode enable
2021-03-05 11:33:04,835 INFO 19950 [egg-static] starting static serve /public/ -> /Users/tangzhicheng/Desktop/egg-music-community/app/public
2021-03-05 11:33:04,839 INFO 19950 [egg-security] use csrf middleware
2021-03-05 11:33:04,840 INFO 19950 [egg-security] use methodnoallow middleware
2021-03-05 11:33:04,841 INFO 19950 [egg-security] use noopen middleware
2021-03-05 11:33:04,843 INFO 19950 [egg-security] use nosniff middleware
2021-03-05 11:33:04,844 INFO 19950 [egg-security] use xssProtection middleware
2021-03-05 11:33:04,845 INFO 19950 [egg-security] use xframe middleware
2021-03-05 11:33:04,846 INFO 19950 [egg-security] use dta middleware
2021-03-05 11:33:04,846 INFO 19950 [egg-security] compose 7 middlewares into one security middleware
2021-03-05 11:33:04,919 INFO 19950 [egg:core] dump config after load, 5ms
2021-03-05 11:33:04,962 INFO 19950 [egg-watcher:application] watcher start success
2021-03-05 11:33:04,982 INFO 19950 [egg:core] dump config after ready, 5ms
2021-03-05 11:33:30,091 INFO 19963 [egg:logger] init all loggers with options: {"dir":"/Users/tangzhicheng/Desktop/egg-music-community/logs/music-community","encoding":"utf8","env":"local","level":"INFO","consoleLevel":"INFO","disableConsoleAfterReady":false,"outputJSON":false,"buffer":true,"appLogName":"music-community-web.log","coreLogName":"egg-web.log","agentLogName":"egg-agent.log","errorLogName":"common-error.log","coreLogger":{"consoleLevel":"WARN"},"allowDebugAtProd":false,"type":"application"}
2021-03-05 11:33:30,118 INFO 19963 [egg-multipart] stream mode enable
2021-03-05 11:33:30,536 INFO 19963 [egg-static] starting static serve /public/ -> /Users/tangzhicheng/Desktop/egg-music-community/app/public
2021-03-05 11:33:30,538 INFO 19963 [egg-security] use csrf middleware
2021-03-05 11:33:30,539 INFO 19963 [egg-security] use methodnoallow middleware
2021-03-05 11:33:30,539 INFO 19963 [egg-security] use noopen middleware
2021-03-05 11:33:30,540 INFO 19963 [egg-security] use nosniff middleware
2021-03-05 11:33:30,540 INFO 19963 [egg-security] use xssProtection middleware
2021-03-05 11:33:30,541 INFO 19963 [egg-security] use xframe middleware
2021-03-05 11:33:30,542 INFO 19963 [egg-security] use dta middleware
2021-03-05 11:33:30,542 INFO 19963 [egg-security] compose 7 middlewares into one security middleware
2021-03-05 11:33:30,584 INFO 19963 [egg:core] dump config after load, 3ms
2021-03-05 11:33:30,631 INFO 19963 [egg-watcher:application] watcher start success
2021-03-05 11:33:30,649 INFO 19963 [egg:core] dump config after ready, 5ms
2021-03-05 11:33:32,454 INFO 19971 [egg:logger] init all loggers with options: {"dir":"/Users/tangzhicheng/Desktop/egg-music-community/logs/music-community","encoding":"utf8","env":"local","level":"INFO","consoleLevel":"INFO","disableConsoleAfterReady":false,"outputJSON":false,"buffer":true,"appLogName":"music-community-web.log","coreLogName":"egg-web.log","agentLogName":"egg-agent.log","errorLogName":"common-error.log","coreLogger":{"consoleLevel":"WARN"},"allowDebugAtProd":false,"type":"application"}
2021-03-05 11:33:32,477 INFO 19971 [egg-multipart] stream mode enable
2021-03-05 11:33:34,010 INFO 19971 [egg-static] starting static serve /public/ -> /Users/tangzhicheng/Desktop/egg-music-community/app/public
2021-03-05 11:33:34,012 INFO 19971 [egg-security] use csrf middleware
2021-03-05 11:33:34,013 INFO 19971 [egg-security] use methodnoallow middleware
2021-03-05 11:33:34,013 INFO 19971 [egg-security] use noopen middleware
2021-03-05 11:33:34,013 INFO 19971 [egg-security] use nosniff middleware
2021-03-05 11:33:34,014 INFO 19971 [egg-security] use xssProtection middleware
2021-03-05 11:33:34,014 INFO 19971 [egg-security] use xframe middleware
2021-03-05 11:33:34,014 INFO 19971 [egg-security] use dta middleware
2021-03-05 11:33:34,014 INFO 19971 [egg-security] compose 7 middlewares into one security middleware
2021-03-05 11:33:34,022 INFO 19971 [egg:core] dump config after load, 4ms
2021-03-05 11:33:34,067 INFO 19971 [egg-watcher:application] watcher start success
2021-03-05 11:33:34,087 INFO 19971 [egg:core] dump config after ready, 5ms
2021-03-05 11:33:34,797 INFO 19972 [egg:logger] init all loggers with options: {"dir":"/Users/tangzhicheng/Desktop/egg-music-community/logs/music-community","encoding":"utf8","env":"local","level":"INFO","consoleLevel":"INFO","disableConsoleAfterReady":false,"outputJSON":false,"buffer":true,"appLogName":"music-community-web.log","coreLogName":"egg-web.log","agentLogName":"egg-agent.log","errorLogName":"common-error.log","coreLogger":{"consoleLevel":"WARN"},"allowDebugAtProd":false,"type":"application"}
2021-03-05 11:33:34,818 INFO 19972 [egg-multipart] stream mode enable
2021-03-05 11:33:35,057 INFO 19972 [egg-static] starting static serve /public/ -> /Users/tangzhicheng/Desktop/egg-music-community/app/public
2021-03-05 11:33:35,059 INFO 19972 [egg-security] use csrf middleware
2021-03-05 11:33:35,060 INFO 19972 [egg-security] use methodnoallow middleware
2021-03-05 11:33:35,060 INFO 19972 [egg-security] use noopen middleware
2021-03-05 11:33:35,060 INFO 19972 [egg-security] use nosniff middleware
2021-03-05 11:33:35,061 INFO 19972 [egg-security] use xssProtection middleware
2021-03-05 11:33:35,061 INFO 19972 [egg-security] use xframe middleware
2021-03-05 11:33:35,061 INFO 19972 [egg-security] use dta middleware
2021-03-05 11:33:35,061 INFO 19972 [egg-security] compose 7 middlewares into one security middleware
2021-03-05 11:33:35,069 INFO 19972 [egg:core] dump config after load, 3ms
2021-03-05 11:33:35,110 INFO 19972 [egg-watcher:application] watcher start success
2021-03-05 11:33:35,126 INFO 19972 [egg:core] dump config after ready, 4ms
2021-03-05 11:34:10,598 INFO 19983 [egg:logger] init all loggers with options: {"dir":"/Users/tangzhicheng/Desktop/egg-music-community/logs/music-community","encoding":"utf8","env":"local","level":"INFO","consoleLevel":"INFO","disableConsoleAfterReady":false,"outputJSON":false,"buffer":true,"appLogName":"music-community-web.log","coreLogName":"egg-web.log","agentLogName":"egg-agent.log","errorLogName":"common-error.log","coreLogger":{"consoleLevel":"WARN"},"allowDebugAtProd":false,"type":"application"}
2021-03-05 11:34:10,624 INFO 19983 [egg-multipart] stream mode enable
2021-03-05 11:34:10,907 INFO 19983 [egg-static] starting static serve /public/ -> /Users/tangzhicheng/Desktop/egg-music-community/app/public
2021-03-05 11:34:10,908 INFO 19983 [egg-security] use csrf middleware
2021-03-05 11:34:10,909 INFO 19983 [egg-security] use methodnoallow middleware
2021-03-05 11:34:10,909 INFO 19983 [egg-security] use noopen middleware
2021-03-05 11:34:10,909 INFO 19983 [egg-security] use nosniff middleware
2021-03-05 11:34:10,910 INFO 19983 [egg-security] use xssProtection middleware
2021-03-05 11:34:10,910 INFO 19983 [egg-security] use xframe middleware
2021-03-05 11:34:10,910 INFO 19983 [egg-security] use dta middleware
2021-03-05 11:34:10,910 INFO 19983 [egg-security] compose 7 middlewares into one security middleware
2021-03-05 11:34:10,954 INFO 19983 [egg:core] dump config after load, 4ms
2021-03-05 11:34:10,999 INFO 19983 [egg-watcher:application] watcher start success
2021-03-05 11:34:11,020 INFO 19983 [egg:core] dump config after ready, 6ms
2021-03-05 11:34:11,882 INFO 19984 [egg:logger] init all loggers with options: {"dir":"/Users/tangzhicheng/Desktop/egg-music-community/logs/music-community","encoding":"utf8","env":"local","level":"INFO","consoleLevel":"INFO","disableConsoleAfterReady":false,"outputJSON":false,"buffer":true,"appLogName":"music-community-web.log","coreLogName":"egg-web.log","agentLogName":"egg-agent.log","errorLogName":"common-error.log","coreLogger":{"consoleLevel":"WARN"},"allowDebugAtProd":false,"type":"application"}
2021-03-05 11:34:11,904 INFO 19984 [egg-multipart] stream mode enable
2021-03-05 11:34:12,139 INFO 19984 [egg-static] starting static serve /public/ -> /Users/tangzhicheng/Desktop/egg-music-community/app/public
2021-03-05 11:34:12,141 INFO 19984 [egg-security] use csrf middleware
2021-03-05 11:34:12,141 INFO 19984 [egg-security] use methodnoallow middleware
2021-03-05 11:34:12,142 INFO 19984 [egg-security] use noopen middleware
2021-03-05 11:34:12,142 INFO 19984 [egg-security] use nosniff middleware
2021-03-05 11:34:12,142 INFO 19984 [egg-security] use xssProtection middleware
2021-03-05 11:34:12,143 INFO 19984 [egg-security] use xframe middleware
2021-03-05 11:34:12,143 INFO 19984 [egg-security] use dta middleware
2021-03-05 11:34:12,143 INFO 19984 [egg-security] compose 7 middlewares into one security middleware
2021-03-05 11:34:12,151 INFO 19984 [egg:core] dump config after load, 4ms
2021-03-05 11:34:12,191 INFO 19984 [egg-watcher:application] watcher start success
2021-03-05 11:34:12,207 INFO 19984 [egg:core] dump config after ready, 4ms
2021-03-05 11:34:15,245 INFO 19988 [egg:logger] init all loggers with options: {"dir":"/Users/tangzhicheng/Desktop/egg-music-community/logs/music-community","encoding":"utf8","env":"local","level":"INFO","consoleLevel":"INFO","disableConsoleAfterReady":false,"outputJSON":false,"buffer":true,"appLogName":"music-community-web.log","coreLogName":"egg-web.log","agentLogName":"egg-agent.log","errorLogName":"common-error.log","coreLogger":{"consoleLevel":"WARN"},"allowDebugAtProd":false,"type":"application"}
2021-03-05 11:34:15,267 INFO 19988 [egg-multipart] stream mode enable
2021-03-05 11:34:16,801 INFO 19988 [egg-static] starting static serve /public/ -> /Users/tangzhicheng/Desktop/egg-music-community/app/public
2021-03-05 11:34:16,803 INFO 19988 [egg-security] use csrf middleware
2021-03-05 11:34:16,804 INFO 19988 [egg-security] use methodnoallow middleware
2021-03-05 11:34:16,804 INFO 19988 [egg-security] use noopen middleware
2021-03-05 11:34:16,805 INFO 19988 [egg-security] use nosniff middleware
2021-03-05 11:34:16,805 INFO 19988 [egg-security] use xssProtection middleware
2021-03-05 11:34:16,805 INFO 19988 [egg-security] use xframe middleware
2021-03-05 11:34:16,805 INFO 19988 [egg-security] use dta middleware
2021-03-05 11:34:16,805 INFO 19988 [egg-security] compose 7 middlewares into one security middleware
2021-03-05 11:34:16,813 INFO 19988 [egg:core] dump config after load, 4ms
2021-03-05 11:34:16,857 INFO 19988 [egg-watcher:application] watcher start success
2021-03-05 11:34:16,875 INFO 19988 [egg:core] dump config after ready, 5ms
2021-03-05 11:34:35,164 INFO 20000 [egg:logger] init all loggers with options: {"dir":"/Users/tangzhicheng/Desktop/egg-music-community/logs/music-community","encoding":"utf8","env":"local","level":"INFO","consoleLevel":"INFO","disableConsoleAfterReady":false,"outputJSON":false,"buffer":true,"appLogName":"music-community-web.log","coreLogName":"egg-web.log","agentLogName":"egg-agent.log","errorLogName":"common-error.log","coreLogger":{"consoleLevel":"WARN"},"allowDebugAtProd":false,"type":"application"}
2021-03-05 11:34:35,191 INFO 20000 [egg-multipart] stream mode enable
2021-03-05 11:34:35,435 INFO 20000 [egg-static] starting static serve /public/ -> /Users/tangzhicheng/Desktop/egg-music-community/app/public
2021-03-05 11:34:35,436 INFO 20000 [egg-security] use csrf middleware
2021-03-05 11:34:35,437 INFO 20000 [egg-security] use methodnoallow middleware
2021-03-05 11:34:35,437 INFO 20000 [egg-security] use noopen middleware
2021-03-05 11:34:35,438 INFO 20000 [egg-security] use nosniff middleware
2021-03-05 11:34:35,438 INFO 20000 [egg-security] use xssProtection middleware
2021-03-05 11:34:35,438 INFO 20000 [egg-security] use xframe middleware
2021-03-05 11:34:35,439 INFO 20000 [egg-security] use dta middleware
2021-03-05 11:34:35,439 INFO 20000 [egg-security] compose 7 middlewares into one security middleware
2021-03-05 11:34:35,447 INFO 20000 [egg:core] dump config after load, 4ms
2021-03-05 11:34:35,490 INFO 20000 [egg-watcher:application] watcher start success
2021-03-05 11:34:35,507 INFO 20000 [egg:core] dump config after ready, 5ms
2021-03-05 11:35:10,786 INFO 20020 [egg:logger] init all loggers with options: {"dir":"/Users/tangzhicheng/Desktop/egg-music-community/logs/music-community","encoding":"utf8","env":"local","level":"INFO","consoleLevel":"INFO","disableConsoleAfterReady":false,"outputJSON":false,"buffer":true,"appLogName":"music-community-web.log","coreLogName":"egg-web.log","agentLogName":"egg-agent.log","errorLogName":"common-error.log","coreLogger":{"consoleLevel":"WARN"},"allowDebugAtProd":false,"type":"application"}
2021-03-05 11:35:10,809 INFO 20020 [egg-multipart] stream mode enable
2021-03-05 11:35:11,028 INFO 20020 [egg-static] starting static serve /public/ -> /Users/tangzhicheng/Desktop/egg-music-community/app/public
2021-03-05 11:35:11,029 INFO 20020 [egg-security] use csrf middleware
2021-03-05 11:35:11,030 INFO 20020 [egg-security] use methodnoallow middleware
2021-03-05 11:35:11,030 INFO 20020 [egg-security] use noopen middleware
2021-03-05 11:35:11,031 INFO 20020 [egg-security] use nosniff middleware
2021-03-05 11:35:11,031 INFO 20020 [egg-security] use xssProtection middleware
2021-03-05 11:35:11,031 INFO 20020 [egg-security] use xframe middleware
2021-03-05 11:35:11,031 INFO 20020 [egg-security] use dta middleware
2021-03-05 11:35:11,031 INFO 20020 [egg-security] compose 7 middlewares into one security middleware
2021-03-05 11:35:12,343 INFO 20020 [egg:core] dump config after load, 3ms
2021-03-05 11:35:12,389 INFO 20020 [egg-watcher:application] watcher start success
2021-03-05 11:35:12,406 INFO 20020 [egg:core] dump config after ready, 4ms
2021-03-05 11:35:29,146 INFO 20025 [egg:logger] init all loggers with options: {"dir":"/Users/tangzhicheng/Desktop/egg-music-community/logs/music-community","encoding":"utf8","env":"local","level":"INFO","consoleLevel":"INFO","disableConsoleAfterReady":false,"outputJSON":false,"buffer":true,"appLogName":"music-community-web.log","coreLogName":"egg-web.log","agentLogName":"egg-agent.log","errorLogName":"common-error.log","coreLogger":{"consoleLevel":"WARN"},"allowDebugAtProd":false,"type":"application"}
2021-03-05 11:35:29,185 INFO 20025 [egg-multipart] stream mode enable
2021-03-05 11:35:29,679 INFO 20025 [egg-static] starting static serve /public/ -> /Users/tangzhicheng/Desktop/egg-music-community/app/public
2021-03-05 11:35:29,682 INFO 20025 [egg-security] use csrf middleware
2021-03-05 11:35:29,684 INFO 20025 [egg-security] use methodnoallow middleware
2021-03-05 11:35:29,685 INFO 20025 [egg-security] use noopen middleware
2021-03-05 11:35:29,687 INFO 20025 [egg-security] use nosniff middleware
2021-03-05 11:35:29,689 INFO 20025 [egg-security] use xssProtection middleware
2021-03-05 11:35:29,690 INFO 20025 [egg-security] use xframe middleware
2021-03-05 11:35:29,692 INFO 20025 [egg-security] use dta middleware
2021-03-05 11:35:29,692 INFO 20025 [egg-security] compose 7 middlewares into one security middleware
2021-03-05 11:35:31,101 INFO 20025 [egg:core] dump config after load, 3ms
2021-03-05 11:35:31,146 INFO 20025 [egg-watcher:application] watcher start success
2021-03-05 11:35:31,185 INFO 20025 [egg:core] dump config after ready, 7ms
2021-03-05 11:41:03,045 INFO 20166 [egg:logger] init all loggers with options: {"dir":"/Users/tangzhicheng/Desktop/egg-music-community/logs/music-community","encoding":"utf8","env":"local","level":"INFO","consoleLevel":"INFO","disableConsoleAfterReady":false,"outputJSON":false,"buffer":true,"appLogName":"music-community-web.log","coreLogName":"egg-web.log","agentLogName":"egg-agent.log","errorLogName":"common-error.log","coreLogger":{"consoleLevel":"WARN"},"allowDebugAtProd":false,"type":"application"}
2021-03-05 11:41:03,072 INFO 20166 [egg-multipart] stream mode enable
2021-03-05 11:41:03,553 INFO 20166 [egg-static] starting static serve /public/ -> /Users/tangzhicheng/Desktop/egg-music-community/app/public
2021-03-05 11:41:03,556 INFO 20166 [egg-security] use csrf middleware
2021-03-05 11:41:03,558 INFO 20166 [egg-security] use methodnoallow middleware
2021-03-05 11:41:03,559 INFO 20166 [egg-security] use noopen middleware
2021-03-05 11:41:03,560 INFO 20166 [egg-security] use nosniff middleware
2021-03-05 11:41:03,561 INFO 20166 [egg-security] use xssProtection middleware
2021-03-05 11:41:03,563 INFO 20166 [egg-security] use xframe middleware
2021-03-05 11:41:03,564 INFO 20166 [egg-security] use dta middleware
2021-03-05 11:41:03,564 INFO 20166 [egg-security] compose 7 middlewares into one security middleware
2021-03-05 11:41:05,344 INFO 20166 [egg:core] dump config after load, 3ms
2021-03-05 11:41:05,390 INFO 20166 [egg-watcher:application] watcher start success
2021-03-05 11:41:05,409 INFO 20166 [egg:core] dump config after ready, 5ms
2021-03-05 11:50:45,565 INFO 20265 [egg:logger] init all loggers with options: {"dir":"/Users/tangzhicheng/Desktop/egg-music-community/logs/music-community","encoding":"utf8","env":"local","level":"INFO","consoleLevel":"INFO","disableConsoleAfterReady":false,"outputJSON":false,"buffer":true,"appLogName":"music-community-web.log","coreLogName":"egg-web.log","agentLogName":"egg-agent.log","errorLogName":"common-error.log","coreLogger":{"consoleLevel":"WARN"},"allowDebugAtProd":false,"type":"application"}
2021-03-05 11:50:45,596 INFO 20265 [egg-multipart] stream mode enable
2021-03-05 11:50:45,961 INFO 20265 [egg-static] starting static serve /public/ -> /Users/tangzhicheng/Desktop/egg-music-community/app/public
2021-03-05 11:50:45,972 INFO 20265 [egg:core] dump config after load, 4ms
2021-03-05 11:50:46,022 INFO 20265 [egg-watcher:application] watcher start success
2021-03-05 11:50:46,064 INFO 20265 [egg:core] dump config after ready, 14ms
2021-03-05 12:01:14,681 INFO 20345 [egg:logger] init all loggers with options: {"dir":"/Users/tangzhicheng/Desktop/egg-music-community/logs/music-community","encoding":"utf8","env":"local","level":"INFO","consoleLevel":"INFO","disableConsoleAfterReady":false,"outputJSON":false,"buffer":true,"appLogName":"music-community-web.log","coreLogName":"egg-web.log","agentLogName":"egg-agent.log","errorLogName":"common-error.log","coreLogger":{"consoleLevel":"WARN"},"allowDebugAtProd":false,"type":"application"}
2021-03-05 12:01:14,709 INFO 20345 [egg-multipart] stream mode enable
2021-03-05 12:01:15,081 INFO 20345 [egg-static] starting static serve /public/ -> /Users/tangzhicheng/Desktop/egg-music-community/app/public
2021-03-05 12:01:15,096 INFO 20345 [egg:core] dump config after load, 7ms
2021-03-05 12:01:15,141 INFO 20345 [egg-watcher:application] watcher start success
2021-03-05 12:01:15,160 INFO 20345 [egg:core] dump config after ready, 5ms
2021-03-05 13:51:03,546 INFO 20414 [egg:logger] init all loggers with options: {"dir":"/Users/tangzhicheng/Desktop/egg-music-community/logs/music-community","encoding":"utf8","env":"local","level":"INFO","consoleLevel":"INFO","disableConsoleAfterReady":false,"outputJSON":false,"buffer":true,"appLogName":"music-community-web.log","coreLogName":"egg-web.log","agentLogName":"egg-agent.log","errorLogName":"common-error.log","coreLogger":{"consoleLevel":"WARN"},"allowDebugAtProd":false,"type":"application"}
2021-03-05 13:51:03,579 INFO 20414 [egg-multipart] stream mode enable
2021-03-05 13:51:04,103 INFO 20414 [egg-static] starting static serve /public/ -> /Users/tangzhicheng/Desktop/egg-music-community/app/public
2021-03-05 13:51:05,875 INFO 20414 [egg:core] dump config after load, 3ms
2021-03-05 13:51:05,905 INFO 20414 [egg-watcher:application] watcher start success
2021-03-05 13:51:05,936 INFO 20414 [egg:core] dump config after ready, 4ms
2021-03-05 14:08:01,913 WARN 20414 [ClusterClient:Watcher] follower closed, and try to init it again
2021-03-05 14:09:19,629 INFO 20545 [egg:logger] init all loggers with options: {"dir":"/Users/tangzhicheng/Desktop/egg-music-community/logs/music-community","encoding":"utf8","env":"local","level":"INFO","consoleLevel":"INFO","disableConsoleAfterReady":false,"outputJSON":false,"buffer":true,"appLogName":"music-community-web.log","coreLogName":"egg-web.log","agentLogName":"egg-agent.log","errorLogName":"common-error.log","coreLogger":{"consoleLevel":"WARN"},"allowDebugAtProd":false,"type":"application"}
2021-03-05 14:09:19,659 INFO 20545 [egg-multipart] stream mode enable
2021-03-05 14:09:20,045 INFO 20545 [egg-static] starting static serve /public/ -> /Users/tangzhicheng/Desktop/egg-music-community/app/public
2021-03-05 14:09:20,058 INFO 20545 [egg:core] dump config after load, 4ms
2021-03-05 14:09:20,100 INFO 20545 [egg-watcher:application] watcher start success
2021-03-05 14:09:20,122 INFO 20545 [egg:core] dump config after ready, 4ms
2021-03-05 14:13:50,612 INFO 20582 [egg:logger] init all loggers with options: {"dir":"/Users/tangzhicheng/Desktop/egg-music-community/logs/music-community","encoding":"utf8","env":"local","level":"INFO","consoleLevel":"INFO","disableConsoleAfterReady":false,"outputJSON":false,"buffer":true,"appLogName":"music-community-web.log","coreLogName":"egg-web.log","agentLogName":"egg-agent.log","errorLogName":"common-error.log","coreLogger":{"consoleLevel":"WARN"},"allowDebugAtProd":false,"type":"application"}
2021-03-05 14:13:50,636 INFO 20582 [egg-multipart] stream mode enable
2021-03-05 14:13:50,914 INFO 20582 [egg-static] starting static serve /public/ -> /Users/tangzhicheng/Desktop/egg-music-community/app/public
2021-03-05 14:13:50,926 INFO 20582 [egg:core] dump config after load, 4ms
2021-03-05 14:13:50,965 INFO 20582 [egg-watcher:application] watcher start success
2021-03-05 14:13:50,981 INFO 20582 [egg:core] dump config after ready, 4ms
2021-03-05 14:14:38,992 INFO 20604 [egg:logger] init all loggers with options: {"dir":"/Users/tangzhicheng/Desktop/egg-music-community/logs/music-community","encoding":"utf8","env":"local","level":"INFO","consoleLevel":"INFO","disableConsoleAfterReady":false,"outputJSON":false,"buffer":true,"appLogName":"music-community-web.log","coreLogName":"egg-web.log","agentLogName":"egg-agent.log","errorLogName":"common-error.log","coreLogger":{"consoleLevel":"WARN"},"allowDebugAtProd":false,"type":"application"}
2021-03-05 14:14:39,015 INFO 20604 [egg-multipart] stream mode enable
2021-03-05 14:14:39,315 INFO 20604 [egg-static] starting static serve /public/ -> /Users/tangzhicheng/Desktop/egg-music-community/app/public
2021-03-05 14:14:39,327 INFO 20604 [egg:core] dump config after load, 4ms
2021-03-05 14:14:39,363 INFO 20604 [egg-watcher:application] watcher start success
2021-03-05 14:14:39,382 INFO 20604 [egg:core] dump config after ready, 4ms
2021-03-05 14:15:12,531 INFO 20610 [egg:logger] init all loggers with options: {"dir":"/Users/tangzhicheng/Desktop/egg-music-community/logs/music-community","encoding":"utf8","env":"local","level":"INFO","consoleLevel":"INFO","disableConsoleAfterReady":false,"outputJSON":false,"buffer":true,"appLogName":"music-community-web.log","coreLogName":"egg-web.log","agentLogName":"egg-agent.log","errorLogName":"common-error.log","coreLogger":{"consoleLevel":"WARN"},"allowDebugAtProd":false,"type":"application"}
2021-03-05 14:15:12,554 INFO 20610 [egg-multipart] stream mode enable
2021-03-05 14:15:14,101 INFO 20610 [egg-static] starting static serve /public/ -> /Users/tangzhicheng/Desktop/egg-music-community/app/public
2021-03-05 14:15:14,111 INFO 20610 [egg:core] dump config after load, 3ms
2021-03-05 14:15:14,149 INFO 20610 [egg-watcher:application] watcher start success
2021-03-05 14:15:14,174 INFO 20610 [egg:core] dump config after ready, 14ms
2021-03-05 14:15:53,716 INFO 20622 [egg:logger] init all loggers with options: {"dir":"/Users/tangzhicheng/Desktop/egg-music-community/logs/music-community","encoding":"utf8","env":"local","level":"INFO","consoleLevel":"INFO","disableConsoleAfterReady":false,"outputJSON":false,"buffer":true,"appLogName":"music-community-web.log","coreLogName":"egg-web.log","agentLogName":"egg-agent.log","errorLogName":"common-error.log","coreLogger":{"consoleLevel":"WARN"},"allowDebugAtProd":false,"type":"application"}
2021-03-05 14:15:53,740 INFO 20622 [egg-multipart] stream mode enable
2021-03-05 14:15:55,352 INFO 20622 [egg-static] starting static serve /public/ -> /Users/tangzhicheng/Desktop/egg-music-community/app/public
2021-03-05 14:15:55,362 INFO 20622 [egg:core] dump config after load, 4ms
2021-03-05 14:15:55,406 INFO 20622 [egg-watcher:application] watcher start success
2021-03-05 14:15:55,429 INFO 20622 [egg:core] dump config after ready, 11ms
2021-03-05 14:16:06,812 INFO 20629 [egg:logger] init all loggers with options: {"dir":"/Users/tangzhicheng/Desktop/egg-music-community/logs/music-community","encoding":"utf8","env":"local","level":"INFO","consoleLevel":"INFO","disableConsoleAfterReady":false,"outputJSON":false,"buffer":true,"appLogName":"music-community-web.log","coreLogName":"egg-web.log","agentLogName":"egg-agent.log","errorLogName":"common-error.log","coreLogger":{"consoleLevel":"WARN"},"allowDebugAtProd":false,"type":"application"}
2021-03-05 14:16:06,836 INFO 20629 [egg-multipart] stream mode enable
2021-03-05 14:16:07,196 INFO 20629 [egg-static] starting static serve /public/ -> /Users/tangzhicheng/Desktop/egg-music-community/app/public
2021-03-05 14:16:07,207 INFO 20629 [egg:core] dump config after load, 4ms
2021-03-05 14:16:07,252 INFO 20629 [egg-watcher:application] watcher start success
2021-03-05 14:16:07,271 INFO 20629 [egg:core] dump config after ready, 5ms
2021-03-05 14:16:24,542 INFO 20642 [egg:logger] init all loggers with options: {"dir":"/Users/tangzhicheng/Desktop/egg-music-community/logs/music-community","encoding":"utf8","env":"local","level":"INFO","consoleLevel":"INFO","disableConsoleAfterReady":false,"outputJSON":false,"buffer":true,"appLogName":"music-community-web.log","coreLogName":"egg-web.log","agentLogName":"egg-agent.log","errorLogName":"common-error.log","coreLogger":{"consoleLevel":"WARN"},"allowDebugAtProd":false,"type":"application"}
2021-03-05 14:16:24,565 INFO 20642 [egg-multipart] stream mode enable
2021-03-05 14:16:24,799 INFO 20642 [egg-static] starting static serve /public/ -> /Users/tangzhicheng/Desktop/egg-music-community/app/public
2021-03-05 14:16:24,808 INFO 20642 [egg:core] dump config after load, 3ms
2021-03-05 14:16:24,845 INFO 20642 [egg-watcher:application] watcher start success
2021-03-05 14:16:24,860 INFO 20642 [egg:core] dump config after ready, 3ms
2021-03-05 14:18:16,690 INFO 20898 [egg:logger] init all loggers with options: {"dir":"/Users/tangzhicheng/Desktop/egg-music-community/logs/music-community","encoding":"utf8","env":"local","level":"INFO","consoleLevel":"INFO","disableConsoleAfterReady":false,"outputJSON":false,"buffer":true,"appLogName":"music-community-web.log","coreLogName":"egg-web.log","agentLogName":"egg-agent.log","errorLogName":"common-error.log","coreLogger":{"consoleLevel":"WARN"},"allowDebugAtProd":false,"type":"application"}
2021-03-05 14:18:16,721 INFO 20898 [egg-multipart] stream mode enable
2021-03-05 14:18:17,146 INFO 20898 [egg-static] starting static serve /public/ -> /Users/tangzhicheng/Desktop/egg-music-community/app/public
2021-03-05 14:18:17,157 INFO 20898 [egg:core] dump config after load, 4ms
2021-03-05 14:18:17,195 INFO 20898 [egg-watcher:application] watcher start success
2021-03-05 14:18:17,215 INFO 20898 [egg:core] dump config after ready, 4ms
2021-03-05 18:19:35,255 WARN 20898 [ClusterClient:Watcher] follower closed, and try to init it again
2021-03-05 18:49:36,209 WARN 20898 [ClusterClient:Watcher] follower closed, and try to init it again
2021-03-05 19:19:39,183 WARN 20898 [TCPBase] socket is closed by other side while there were still unhandled data in the socket buffer
2021-03-05 19:19:39,183 WARN 20898 [ClusterClient:Watcher] follower closed, and try to init it again
2021-03-05 19:34:50,609 WARN 20898 [ClusterClient:Watcher] follower closed, and try to init it again
2021-03-05 20:45:18,586 WARN 20898 [ClusterClient:Watcher] follower closed, and try to init it again
2021-03-05 21:36:12,584 WARN 20898 [TCPBase] socket is closed by other side while there were still unhandled data in the socket buffer
2021-03-05 21:36:12,595 WARN 20898 [ClusterClient:Watcher] follower closed, and try to init it again
2021-03-05 21:48:17,162 WARN 20898 [ClusterClient:Watcher] follower closed, and try to init it again
2021-03-05 22:10:00,439 WARN 20898 [TCPBase] socket is closed by other side while there were still unhandled data in the socket buffer
2021-03-05 22:10:00,439 WARN 20898 [ClusterClient:Watcher] follower closed, and try to init it again
2021-03-05 22:44:08,248 WARN 20898 [TCPBase] socket is closed by other side while there were still unhandled data in the socket buffer
2021-03-05 22:44:08,248 WARN 20898 [ClusterClient:Watcher] follower closed, and try to init it again
2021-03-05 23:16:27,740 WARN 20898 [TCPBase] socket is closed by other side while there were still unhandled data in the socket buffer
2021-03-05 23:16:27,752 WARN 20898 [ClusterClient:Watcher] follower closed, and try to init it again
2021-03-06 00:15:07,104 WARN 20898 [ClusterClient:Watcher] follower closed, and try to init it again
2021-03-06 00:38:46,430 WARN 20898 [ClusterClient:Watcher] follower closed, and try to init it again
2021-03-06 01:36:54,914 WARN 20898 [TCPBase] socket is closed by other side while there were still unhandled data in the socket buffer
2021-03-06 01:36:54,915 WARN 20898 [ClusterClient:Watcher] follower closed, and try to init it again
2021-03-06 05:15:50,011 WARN 20898 [ClusterClient:Watcher] follower closed, and try to init it again
2021-03-06 09:16:16,017 WARN 20898 [TCPBase] socket is closed by other side while there were still unhandled data in the socket buffer
2021-03-06 09:16:16,030 WARN 20898 [ClusterClient:Watcher] follower closed, and try to init it again
2021-03-06 09:44:43,221 WARN 20898 [ClusterClient:Watcher] follower closed, and try to init it again
2021-03-06 10:20:30,505 WARN 20898 [ClusterClient:Watcher] follower closed, and try to init it again
2021-03-18 09:29:43,293 INFO 3319 [egg:logger] init all loggers with options: {"dir":"/Users/tangzhicheng/Desktop/egg-music-community/logs/music-community","encoding":"utf8","env":"local","level":"INFO","consoleLevel":"INFO","disableConsoleAfterReady":false,"outputJSON":false,"buffer":true,"appLogName":"music-community-web.log","coreLogName":"egg-web.log","agentLogName":"egg-agent.log","errorLogName":"common-error.log","coreLogger":{"consoleLevel":"WARN"},"allowDebugAtProd":false,"type":"application"}
2021-03-18 09:29:43,315 INFO 3319 [egg-multipart] stream mode enable
2021-03-18 09:29:43,833 INFO 3319 [egg-static] starting static serve /public/ -> /Users/tangzhicheng/Desktop/egg-music-community/app/public
2021-03-18 09:29:43,885 INFO 3319 [egg:core] dump config after load, 5ms
2021-03-18 09:29:43,926 INFO 3319 [egg-watcher:application] watcher start success
2021-03-18 09:29:43,943 INFO 3319 [egg:core] dump config after ready, 4ms
2021-03-19 22:23:26,567 INFO 5000 [egg:logger] init all loggers with options: {"dir":"/Users/tangzhicheng/Desktop/egg-music-community/logs/music-community","encoding":"utf8","env":"local","level":"INFO","consoleLevel":"INFO","disableConsoleAfterReady":false,"outputJSON":false,"buffer":true,"appLogName":"music-community-web.log","coreLogName":"egg-web.log","agentLogName":"egg-agent.log","errorLogName":"common-error.log","coreLogger":{"consoleLevel":"WARN"},"allowDebugAtProd":false,"type":"application"}
2021-03-19 22:23:26,590 INFO 5000 [egg-multipart] stream mode enable
2021-03-19 22:23:26,875 INFO 5000 [egg-static] starting static serve /public/ -> /Users/tangzhicheng/Desktop/egg-music-community/app/public
2021-03-19 22:23:28,304 INFO 5000 [egg:core] dump config after load, 4ms
2021-03-19 22:23:28,345 INFO 5000 [egg-watcher:application] watcher start success
2021-03-19 22:23:28,363 INFO 5000 [egg:core] dump config after ready, 4ms
2021-03-19 22:25:57,026 INFO 5150 [egg:logger] init all loggers with options: {"dir":"/Users/tangzhicheng/Desktop/egg-music-community/logs/music-community","encoding":"utf8","env":"local","level":"INFO","consoleLevel":"INFO","disableConsoleAfterReady":false,"outputJSON":false,"buffer":true,"appLogName":"music-community-web.log","coreLogName":"egg-web.log","agentLogName":"egg-agent.log","errorLogName":"common-error.log","coreLogger":{"consoleLevel":"WARN"},"allowDebugAtProd":false,"type":"application"}
2021-03-19 22:25:57,050 INFO 5150 [egg-multipart] stream mode enable
2021-03-19 22:25:57,305 INFO 5150 [egg-static] starting static serve /public/ -> /Users/tangzhicheng/Desktop/egg-music-community/app/public
2021-03-19 22:25:58,623 INFO 5150 [egg:core] dump config after load, 3ms
2021-03-19 22:25:58,667 INFO 5150 [egg-watcher:application] watcher start success
2021-03-19 22:25:58,682 INFO 5150 [egg:core] dump config after ready, 4ms
2021-03-19 22:26:46,614 INFO 5212 [egg:logger] init all loggers with options: {"dir":"/Users/tangzhicheng/Desktop/egg-music-community/logs/music-community","encoding":"utf8","env":"local","level":"INFO","consoleLevel":"INFO","disableConsoleAfterReady":false,"outputJSON":false,"buffer":true,"appLogName":"music-community-web.log","coreLogName":"egg-web.log","agentLogName":"egg-agent.log","errorLogName":"common-error.log","coreLogger":{"consoleLevel":"WARN"},"allowDebugAtProd":false,"type":"application"}
2021-03-19 22:26:46,642 INFO 5212 [egg-multipart] stream mode enable
2021-03-19 22:26:46,986 INFO 5212 [egg-static] starting static serve /public/ -> /Users/tangzhicheng/Desktop/egg-music-community/app/public
2021-03-19 22:26:48,346 INFO 5212 [egg:core] dump config after load, 4ms
2021-03-19 22:26:48,389 INFO 5212 [egg-watcher:application] watcher start success
2021-03-19 22:26:48,405 INFO 5212 [egg:core] dump config after ready, 4ms
2021-03-19 22:27:15,085 INFO 5247 [egg:logger] init all loggers with options: {"dir":"/Users/tangzhicheng/Desktop/egg-music-community/logs/music-community","encoding":"utf8","env":"local","level":"INFO","consoleLevel":"INFO","disableConsoleAfterReady":false,"outputJSON":false,"buffer":true,"appLogName":"music-community-web.log","coreLogName":"egg-web.log","agentLogName":"egg-agent.log","errorLogName":"common-error.log","coreLogger":{"consoleLevel":"WARN"},"allowDebugAtProd":false,"type":"application"}
2021-03-19 22:27:15,111 INFO 5247 [egg-multipart] stream mode enable
2021-03-19 22:27:16,833 INFO 5247 [egg-static] starting static serve /public/ -> /Users/tangzhicheng/Desktop/egg-music-community/app/public
2021-03-19 22:27:16,842 INFO 5247 [egg:core] dump config after load, 3ms
2021-03-19 22:27:16,884 INFO 5247 [egg-watcher:application] watcher start success
2021-03-19 22:27:16,899 INFO 5247 [egg:core] dump config after ready, 3ms
2021-03-19 22:27:17,548 INFO 5256 [egg:logger] init all loggers with options: {"dir":"/Users/tangzhicheng/Desktop/egg-music-community/logs/music-community","encoding":"utf8","env":"local","level":"INFO","consoleLevel":"INFO","disableConsoleAfterReady":false,"outputJSON":false,"buffer":true,"appLogName":"music-community-web.log","coreLogName":"egg-web.log","agentLogName":"egg-agent.log","errorLogName":"common-error.log","coreLogger":{"consoleLevel":"WARN"},"allowDebugAtProd":false,"type":"application"}
2021-03-19 22:27:17,570 INFO 5256 [egg-multipart] stream mode enable
2021-03-19 22:27:19,138 INFO 5256 [egg-static] starting static serve /public/ -> /Users/tangzhicheng/Desktop/egg-music-community/app/public
2021-03-19 22:27:19,146 INFO 5256 [egg:core] dump config after load, 3ms
2021-03-19 22:27:19,186 INFO 5256 [egg-watcher:application] watcher start success
2021-03-19 22:27:19,213 INFO 5256 [egg:core] dump config after ready, 16ms
2021-03-19 22:27:20,229 INFO 5262 [egg:logger] init all loggers with options: {"dir":"/Users/tangzhicheng/Desktop/egg-music-community/logs/music-community","encoding":"utf8","env":"local","level":"INFO","consoleLevel":"INFO","disableConsoleAfterReady":false,"outputJSON":false,"buffer":true,"appLogName":"music-community-web.log","coreLogName":"egg-web.log","agentLogName":"egg-agent.log","errorLogName":"common-error.log","coreLogger":{"consoleLevel":"WARN"},"allowDebugAtProd":false,"type":"application"}
2021-03-19 22:27:20,254 INFO 5262 [egg-multipart] stream mode enable
2021-03-19 22:27:21,785 INFO 5262 [egg-static] starting static serve /public/ -> /Users/tangzhicheng/Desktop/egg-music-community/app/public
2021-03-19 22:27:21,817 INFO 5262 [egg:core] dump config after load, 6ms
2021-03-19 22:27:21,862 INFO 5262 [egg-watcher:application] watcher start success
2021-03-19 22:27:21,879 INFO 5262 [egg:core] dump config after ready, 4ms
2021-03-19 22:27:57,300 INFO 5311 [egg:logger] init all loggers with options: {"dir":"/Users/tangzhicheng/Desktop/egg-music-community/logs/music-community","encoding":"utf8","env":"local","level":"INFO","consoleLevel":"INFO","disableConsoleAfterReady":false,"outputJSON":false,"buffer":true,"appLogName":"music-community-web.log","coreLogName":"egg-web.log","agentLogName":"egg-agent.log","errorLogName":"common-error.log","coreLogger":{"consoleLevel":"WARN"},"allowDebugAtProd":false,"type":"application"}
2021-03-19 22:27:57,324 INFO 5311 [egg-multipart] stream mode enable
2021-03-19 22:27:59,368 INFO 5311 [egg-static] starting static serve /public/ -> /Users/tangzhicheng/Desktop/egg-music-community/app/public
2021-03-19 22:27:59,377 INFO 5311 [egg:core] dump config after load, 3ms
2021-03-19 22:27:59,421 INFO 5311 [egg-watcher:application] watcher start success
2021-03-19 22:27:59,438 INFO 5311 [egg:core] dump config after ready, 4ms
2021-03-19 22:30:16,179 INFO 5405 [egg:logger] init all loggers with options: {"dir":"/Users/tangzhicheng/Desktop/egg-music-community/logs/music-community","encoding":"utf8","env":"local","level":"INFO","consoleLevel":"INFO","disableConsoleAfterReady":false,"outputJSON":false,"buffer":true,"appLogName":"music-community-web.log","coreLogName":"egg-web.log","agentLogName":"egg-agent.log","errorLogName":"common-error.log","coreLogger":{"consoleLevel":"WARN"},"allowDebugAtProd":false,"type":"application"}
2021-03-19 22:30:16,204 INFO 5405 [egg-multipart] stream mode enable
2021-03-19 22:30:17,999 INFO 5405 [egg-static] starting static serve /public/ -> /Users/tangzhicheng/Desktop/egg-music-community/app/public
2021-03-19 22:30:18,014 INFO 5405 [egg:core] dump config after load, 5ms
2021-03-19 22:30:18,068 INFO 5405 [egg-watcher:application] watcher start success
2021-03-19 22:30:18,091 INFO 5405 [egg:core] dump config after ready, 4ms
2021-03-19 22:30:20,420 INFO 5407 [egg:logger] init all loggers with options: {"dir":"/Users/tangzhicheng/Desktop/egg-music-community/logs/music-community","encoding":"utf8","env":"local","level":"INFO","consoleLevel":"INFO","disableConsoleAfterReady":false,"outputJSON":false,"buffer":true,"appLogName":"music-community-web.log","coreLogName":"egg-web.log","agentLogName":"egg-agent.log","errorLogName":"common-error.log","coreLogger":{"consoleLevel":"WARN"},"allowDebugAtProd":false,"type":"application"}
2021-03-19 22:30:20,445 INFO 5407 [egg-multipart] stream mode enable
2021-03-19 22:30:22,072 INFO 5407 [egg-static] starting static serve /public/ -> /Users/tangzhicheng/Desktop/egg-music-community/app/public
2021-03-19 22:30:22,081 INFO 5407 [egg:core] dump config after load, 4ms
2021-03-19 22:30:22,120 INFO 5407 [egg-watcher:application] watcher start success
2021-03-19 22:30:22,134 INFO 5407 [egg:core] dump config after ready, 3ms
2021-03-19 22:30:22,788 INFO 5410 [egg:logger] init all loggers with options: {"dir":"/Users/tangzhicheng/Desktop/egg-music-community/logs/music-community","encoding":"utf8","env":"local","level":"INFO","consoleLevel":"INFO","disableConsoleAfterReady":false,"outputJSON":false,"buffer":true,"appLogName":"music-community-web.log","coreLogName":"egg-web.log","agentLogName":"egg-agent.log","errorLogName":"common-error.log","coreLogger":{"consoleLevel":"WARN"},"allowDebugAtProd":false,"type":"application"}
2021-03-19 22:30:22,812 INFO 5410 [egg-multipart] stream mode enable
2021-03-19 22:30:24,403 INFO 5410 [egg-static] starting static serve /public/ -> /Users/tangzhicheng/Desktop/egg-music-community/app/public
2021-03-19 22:30:24,412 INFO 5410 [egg:core] dump config after load, 3ms
2021-03-19 22:30:24,453 INFO 5410 [egg-watcher:application] watcher start success
2021-03-19 22:30:24,470 INFO 5410 [egg:core] dump config after ready, 4ms
2021-03-19 22:56:43,145 INFO 6542 [egg:logger] init all loggers with options: {"dir":"/Users/tangzhicheng/Desktop/egg-music-community/logs/music-community","encoding":"utf8","env":"local","level":"INFO","consoleLevel":"INFO","disableConsoleAfterReady":false,"outputJSON":false,"buffer":true,"appLogName":"music-community-web.log","coreLogName":"egg-web.log","agentLogName":"egg-agent.log","errorLogName":"common-error.log","coreLogger":{"consoleLevel":"WARN"},"allowDebugAtProd":false,"type":"application"}
2021-03-19 22:56:43,167 INFO 6542 [egg-multipart] stream mode enable
2021-03-19 22:56:43,517 INFO 6542 [egg-static] starting static serve /public/ -> /Users/tangzhicheng/Desktop/egg-music-community/app/public
2021-03-19 22:56:43,561 INFO 6542 [egg:core] dump config after load, 3ms
2021-03-19 22:56:43,602 INFO 6542 [egg-watcher:application] watcher start success
2021-03-19 22:56:43,621 INFO 6542 [egg:core] dump config after ready, 5ms
2021-03-19 22:57:23,937 INFO 6579 [egg:logger] init all loggers with options: {"dir":"/Users/tangzhicheng/Desktop/egg-music-community/logs/music-community","encoding":"utf8","env":"local","level":"INFO","consoleLevel":"INFO","disableConsoleAfterReady":false,"outputJSON":false,"buffer":true,"appLogName":"music-community-web.log","coreLogName":"egg-web.log","agentLogName":"egg-agent.log","errorLogName":"common-error.log","coreLogger":{"consoleLevel":"WARN"},"allowDebugAtProd":false,"type":"application"}
2021-03-19 22:57:23,969 INFO 6579 [egg-multipart] stream mode enable
2021-03-19 22:57:24,380 INFO 6579 [egg-static] starting static serve /public/ -> /Users/tangzhicheng/Desktop/egg-music-community/app/public
2021-03-19 22:57:24,424 INFO 6579 [egg:core] dump config after load, 4ms
2021-03-19 22:57:24,475 INFO 6579 [egg-watcher:application] watcher start success
2021-03-19 22:57:24,492 INFO 6579 [egg:core] dump config after ready, 4ms
2021-03-19 22:57:25,308 INFO 6589 [egg:logger] init all loggers with options: {"dir":"/Users/tangzhicheng/Desktop/egg-music-community/logs/music-community","encoding":"utf8","env":"local","level":"INFO","consoleLevel":"INFO","disableConsoleAfterReady":false,"outputJSON":false,"buffer":true,"appLogName":"music-community-web.log","coreLogName":"egg-web.log","agentLogName":"egg-agent.log","errorLogName":"common-error.log","coreLogger":{"consoleLevel":"WARN"},"allowDebugAtProd":false,"type":"application"}
2021-03-19 22:57:25,349 INFO 6589 [egg-multipart] stream mode enable
2021-03-19 22:57:25,583 INFO 6589 [egg-static] starting static serve /public/ -> /Users/tangzhicheng/Desktop/egg-music-community/app/public
2021-03-19 22:57:25,592 INFO 6589 [egg:core] dump config after load, 4ms
2021-03-19 22:57:25,630 INFO 6589 [egg-watcher:application] watcher start success
2021-03-19 22:57:25,647 INFO 6589 [egg:core] dump config after ready, 5ms
2021-03-19 23:00:05,454 INFO 6655 [egg:logger] init all loggers with options: {"dir":"/Users/tangzhicheng/Desktop/egg-music-community/logs/music-community","encoding":"utf8","env":"local","level":"INFO","consoleLevel":"INFO","disableConsoleAfterReady":false,"outputJSON":false,"buffer":true,"appLogName":"music-community-web.log","coreLogName":"egg-web.log","agentLogName":"egg-agent.log","errorLogName":"common-error.log","coreLogger":{"consoleLevel":"WARN"},"allowDebugAtProd":false,"type":"application"}
2021-03-19 23:00:05,499 INFO 6655 [egg-multipart] stream mode enable
2021-03-19 23:00:05,855 INFO 6655 [egg-static] starting static serve /public/ -> /Users/tangzhicheng/Desktop/egg-music-community/app/public
2021-03-19 23:00:05,864 INFO 6655 [egg:core] dump config after load, 3ms
2021-03-19 23:00:05,893 INFO 6655 [egg-watcher:application] watcher start success
2021-03-19 23:00:05,920 INFO 6655 [egg:core] dump config after ready, 3ms
2021-03-19 23:00:07,300 INFO 6657 [egg:logger] init all loggers with options: {"dir":"/Users/tangzhicheng/Desktop/egg-music-community/logs/music-community","encoding":"utf8","env":"local","level":"INFO","consoleLevel":"INFO","disableConsoleAfterReady":false,"outputJSON":false,"buffer":true,"appLogName":"music-community-web.log","coreLogName":"egg-web.log","agentLogName":"egg-agent.log","errorLogName":"common-error.log","coreLogger":{"consoleLevel":"WARN"},"allowDebugAtProd":false,"type":"application"}
2021-03-19 23:00:07,322 INFO 6657 [egg-multipart] stream mode enable
2021-03-19 23:00:07,545 INFO 6657 [egg-static] starting static serve /public/ -> /Users/tangzhicheng/Desktop/egg-music-community/app/public
2021-03-19 23:00:07,555 INFO 6657 [egg:core] dump config after load, 3ms
2021-03-19 23:00:07,593 INFO 6657 [egg-watcher:application] watcher start success
2021-03-19 23:00:07,608 INFO 6657 [egg:core] dump config after ready, 3ms
2021-03-19 23:05:39,351 INFO 6820 [egg:logger] init all loggers with options: {"dir":"/Users/tangzhicheng/Desktop/egg-music-community/logs/music-community","encoding":"utf8","env":"local","level":"INFO","consoleLevel":"INFO","disableConsoleAfterReady":false,"outputJSON":false,"buffer":true,"appLogName":"music-community-web.log","coreLogName":"egg-web.log","agentLogName":"egg-agent.log","errorLogName":"common-error.log","coreLogger":{"consoleLevel":"WARN"},"allowDebugAtProd":false,"type":"application"}
2021-03-19 23:05:39,373 INFO 6820 [egg-multipart] stream mode enable
2021-03-19 23:05:40,922 INFO 6820 [egg-static] starting static serve /public/ -> /Users/tangzhicheng/Desktop/egg-music-community/app/public
2021-03-19 23:05:40,931 INFO 6820 [egg:core] dump config after load, 4ms
2021-03-19 23:05:40,979 INFO 6820 [egg-watcher:application] watcher start success
2021-03-19 23:05:40,994 INFO 6820 [egg:core] dump config after ready, 3ms
2021-03-19 23:07:34,441 INFO 6889 [egg:logger] init all loggers with options: {"dir":"/Users/tangzhicheng/Desktop/egg-music-community/logs/music-community","encoding":"utf8","env":"local","level":"INFO","consoleLevel":"INFO","disableConsoleAfterReady":false,"outputJSON":false,"buffer":true,"appLogName":"music-community-web.log","coreLogName":"egg-web.log","agentLogName":"egg-agent.log","errorLogName":"common-error.log","coreLogger":{"consoleLevel":"WARN"},"allowDebugAtProd":false,"type":"application"}
2021-03-19 23:07:34,472 INFO 6889 [egg-multipart] stream mode enable
2021-03-19 23:07:34,846 INFO 6889 [egg-static] starting static serve /public/ -> /Users/tangzhicheng/Desktop/egg-music-community/app/public
2021-03-19 23:07:34,856 INFO 6889 [egg:core] dump config after load, 3ms
2021-03-19 23:07:34,901 INFO 6889 [egg-watcher:application] watcher start success
2021-03-19 23:07:34,922 INFO 6889 [egg:core] dump config after ready, 4ms
2021-03-19 23:09:43,724 INFO 6957 [egg:logger] init all loggers with options: {"dir":"/Users/tangzhicheng/Desktop/egg-music-community/logs/music-community","encoding":"utf8","env":"local","level":"INFO","consoleLevel":"INFO","disableConsoleAfterReady":false,"outputJSON":false,"buffer":true,"appLogName":"music-community-web.log","coreLogName":"egg-web.log","agentLogName":"egg-agent.log","errorLogName":"common-error.log","coreLogger":{"consoleLevel":"WARN"},"allowDebugAtProd":false,"type":"application"}
2021-03-19 23:09:43,756 INFO 6957 [egg-multipart] stream mode enable
2021-03-19 23:09:44,106 INFO 6957 [egg-static] starting static serve /public/ -> /Users/tangzhicheng/Desktop/egg-music-community/app/public
2021-03-19 23:09:44,115 INFO 6957 [egg:core] dump config after load, 3ms
2021-03-19 23:09:44,157 INFO 6957 [egg-watcher:application] watcher start success
2021-03-19 23:09:44,173 INFO 6957 [egg:core] dump config after ready, 4ms
2021-03-19 23:10:22,673 INFO 6980 [egg:logger] init all loggers with options: {"dir":"/Users/tangzhicheng/Desktop/egg-music-community/logs/music-community","encoding":"utf8","env":"local","level":"INFO","consoleLevel":"INFO","disableConsoleAfterReady":false,"outputJSON":false,"buffer":true,"appLogName":"music-community-web.log","coreLogName":"egg-web.log","agentLogName":"egg-agent.log","errorLogName":"common-error.log","coreLogger":{"consoleLevel":"WARN"},"allowDebugAtProd":false,"type":"application"}
2021-03-19 23:10:22,712 INFO 6980 [egg-multipart] stream mode enable
2021-03-19 23:10:23,075 INFO 6980 [egg-static] starting static serve /public/ -> /Users/tangzhicheng/Desktop/egg-music-community/app/public
2021-03-19 23:10:24,729 INFO 6980 [egg:core] dump config after load, 3ms
2021-03-19 23:10:24,799 INFO 6980 [egg-watcher:application] watcher start success
2021-03-19 23:10:24,824 INFO 6980 [egg:core] dump config after ready, 10ms
2021-03-19 23:10:36,086 INFO 7001 [egg:logger] init all loggers with options: {"dir":"/Users/tangzhicheng/Desktop/egg-music-community/logs/music-community","encoding":"utf8","env":"local","level":"INFO","consoleLevel":"INFO","disableConsoleAfterReady":false,"outputJSON":false,"buffer":true,"appLogName":"music-community-web.log","coreLogName":"egg-web.log","agentLogName":"egg-agent.log","errorLogName":"common-error.log","coreLogger":{"consoleLevel":"WARN"},"allowDebugAtProd":false,"type":"application"}
2021-03-19 23:10:36,109 INFO 7001 [egg-multipart] stream mode enable
2021-03-19 23:10:36,337 INFO 7001 [egg-static] starting static serve /public/ -> /Users/tangzhicheng/Desktop/egg-music-community/app/public
2021-03-19 23:10:36,346 INFO 7001 [egg:core] dump config after load, 3ms
2021-03-19 23:10:36,383 INFO 7001 [egg-watcher:application] watcher start success
2021-03-19 23:10:36,401 INFO 7001 [egg:core] dump config after ready, 4ms
2021-03-19 23:10:44,092 INFO 7020 [egg:logger] init all loggers with options: {"dir":"/Users/tangzhicheng/Desktop/egg-music-community/logs/music-community","encoding":"utf8","env":"local","level":"INFO","consoleLevel":"INFO","disableConsoleAfterReady":false,"outputJSON":false,"buffer":true,"appLogName":"music-community-web.log","coreLogName":"egg-web.log","agentLogName":"egg-agent.log","errorLogName":"common-error.log","coreLogger":{"consoleLevel":"WARN"},"allowDebugAtProd":false,"type":"application"}
2021-03-19 23:10:44,116 INFO 7020 [egg-multipart] stream mode enable
2021-03-19 23:10:44,345 INFO 7020 [egg-static] starting static serve /public/ -> /Users/tangzhicheng/Desktop/egg-music-community/app/public
2021-03-19 23:10:45,699 INFO 7020 [egg:core] dump config after load, 4ms
2021-03-19 23:10:45,741 INFO 7020 [egg-watcher:application] watcher start success
2021-03-19 23:10:45,762 INFO 7020 [egg:core] dump config after ready, 4ms
2021-03-19 23:10:46,400 INFO 7023 [egg:logger] init all loggers with options: {"dir":"/Users/tangzhicheng/Desktop/egg-music-community/logs/music-community","encoding":"utf8","env":"local","level":"INFO","consoleLevel":"INFO","disableConsoleAfterReady":false,"outputJSON":false,"buffer":true,"appLogName":"music-community-web.log","coreLogName":"egg-web.log","agentLogName":"egg-agent.log","errorLogName":"common-error.log","coreLogger":{"consoleLevel":"WARN"},"allowDebugAtProd":false,"type":"application"}
2021-03-19 23:10:46,423 INFO 7023 [egg-multipart] stream mode enable
2021-03-19 23:10:46,672 INFO 7023 [egg-static] starting static serve /public/ -> /Users/tangzhicheng/Desktop/egg-music-community/app/public
2021-03-19 23:10:47,961 INFO 7023 [egg:core] dump config after load, 3ms
2021-03-19 23:10:48,019 INFO 7023 [egg-watcher:application] watcher start success
2021-03-19 23:10:48,037 INFO 7023 [egg:core] dump config after ready, 4ms
2021-03-19 23:29:54,330 INFO 7160 [egg:logger] init all loggers with options: {"dir":"/Users/tangzhicheng/Desktop/egg-music-community/logs/music-community","encoding":"utf8","env":"local","level":"INFO","consoleLevel":"INFO","disableConsoleAfterReady":false,"outputJSON":false,"buffer":true,"appLogName":"music-community-web.log","coreLogName":"egg-web.log","agentLogName":"egg-agent.log","errorLogName":"common-error.log","coreLogger":{"consoleLevel":"WARN"},"allowDebugAtProd":false,"type":"application"}
2021-03-19 23:29:54,354 INFO 7160 [egg-multipart] stream mode enable
2021-03-19 23:29:54,727 INFO 7160 [egg-static] starting static serve /public/ -> /Users/tangzhicheng/Desktop/egg-music-community/app/public
2021-03-19 23:29:56,159 INFO 7160 [egg:core] dump config after load, 3ms
2021-03-19 23:29:56,201 INFO 7160 [egg-watcher:application] watcher start success
2021-03-19 23:29:56,224 INFO 7160 [egg:core] dump config after ready, 4ms
2021-03-19 23:30:15,778 INFO 7197 [egg:logger] init all loggers with options: {"dir":"/Users/tangzhicheng/Desktop/egg-music-community/logs/music-community","encoding":"utf8","env":"local","level":"INFO","consoleLevel":"INFO","disableConsoleAfterReady":false,"outputJSON":false,"buffer":true,"appLogName":"music-community-web.log","coreLogName":"egg-web.log","agentLogName":"egg-agent.log","errorLogName":"common-error.log","coreLogger":{"consoleLevel":"WARN"},"allowDebugAtProd":false,"type":"application"}
2021-03-19 23:30:15,803 INFO 7197 [egg-multipart] stream mode enable
2021-03-19 23:30:16,145 INFO 7197 [egg-static] starting static serve /public/ -> /Users/tangzhicheng/Desktop/egg-music-community/app/public
2021-03-19 23:30:17,512 INFO 7197 [egg:core] dump config after load, 3ms
2021-03-19 23:30:17,558 INFO 7197 [egg-watcher:application] watcher start success
2021-03-19 23:30:17,581 INFO 7197 [egg:core] dump config after ready, 4ms
2021-03-19 23:31:18,692 INFO 7214 [egg:logger] init all loggers with options: {"dir":"/Users/tangzhicheng/Desktop/egg-music-community/logs/music-community","encoding":"utf8","env":"local","level":"INFO","consoleLevel":"INFO","disableConsoleAfterReady":false,"outputJSON":false,"buffer":true,"appLogName":"music-community-web.log","coreLogName":"egg-web.log","agentLogName":"egg-agent.log","errorLogName":"common-error.log","coreLogger":{"consoleLevel":"WARN"},"allowDebugAtProd":false,"type":"application"}
2021-03-19 23:31:18,717 INFO 7214 [egg-multipart] stream mode enable
2021-03-19 23:31:20,478 INFO 7214 [egg-static] starting static serve /public/ -> /Users/tangzhicheng/Desktop/egg-music-community/app/public
2021-03-19 23:31:20,487 INFO 7214 [egg:core] dump config after load, 3ms
2021-03-19 23:31:20,530 INFO 7214 [egg-watcher:application] watcher start success
2021-03-19 23:31:20,545 INFO 7214 [egg:core] dump config after ready, 4ms
2021-03-19 23:32:33,646 INFO 7272 [egg:logger] init all loggers with options: {"dir":"/Users/tangzhicheng/Desktop/egg-music-community/logs/music-community","encoding":"utf8","env":"local","level":"INFO","consoleLevel":"INFO","disableConsoleAfterReady":false,"outputJSON":false,"buffer":true,"appLogName":"music-community-web.log","coreLogName":"egg-web.log","agentLogName":"egg-agent.log","errorLogName":"common-error.log","coreLogger":{"consoleLevel":"WARN"},"allowDebugAtProd":false,"type":"application"}
2021-03-19 23:32:33,675 INFO 7272 [egg-multipart] stream mode enable
2021-03-19 23:32:34,042 INFO 7272 [egg-static] starting static serve /public/ -> /Users/tangzhicheng/Desktop/egg-music-community/app/public
2021-03-19 23:32:34,051 INFO 7272 [egg:core] dump config after load, 3ms
2021-03-19 23:32:34,091 INFO 7272 [egg-watcher:application] watcher start success
2021-03-19 23:32:34,111 INFO 7272 [egg:core] dump config after ready, 4ms
2021-03-19 23:32:55,226 INFO 7291 [egg:logger] init all loggers with options: {"dir":"/Users/tangzhicheng/Desktop/egg-music-community/logs/music-community","encoding":"utf8","env":"local","level":"INFO","consoleLevel":"INFO","disableConsoleAfterReady":false,"outputJSON":false,"buffer":true,"appLogName":"music-community-web.log","coreLogName":"egg-web.log","agentLogName":"egg-agent.log","errorLogName":"common-error.log","coreLogger":{"consoleLevel":"WARN"},"allowDebugAtProd":false,"type":"application"}
2021-03-19 23:32:55,254 INFO 7291 [egg-multipart] stream mode enable
2021-03-19 23:32:55,582 INFO 7291 [egg-static] starting static serve /public/ -> /Users/tangzhicheng/Desktop/egg-music-community/app/public
2021-03-19 23:32:57,292 INFO 7291 [egg:core] dump config after load, 3ms
2021-03-19 23:32:57,333 INFO 7291 [egg-watcher:application] watcher start success
2021-03-19 23:32:57,349 INFO 7291 [egg:core] dump config after ready, 4ms
2021-03-19 23:34:09,888 INFO 7311 [egg:logger] init all loggers with options: {"dir":"/Users/tangzhicheng/Desktop/egg-music-community/logs/music-community","encoding":"utf8","env":"local","level":"INFO","consoleLevel":"INFO","disableConsoleAfterReady":false,"outputJSON":false,"buffer":true,"appLogName":"music-community-web.log","coreLogName":"egg-web.log","agentLogName":"egg-agent.log","errorLogName":"common-error.log","coreLogger":{"consoleLevel":"WARN"},"allowDebugAtProd":false,"type":"application"}
2021-03-19 23:34:09,908 INFO 7311 [egg-multipart] stream mode enable
2021-03-19 23:34:10,291 INFO 7311 [egg-static] starting static serve /public/ -> /Users/tangzhicheng/Desktop/egg-music-community/app/public
2021-03-19 23:34:11,724 INFO 7311 [egg:core] dump config after load, 3ms
2021-03-19 23:34:11,767 INFO 7311 [egg-watcher:application] watcher start success
2021-03-19 23:34:11,783 INFO 7311 [egg:core] dump config after ready, 3ms
2021-03-19 23:36:04,816 INFO 7347 [egg:logger] init all loggers with options: {"dir":"/Users/tangzhicheng/Desktop/egg-music-community/logs/music-community","encoding":"utf8","env":"local","level":"INFO","consoleLevel":"INFO","disableConsoleAfterReady":false,"outputJSON":false,"buffer":true,"appLogName":"music-community-web.log","coreLogName":"egg-web.log","agentLogName":"egg-agent.log","errorLogName":"common-error.log","coreLogger":{"consoleLevel":"WARN"},"allowDebugAtProd":false,"type":"application"}
2021-03-19 23:36:04,840 INFO 7347 [egg-multipart] stream mode enable
2021-03-19 23:36:05,261 INFO 7347 [egg-static] starting static serve /public/ -> /Users/tangzhicheng/Desktop/egg-music-community/app/public
2021-03-19 23:36:05,308 INFO 7347 [egg:core] dump config after load, 4ms
2021-03-19 23:36:05,354 INFO 7347 [egg-watcher:application] watcher start success
2021-03-19 23:36:05,389 INFO 7347 [egg:core] dump config after ready, 5ms
2021-03-19 23:36:06,056 INFO 7351 [egg:logger] init all loggers with options: {"dir":"/Users/tangzhicheng/Desktop/egg-music-community/logs/music-community","encoding":"utf8","env":"local","level":"INFO","consoleLevel":"INFO","disableConsoleAfterReady":false,"outputJSON":false,"buffer":true,"appLogName":"music-community-web.log","coreLogName":"egg-web.log","agentLogName":"egg-agent.log","errorLogName":"common-error.log","coreLogger":{"consoleLevel":"WARN"},"allowDebugAtProd":false,"type":"application"}
2021-03-19 23:36:06,078 INFO 7351 [egg-multipart] stream mode enable
2021-03-19 23:36:06,346 INFO 7351 [egg-static] starting static serve /public/ -> /Users/tangzhicheng/Desktop/egg-music-community/app/public
2021-03-19 23:36:06,356 INFO 7351 [egg:core] dump config after load, 3ms
2021-03-19 23:36:06,397 INFO 7351 [egg-watcher:application] watcher start success
2021-03-19 23:36:06,416 INFO 7351 [egg:core] dump config after ready, 4ms
2021-03-19 23:42:00,357 INFO 7384 [egg:logger] init all loggers with options: {"dir":"/Users/tangzhicheng/Desktop/egg-music-community/logs/music-community","encoding":"utf8","env":"local","level":"INFO","consoleLevel":"INFO","disableConsoleAfterReady":false,"outputJSON":false,"buffer":true,"appLogName":"music-community-web.log","coreLogName":"egg-web.log","agentLogName":"egg-agent.log","errorLogName":"common-error.log","coreLogger":{"consoleLevel":"WARN"},"allowDebugAtProd":false,"type":"application"}
2021-03-19 23:42:00,378 INFO 7384 [egg-multipart] stream mode enable
2021-03-19 23:42:01,866 INFO 7384 [egg-static] starting static serve /public/ -> /Users/tangzhicheng/Desktop/egg-music-community/app/public
2021-03-19 23:42:01,877 INFO 7384 [egg:core] dump config after load, 3ms
2021-03-19 23:42:01,921 INFO 7384 [egg-watcher:application] watcher start success
2021-03-19 23:42:01,942 INFO 7384 [egg:core] dump config after ready, 4ms
2021-03-19 23:42:07,792 INFO 7388 [egg:logger] init all loggers with options: {"dir":"/Users/tangzhicheng/Desktop/egg-music-community/logs/music-community","encoding":"utf8","env":"local","level":"INFO","consoleLevel":"INFO","disableConsoleAfterReady":false,"outputJSON":false,"buffer":true,"appLogName":"music-community-web.log","coreLogName":"egg-web.log","agentLogName":"egg-agent.log","errorLogName":"common-error.log","coreLogger":{"consoleLevel":"WARN"},"allowDebugAtProd":false,"type":"application"}
2021-03-19 23:42:07,813 INFO 7388 [egg-multipart] stream mode enable
2021-03-19 23:42:09,247 INFO 7388 [egg-static] starting static serve /public/ -> /Users/tangzhicheng/Desktop/egg-music-community/app/public
2021-03-19 23:42:09,262 INFO 7388 [egg:core] dump config after load, 5ms
2021-03-19 23:42:09,309 INFO 7388 [egg-watcher:application] watcher start success
2021-03-19 23:42:09,330 INFO 7388 [egg:core] dump config after ready, 4ms
2021-03-19 23:42:21,102 INFO 7392 [egg:logger] init all loggers with options: {"dir":"/Users/tangzhicheng/Desktop/egg-music-community/logs/music-community","encoding":"utf8","env":"local","level":"INFO","consoleLevel":"INFO","disableConsoleAfterReady":false,"outputJSON":false,"buffer":true,"appLogName":"music-community-web.log","coreLogName":"egg-web.log","agentLogName":"egg-agent.log","errorLogName":"common-error.log","coreLogger":{"consoleLevel":"WARN"},"allowDebugAtProd":false,"type":"application"}
2021-03-19 23:42:21,125 INFO 7392 [egg-multipart] stream mode enable
2021-03-19 23:42:22,664 INFO 7392 [egg-static] starting static serve /public/ -> /Users/tangzhicheng/Desktop/egg-music-community/app/public
2021-03-19 23:42:22,673 INFO 7392 [egg:core] dump config after load, 3ms
2021-03-19 23:42:22,719 INFO 7392 [egg-watcher:application] watcher start success
2021-03-19 23:42:22,736 INFO 7392 [egg:core] dump config after ready, 4ms
2021-03-19 23:42:25,009 INFO 7393 [egg:logger] init all loggers with options: {"dir":"/Users/tangzhicheng/Desktop/egg-music-community/logs/music-community","encoding":"utf8","env":"local","level":"INFO","consoleLevel":"INFO","disableConsoleAfterReady":false,"outputJSON":false,"buffer":true,"appLogName":"music-community-web.log","coreLogName":"egg-web.log","agentLogName":"egg-agent.log","errorLogName":"common-error.log","coreLogger":{"consoleLevel":"WARN"},"allowDebugAtProd":false,"type":"application"}
2021-03-19 23:42:25,030 INFO 7393 [egg-multipart] stream mode enable
2021-03-19 23:42:26,441 INFO 7393 [egg-static] starting static serve /public/ -> /Users/tangzhicheng/Desktop/egg-music-community/app/public
2021-03-19 23:42:26,448 INFO 7393 [egg:core] dump config after load, 3ms
2021-03-19 23:42:26,489 INFO 7393 [egg-watcher:application] watcher start success
2021-03-19 23:42:26,506 INFO 7393 [egg:core] dump config after ready, 4ms
2021-03-19 23:42:53,977 INFO 7402 [egg:logger] init all loggers with options: {"dir":"/Users/tangzhicheng/Desktop/egg-music-community/logs/music-community","encoding":"utf8","env":"local","level":"INFO","consoleLevel":"INFO","disableConsoleAfterReady":false,"outputJSON":false,"buffer":true,"appLogName":"music-community-web.log","coreLogName":"egg-web.log","agentLogName":"egg-agent.log","errorLogName":"common-error.log","coreLogger":{"consoleLevel":"WARN"},"allowDebugAtProd":false,"type":"application"}
2021-03-19 23:42:54,003 INFO 7402 [egg-multipart] stream mode enable
2021-03-19 23:42:54,216 INFO 7402 [egg-static] starting static serve /public/ -> /Users/tangzhicheng/Desktop/egg-music-community/app/public
2021-03-19 23:42:54,224 INFO 7402 [egg:core] dump config after load, 3ms
2021-03-19 23:42:54,260 INFO 7402 [egg-watcher:application] watcher start success
2021-03-19 23:42:54,278 INFO 7402 [egg:core] dump config after ready, 4ms
2021-03-19 23:43:22,330 INFO 7414 [egg:logger] init all loggers with options: {"dir":"/Users/tangzhicheng/Desktop/egg-music-community/logs/music-community","encoding":"utf8","env":"local","level":"INFO","consoleLevel":"INFO","disableConsoleAfterReady":false,"outputJSON":false,"buffer":true,"appLogName":"music-community-web.log","coreLogName":"egg-web.log","agentLogName":"egg-agent.log","errorLogName":"common-error.log","coreLogger":{"consoleLevel":"WARN"},"allowDebugAtProd":false,"type":"application"}
2021-03-19 23:43:22,355 INFO 7414 [egg-multipart] stream mode enable
2021-03-19 23:43:24,340 INFO 7414 [egg-static] starting static serve /public/ -> /Users/tangzhicheng/Desktop/egg-music-community/app/public
2021-03-19 23:43:24,350 INFO 7414 [egg:core] dump config after load, 3ms
2021-03-19 23:43:24,433 INFO 7414 [egg-watcher:application] watcher start success
2021-03-19 23:43:24,478 INFO 7414 [egg:core] dump config after ready, 10ms
2021-03-19 23:55:11,536 INFO 7900 [egg:logger] init all loggers with options: {"dir":"/Users/tangzhicheng/Desktop/egg-music-community/logs/music-community","encoding":"utf8","env":"local","level":"INFO","consoleLevel":"INFO","disableConsoleAfterReady":false,"outputJSON":false,"buffer":true,"appLogName":"music-community-web.log","coreLogName":"egg-web.log","agentLogName":"egg-agent.log","errorLogName":"common-error.log","coreLogger":{"consoleLevel":"WARN"},"allowDebugAtProd":false,"type":"application"}
2021-03-19 23:55:11,561 INFO 7900 [egg-multipart] stream mode enable
2021-03-19 23:55:13,449 INFO 7900 [egg-static] starting static serve /public/ -> /Users/tangzhicheng/Desktop/egg-music-community/app/public
2021-03-19 23:55:13,459 INFO 7900 [egg:core] dump config after load, 4ms
2021-03-19 23:55:13,500 INFO 7900 [egg-watcher:application] watcher start success
2021-03-19 23:55:13,530 INFO 7900 [egg:core] dump config after ready, 14ms
2021-03-19 23:55:15,741 INFO 7907 [egg:logger] init all loggers with options: {"dir":"/Users/tangzhicheng/Desktop/egg-music-community/logs/music-community","encoding":"utf8","env":"local","level":"INFO","consoleLevel":"INFO","disableConsoleAfterReady":false,"outputJSON":false,"buffer":true,"appLogName":"music-community-web.log","coreLogName":"egg-web.log","agentLogName":"egg-agent.log","errorLogName":"common-error.log","coreLogger":{"consoleLevel":"WARN"},"allowDebugAtProd":false,"type":"application"}
2021-03-19 23:55:15,765 INFO 7907 [egg-multipart] stream mode enable
2021-03-19 23:55:17,571 INFO 7907 [egg-static] starting static serve /public/ -> /Users/tangzhicheng/Desktop/egg-music-community/app/public
2021-03-19 23:55:17,579 INFO 7907 [egg:core] dump config after load, 3ms
2021-03-19 23:55:17,622 INFO 7907 [egg-watcher:application] watcher start success
2021-03-19 23:55:17,639 INFO 7907 [egg:core] dump config after ready, 4ms
2021-03-19 23:55:41,374 INFO 7925 [egg:logger] init all loggers with options: {"dir":"/Users/tangzhicheng/Desktop/egg-music-community/logs/music-community","encoding":"utf8","env":"local","level":"INFO","consoleLevel":"INFO","disableConsoleAfterReady":false,"outputJSON":false,"buffer":true,"appLogName":"music-community-web.log","coreLogName":"egg-web.log","agentLogName":"egg-agent.log","errorLogName":"common-error.log","coreLogger":{"consoleLevel":"WARN"},"allowDebugAtProd":false,"type":"application"}
2021-03-19 23:55:41,397 INFO 7925 [egg-multipart] stream mode enable
2021-03-19 23:55:43,028 INFO 7925 [egg-static] starting static serve /public/ -> /Users/tangzhicheng/Desktop/egg-music-community/app/public
2021-03-19 23:55:43,037 INFO 7925 [egg:core] dump config after load, 3ms
2021-03-19 23:55:43,072 INFO 7925 [egg-watcher:application] watcher start success
2021-03-19 23:55:43,091 INFO 7925 [egg:core] dump config after ready, 3ms
2021-03-19 23:56:32,916 INFO 7945 [egg:logger] init all loggers with options: {"dir":"/Users/tangzhicheng/Desktop/egg-music-community/logs/music-community","encoding":"utf8","env":"local","level":"INFO","consoleLevel":"INFO","disableConsoleAfterReady":false,"outputJSON":false,"buffer":true,"appLogName":"music-community-web.log","coreLogName":"egg-web.log","agentLogName":"egg-agent.log","errorLogName":"common-error.log","coreLogger":{"consoleLevel":"WARN"},"allowDebugAtProd":false,"type":"application"}
2021-03-19 23:56:32,938 INFO 7945 [egg-multipart] stream mode enable
2021-03-19 23:56:34,362 INFO 7945 [egg-static] starting static serve /public/ -> /Users/tangzhicheng/Desktop/egg-music-community/app/public
2021-03-19 23:56:34,370 INFO 7945 [egg:core] dump config after load, 3ms
2021-03-19 23:56:34,406 INFO 7945 [egg-watcher:application] watcher start success
2021-03-19 23:56:34,425 INFO 7945 [egg:core] dump config after ready, 4ms
2021-03-19 23:59:28,700 INFO 8001 [egg:logger] init all loggers with options: {"dir":"/Users/tangzhicheng/Desktop/egg-music-community/logs/music-community","encoding":"utf8","env":"local","level":"INFO","consoleLevel":"INFO","disableConsoleAfterReady":false,"outputJSON":false,"buffer":true,"appLogName":"music-community-web.log","coreLogName":"egg-web.log","agentLogName":"egg-agent.log","errorLogName":"common-error.log","coreLogger":{"consoleLevel":"WARN"},"allowDebugAtProd":false,"type":"application"}
2021-03-19 23:59:28,726 INFO 8001 [egg-multipart] stream mode enable
2021-03-19 23:59:30,552 INFO 8001 [egg-static] starting static serve /public/ -> /Users/tangzhicheng/Desktop/egg-music-community/app/public
2021-03-19 23:59:30,562 INFO 8001 [egg:core] dump config after load, 3ms
2021-03-19 23:59:30,605 INFO 8001 [egg-watcher:application] watcher start success
2021-03-19 23:59:30,622 INFO 8001 [egg:core] dump config after ready, 4ms
2021-03-20 00:00:10,780 INFO 8024 [egg:logger] init all loggers with options: {"dir":"/Users/tangzhicheng/Desktop/egg-music-community/logs/music-community","encoding":"utf8","env":"local","level":"INFO","consoleLevel":"INFO","disableConsoleAfterReady":false,"outputJSON":false,"buffer":true,"appLogName":"music-community-web.log","coreLogName":"egg-web.log","agentLogName":"egg-agent.log","errorLogName":"common-error.log","coreLogger":{"consoleLevel":"WARN"},"allowDebugAtProd":false,"type":"application"}
2021-03-20 00:00:10,808 INFO 8024 [egg-multipart] stream mode enable
2021-03-20 00:00:12,678 INFO 8024 [egg-static] starting static serve /public/ -> /Users/tangzhicheng/Desktop/egg-music-community/app/public
2021-03-20 00:00:12,687 INFO 8024 [egg:core] dump config after load, 3ms
2021-03-20 00:00:12,729 INFO 8024 [egg-watcher:application] watcher start success
2021-03-20 00:00:12,748 INFO 8024 [egg:core] dump config after ready, 4ms
2021-03-20 00:01:42,623 INFO 8080 [egg:logger] init all loggers with options: {"dir":"/Users/tangzhicheng/Desktop/egg-music-community/logs/music-community","encoding":"utf8","env":"local","level":"INFO","consoleLevel":"INFO","disableConsoleAfterReady":false,"outputJSON":false,"buffer":true,"appLogName":"music-community-web.log","coreLogName":"egg-web.log","agentLogName":"egg-agent.log","errorLogName":"common-error.log","coreLogger":{"consoleLevel":"WARN"},"allowDebugAtProd":false,"type":"application"}
2021-03-20 00:01:42,646 INFO 8080 [egg-multipart] stream mode enable
2021-03-20 00:01:44,479 INFO 8080 [egg-static] starting static serve /public/ -> /Users/tangzhicheng/Desktop/egg-music-community/app/public
2021-03-20 00:01:44,488 INFO 8080 [egg:core] dump config after load, 3ms
2021-03-20 00:01:44,520 INFO 8080 [egg-watcher:application] watcher start success
2021-03-20 00:01:44,553 INFO 8080 [egg:core] dump config after ready, 4ms
2021-03-20 00:04:39,275 INFO 8138 [egg:logger] init all loggers with options: {"dir":"/Users/tangzhicheng/Desktop/egg-music-community/logs/music-community","encoding":"utf8","env":"local","level":"INFO","consoleLevel":"INFO","disableConsoleAfterReady":false,"outputJSON":false,"buffer":true,"appLogName":"music-community-web.log","coreLogName":"egg-web.log","agentLogName":"egg-agent.log","errorLogName":"common-error.log","coreLogger":{"consoleLevel":"WARN"},"allowDebugAtProd":false,"type":"application"}
2021-03-20 00:04:39,302 INFO 8138 [egg-multipart] stream mode enable
2021-03-20 00:04:41,179 INFO 8138 [egg-static] starting static serve /public/ -> /Users/tangzhicheng/Desktop/egg-music-community/app/public
2021-03-20 00:04:41,187 INFO 8138 [egg:core] dump config after load, 3ms
2021-03-20 00:04:41,231 INFO 8138 [egg-watcher:application] watcher start success
2021-03-20 00:04:41,250 INFO 8138 [egg:core] dump config after ready, 6ms
2021-03-20 00:04:44,402 INFO 8149 [egg:logger] init all loggers with options: {"dir":"/Users/tangzhicheng/Desktop/egg-music-community/logs/music-community","encoding":"utf8","env":"local","level":"INFO","consoleLevel":"INFO","disableConsoleAfterReady":false,"outputJSON":false,"buffer":true,"appLogName":"music-community-web.log","coreLogName":"egg-web.log","agentLogName":"egg-agent.log","errorLogName":"common-error.log","coreLogger":{"consoleLevel":"WARN"},"allowDebugAtProd":false,"type":"application"}
2021-03-20 00:04:44,426 INFO 8149 [egg-multipart] stream mode enable
2021-03-20 00:04:46,112 INFO 8149 [egg-static] starting static serve /public/ -> /Users/tangzhicheng/Desktop/egg-music-community/app/public
2021-03-20 00:04:46,120 INFO 8149 [egg:core] dump config after load, 3ms
2021-03-20 00:04:46,157 INFO 8149 [egg-watcher:application] watcher start success
2021-03-20 00:04:46,175 INFO 8149 [egg:core] dump config after ready, 4ms
2021-03-20 00:04:46,813 INFO 8156 [egg:logger] init all loggers with options: {"dir":"/Users/tangzhicheng/Desktop/egg-music-community/logs/music-community","encoding":"utf8","env":"local","level":"INFO","consoleLevel":"INFO","disableConsoleAfterReady":false,"outputJSON":false,"buffer":true,"appLogName":"music-community-web.log","coreLogName":"egg-web.log","agentLogName":"egg-agent.log","errorLogName":"common-error.log","coreLogger":{"consoleLevel":"WARN"},"allowDebugAtProd":false,"type":"application"}
2021-03-20 00:04:46,839 INFO 8156 [egg-multipart] stream mode enable
2021-03-20 00:04:48,318 INFO 8156 [egg-static] starting static serve /public/ -> /Users/tangzhicheng/Desktop/egg-music-community/app/public
2021-03-20 00:04:48,326 INFO 8156 [egg:core] dump config after load, 3ms
2021-03-20 00:04:48,365 INFO 8156 [egg-watcher:application] watcher start success
2021-03-20 00:04:48,381 INFO 8156 [egg:core] dump config after ready, 4ms
2021-03-20 00:04:55,041 INFO 8164 [egg:logger] init all loggers with options: {"dir":"/Users/tangzhicheng/Desktop/egg-music-community/logs/music-community","encoding":"utf8","env":"local","level":"INFO","consoleLevel":"INFO","disableConsoleAfterReady":false,"outputJSON":false,"buffer":true,"appLogName":"music-community-web.log","coreLogName":"egg-web.log","agentLogName":"egg-agent.log","errorLogName":"common-error.log","coreLogger":{"consoleLevel":"WARN"},"allowDebugAtProd":false,"type":"application"}
2021-03-20 00:04:55,064 INFO 8164 [egg-multipart] stream mode enable
2021-03-20 00:04:56,597 INFO 8164 [egg-static] starting static serve /public/ -> /Users/tangzhicheng/Desktop/egg-music-community/app/public
2021-03-20 00:04:56,606 INFO 8164 [egg:core] dump config after load, 3ms
2021-03-20 00:04:56,644 INFO 8164 [egg-watcher:application] watcher start success
2021-03-20 00:04:56,659 INFO 8164 [egg:core] dump config after ready, 3ms
2021-03-20 00:04:57,763 INFO 8171 [egg:logger] init all loggers with options: {"dir":"/Users/tangzhicheng/Desktop/egg-music-community/logs/music-community","encoding":"utf8","env":"local","level":"INFO","consoleLevel":"INFO","disableConsoleAfterReady":false,"outputJSON":false,"buffer":true,"appLogName":"music-community-web.log","coreLogName":"egg-web.log","agentLogName":"egg-agent.log","errorLogName":"common-error.log","coreLogger":{"consoleLevel":"WARN"},"allowDebugAtProd":false,"type":"application"}
2021-03-20 00:04:57,785 INFO 8171 [egg-multipart] stream mode enable
2021-03-20 00:04:59,293 INFO 8171 [egg-static] starting static serve /public/ -> /Users/tangzhicheng/Desktop/egg-music-community/app/public
2021-03-20 00:04:59,301 INFO 8171 [egg:core] dump config after load, 3ms
2021-03-20 00:04:59,340 INFO 8171 [egg-watcher:application] watcher start success
2021-03-20 00:04:59,357 INFO 8171 [egg:core] dump config after ready, 4ms
2021-03-20 00:05:06,562 INFO 8184 [egg:logger] init all loggers with options: {"dir":"/Users/tangzhicheng/Desktop/egg-music-community/logs/music-community","encoding":"utf8","env":"local","level":"INFO","consoleLevel":"INFO","disableConsoleAfterReady":false,"outputJSON":false,"buffer":true,"appLogName":"music-community-web.log","coreLogName":"egg-web.log","agentLogName":"egg-agent.log","errorLogName":"common-error.log","coreLogger":{"consoleLevel":"WARN"},"allowDebugAtProd":false,"type":"application"}
2021-03-20 00:05:06,583 INFO 8184 [egg-multipart] stream mode enable
2021-03-20 00:05:08,062 INFO 8184 [egg-static] starting static serve /public/ -> /Users/tangzhicheng/Desktop/egg-music-community/app/public
2021-03-20 00:05:08,070 INFO 8184 [egg:core] dump config after load, 3ms
2021-03-20 00:05:08,107 INFO 8184 [egg-watcher:application] watcher start success
2021-03-20 00:05:08,125 INFO 8184 [egg:core] dump config after ready, 4ms
2021-03-20 00:05:16,716 INFO 8191 [egg:logger] init all loggers with options: {"dir":"/Users/tangzhicheng/Desktop/egg-music-community/logs/music-community","encoding":"utf8","env":"local","level":"INFO","consoleLevel":"INFO","disableConsoleAfterReady":false,"outputJSON":false,"buffer":true,"appLogName":"music-community-web.log","coreLogName":"egg-web.log","agentLogName":"egg-agent.log","errorLogName":"common-error.log","coreLogger":{"consoleLevel":"WARN"},"allowDebugAtProd":false,"type":"application"}
2021-03-20 00:05:16,737 INFO 8191 [egg-multipart] stream mode enable
2021-03-20 00:05:18,179 INFO 8191 [egg-static] starting static serve /public/ -> /Users/tangzhicheng/Desktop/egg-music-community/app/public
2021-03-20 00:05:18,186 INFO 8191 [egg:core] dump config after load, 3ms
2021-03-20 00:05:18,225 INFO 8191 [egg-watcher:application] watcher start success
2021-03-20 00:05:18,240 INFO 8191 [egg:core] dump config after ready, 4ms
2021-03-20 00:05:48,054 INFO 8204 [egg:logger] init all loggers with options: {"dir":"/Users/tangzhicheng/Desktop/egg-music-community/logs/music-community","encoding":"utf8","env":"local","level":"INFO","consoleLevel":"INFO","disableConsoleAfterReady":false,"outputJSON":false,"buffer":true,"appLogName":"music-community-web.log","coreLogName":"egg-web.log","agentLogName":"egg-agent.log","errorLogName":"common-error.log","coreLogger":{"consoleLevel":"WARN"},"allowDebugAtProd":false,"type":"application"}
2021-03-20 00:05:48,075 INFO 8204 [egg-multipart] stream mode enable
2021-03-20 00:05:49,545 INFO 8204 [egg-static] starting static serve /public/ -> /Users/tangzhicheng/Desktop/egg-music-community/app/public
2021-03-20 00:05:49,553 INFO 8204 [egg:core] dump config after load, 3ms
2021-03-20 00:05:49,589 INFO 8204 [egg-watcher:application] watcher start success
2021-03-20 00:05:49,608 INFO 8204 [egg:core] dump config after ready, 3ms
2021-03-20 00:05:52,012 INFO 8216 [egg:logger] init all loggers with options: {"dir":"/Users/tangzhicheng/Desktop/egg-music-community/logs/music-community","encoding":"utf8","env":"local","level":"INFO","consoleLevel":"INFO","disableConsoleAfterReady":false,"outputJSON":false,"buffer":true,"appLogName":"music-community-web.log","coreLogName":"egg-web.log","agentLogName":"egg-agent.log","errorLogName":"common-error.log","coreLogger":{"consoleLevel":"WARN"},"allowDebugAtProd":false,"type":"application"}
2021-03-20 00:05:52,032 INFO 8216 [egg-multipart] stream mode enable
2021-03-20 00:05:53,457 INFO 8216 [egg-static] starting static serve /public/ -> /Users/tangzhicheng/Desktop/egg-music-community/app/public
2021-03-20 00:05:53,465 INFO 8216 [egg:core] dump config after load, 3ms
2021-03-20 00:05:53,500 INFO 8216 [egg-watcher:application] watcher start success
2021-03-20 00:05:53,518 INFO 8216 [egg:core] dump config after ready, 4ms
2021-03-20 00:07:29,346 INFO 8236 [egg:logger] init all loggers with options: {"dir":"/Users/tangzhicheng/Desktop/egg-music-community/logs/music-community","encoding":"utf8","env":"local","level":"INFO","consoleLevel":"INFO","disableConsoleAfterReady":false,"outputJSON":false,"buffer":true,"appLogName":"music-community-web.log","coreLogName":"egg-web.log","agentLogName":"egg-agent.log","errorLogName":"common-error.log","coreLogger":{"consoleLevel":"WARN"},"allowDebugAtProd":false,"type":"application"}
2021-03-20 00:07:29,370 INFO 8236 [egg-multipart] stream mode enable
2021-03-20 00:07:31,087 INFO 8236 [egg-static] starting static serve /public/ -> /Users/tangzhicheng/Desktop/egg-music-community/app/public
2021-03-20 00:07:31,096 INFO 8236 [egg:core] dump config after load, 3ms
2021-03-20 00:07:31,141 INFO 8236 [egg-watcher:application] watcher start success
2021-03-20 00:07:31,158 INFO 8236 [egg:core] dump config after ready, 4ms
2021-03-20 00:08:27,760 INFO 8276 [egg:logger] init all loggers with options: {"dir":"/Users/tangzhicheng/Desktop/egg-music-community/logs/music-community","encoding":"utf8","env":"local","level":"INFO","consoleLevel":"INFO","disableConsoleAfterReady":false,"outputJSON":false,"buffer":true,"appLogName":"music-community-web.log","coreLogName":"egg-web.log","agentLogName":"egg-agent.log","errorLogName":"common-error.log","coreLogger":{"consoleLevel":"WARN"},"allowDebugAtProd":false,"type":"application"}
2021-03-20 00:08:27,783 INFO 8276 [egg-multipart] stream mode enable
2021-03-20 00:08:28,019 INFO 8276 [egg-static] starting static serve /public/ -> /Users/tangzhicheng/Desktop/egg-music-community/app/public
2021-03-20 00:08:28,028 INFO 8276 [egg:core] dump config after load, 4ms
2021-03-20 00:08:28,066 INFO 8276 [egg-watcher:application] watcher start success
2021-03-20 00:08:28,082 INFO 8276 [egg:core] dump config after ready, 4ms
2021-03-20 00:16:12,433 INFO 8735 [egg:logger] init all loggers with options: {"dir":"/Users/tangzhicheng/Desktop/egg-music-community/logs/music-community","encoding":"utf8","env":"local","level":"INFO","consoleLevel":"INFO","disableConsoleAfterReady":false,"outputJSON":false,"buffer":true,"appLogName":"music-community-web.log","coreLogName":"egg-web.log","agentLogName":"egg-agent.log","errorLogName":"common-error.log","coreLogger":{"consoleLevel":"WARN"},"allowDebugAtProd":false,"type":"application"}
2021-03-20 00:16:12,458 INFO 8735 [egg-multipart] stream mode enable
2021-03-20 00:16:12,858 INFO 8735 [egg-static] starting static serve /public/ -> /Users/tangzhicheng/Desktop/egg-music-community/app/public
2021-03-20 00:16:12,875 INFO 8735 [egg:core] dump config after load, 7ms
2021-03-20 00:16:12,940 INFO 8735 [egg-watcher:application] watcher start success
2021-03-20 00:16:12,969 INFO 8735 [egg:core] dump config after ready, 4ms
2021-03-20 00:17:02,162 ERROR 8735 nodejs.ServerNoResponseError: server 127.0.0.1:49237 no response in 20711ms, maybe the socket is end on the other side. (address: 127.0.0.1:49237)
    at Timeout._onTimeout (/Users/tangzhicheng/Desktop/egg-music-community/node_modules/tcp-base/lib/base.js:427:21)
    at listOnTimeout (internal/timers.js:549:17)
    at processTimers (internal/timers.js:492:7)
name: "ServerNoResponseError"
pid: 8735
hostname: tangzhichengdeMacBook-Pro.local

2021-03-20 00:17:04,572 WARN 8735 [ClusterClient:Watcher] follower closed, and try to init it again
2021-03-20 11:02:24,084 INFO 1457 [egg:logger] init all loggers with options: {"dir":"/Users/tangzhicheng/Desktop/egg-music-community/logs/music-community","encoding":"utf8","env":"local","level":"INFO","consoleLevel":"INFO","disableConsoleAfterReady":false,"outputJSON":false,"buffer":true,"appLogName":"music-community-web.log","coreLogName":"egg-web.log","agentLogName":"egg-agent.log","errorLogName":"common-error.log","coreLogger":{"consoleLevel":"WARN"},"allowDebugAtProd":false,"type":"application"}
2021-03-20 11:02:24,113 INFO 1457 [egg-multipart] stream mode enable
2021-03-20 11:02:24,475 INFO 1457 [egg-static] starting static serve /public/ -> /Users/tangzhicheng/Desktop/egg-music-community/app/public
2021-03-20 11:02:24,520 INFO 1457 [egg:core] dump config after load, 3ms
2021-03-20 11:02:24,561 INFO 1457 [egg-watcher:application] watcher start success
2021-03-20 11:02:24,580 INFO 1457 [egg:core] dump config after ready, 4ms
