2021-03-03 09:15:34,811 INFO 2080 [egg-schedule]: register schedule /Users/tangzhicheng/Desktop/egg-music-community/node_modules/egg-multipart/app/schedule/clean_tmpdir.js
2021-03-03 09:15:34,811 INFO 2080 [egg-schedule]: register schedule /Users/tangzhicheng/Desktop/egg-music-community/node_modules/egg-logrotator/app/schedule/clean_log.js
2021-03-03 09:15:34,811 INFO 2080 [egg-schedule]: register schedule /Users/tangzhicheng/Desktop/egg-music-community/node_modules/egg-logrotator/app/schedule/rotate_by_file.js
2021-03-03 09:15:35,963 INFO 2077 [Timer] /Users/tangzhicheng/Desktop/egg-music-community/node_modules/egg-multipart/app/schedule/clean_tmpdir.js next time will execute after 69264040ms at 2021-03-04 04:30:00.003
2021-03-03 09:15:35,963 INFO 2077 [Timer] /Users/tangzhicheng/Desktop/egg-music-community/node_modules/egg-logrotator/app/schedule/clean_log.js next time will execute after 53064037ms at 2021-03-04 00:00:00.000
2021-03-03 09:15:35,964 INFO 2077 [Timer] /Users/tangzhicheng/Desktop/egg-music-community/node_modules/egg-logrotator/app/schedule/rotate_by_file.js next time will execute after 53065037ms at 2021-03-04 00:00:01.001
2021-03-03 09:16:38,507 INFO 2137 [egg-schedule]: register schedule /Users/tangzhicheng/Desktop/egg-music-community/node_modules/egg-multipart/app/schedule/clean_tmpdir.js
2021-03-03 09:16:38,507 INFO 2137 [egg-schedule]: register schedule /Users/tangzhicheng/Desktop/egg-music-community/node_modules/egg-logrotator/app/schedule/clean_log.js
2021-03-03 09:16:38,507 INFO 2137 [egg-schedule]: register schedule /Users/tangzhicheng/Desktop/egg-music-community/node_modules/egg-logrotator/app/schedule/rotate_by_file.js
2021-03-03 09:16:39,394 INFO 2143 [egg-schedule]: register schedule /Users/tangzhicheng/Desktop/egg-music-community/node_modules/egg-multipart/app/schedule/clean_tmpdir.js
2021-03-03 09:16:39,394 INFO 2143 [egg-schedule]: register schedule /Users/tangzhicheng/Desktop/egg-music-community/node_modules/egg-logrotator/app/schedule/clean_log.js
2021-03-03 09:16:39,394 INFO 2143 [egg-schedule]: register schedule /Users/tangzhicheng/Desktop/egg-music-community/node_modules/egg-logrotator/app/schedule/rotate_by_file.js
2021-03-03 09:37:46,777 INFO 2984 [egg-schedule]: register schedule /Users/tangzhicheng/Desktop/egg-music-community/node_modules/egg-multipart/app/schedule/clean_tmpdir.js
2021-03-03 09:37:46,777 INFO 2984 [egg-schedule]: register schedule /Users/tangzhicheng/Desktop/egg-music-community/node_modules/egg-logrotator/app/schedule/clean_log.js
2021-03-03 09:37:46,777 INFO 2984 [egg-schedule]: register schedule /Users/tangzhicheng/Desktop/egg-music-community/node_modules/egg-logrotator/app/schedule/rotate_by_file.js
2021-03-03 09:37:47,972 INFO 2980 [Timer] /Users/tangzhicheng/Desktop/egg-music-community/node_modules/egg-multipart/app/schedule/clean_tmpdir.js next time will execute after 67932030ms at 2021-03-04 04:30:00.002
2021-03-03 09:37:47,972 INFO 2980 [Timer] /Users/tangzhicheng/Desktop/egg-music-community/node_modules/egg-logrotator/app/schedule/clean_log.js next time will execute after 51732028ms at 2021-03-04 00:00:00.000
2021-03-03 09:37:47,973 INFO 2980 [Timer] /Users/tangzhicheng/Desktop/egg-music-community/node_modules/egg-logrotator/app/schedule/rotate_by_file.js next time will execute after 51733028ms at 2021-03-04 00:00:01.001
2021-03-03 11:36:52,057 INFO 9779 [egg-schedule]: register schedule /Users/tangzhicheng/Desktop/egg-music-community/node_modules/egg-multipart/app/schedule/clean_tmpdir.js
2021-03-03 11:36:52,057 INFO 9779 [egg-schedule]: register schedule /Users/tangzhicheng/Desktop/egg-music-community/node_modules/egg-logrotator/app/schedule/clean_log.js
2021-03-03 11:36:52,057 INFO 9779 [egg-schedule]: register schedule /Users/tangzhicheng/Desktop/egg-music-community/node_modules/egg-logrotator/app/schedule/rotate_by_file.js
2021-03-03 14:00:20,343 INFO 10238 [Timer] /Users/tangzhicheng/Desktop/egg-music-community/node_modules/egg-multipart/app/schedule/clean_tmpdir.js next time will execute after 52179660ms at 2021-03-04 04:30:00.003
2021-03-03 14:00:20,343 INFO 10238 [Timer] /Users/tangzhicheng/Desktop/egg-music-community/node_modules/egg-logrotator/app/schedule/clean_log.js next time will execute after 35979657ms at 2021-03-04 00:00:00.000
2021-03-03 14:00:20,344 INFO 10238 [Timer] /Users/tangzhicheng/Desktop/egg-music-community/node_modules/egg-logrotator/app/schedule/rotate_by_file.js next time will execute after 35980657ms at 2021-03-04 00:00:01.001
2021-03-03 14:00:20,148 INFO 10239 [egg-schedule]: register schedule /Users/tangzhicheng/Desktop/egg-music-community/node_modules/egg-multipart/app/schedule/clean_tmpdir.js
2021-03-03 14:00:20,148 INFO 10239 [egg-schedule]: register schedule /Users/tangzhicheng/Desktop/egg-music-community/node_modules/egg-logrotator/app/schedule/clean_log.js
2021-03-03 14:00:20,148 INFO 10239 [egg-schedule]: register schedule /Users/tangzhicheng/Desktop/egg-music-community/node_modules/egg-logrotator/app/schedule/rotate_by_file.js
2021-03-03 14:01:29,303 INFO 10254 [Timer] /Users/tangzhicheng/Desktop/egg-music-community/node_modules/egg-multipart/app/schedule/clean_tmpdir.js next time will execute after 52110699ms at 2021-03-04 04:30:00.002
2021-03-03 14:01:29,303 INFO 10254 [Timer] /Users/tangzhicheng/Desktop/egg-music-community/node_modules/egg-logrotator/app/schedule/clean_log.js next time will execute after 35910697ms at 2021-03-04 00:00:00.000
2021-03-03 14:01:29,303 INFO 10254 [Timer] /Users/tangzhicheng/Desktop/egg-music-community/node_modules/egg-logrotator/app/schedule/rotate_by_file.js next time will execute after 35911697ms at 2021-03-04 00:00:01.000
2021-03-03 14:01:29,213 INFO 10255 [egg-schedule]: register schedule /Users/tangzhicheng/Desktop/egg-music-community/node_modules/egg-multipart/app/schedule/clean_tmpdir.js
2021-03-03 14:01:29,213 INFO 10255 [egg-schedule]: register schedule /Users/tangzhicheng/Desktop/egg-music-community/node_modules/egg-logrotator/app/schedule/clean_log.js
2021-03-03 14:01:29,213 INFO 10255 [egg-schedule]: register schedule /Users/tangzhicheng/Desktop/egg-music-community/node_modules/egg-logrotator/app/schedule/rotate_by_file.js
2021-03-05 11:33:04,488 INFO 19950 [egg-schedule]: register schedule /Users/tangzhicheng/Desktop/egg-music-community/node_modules/egg-multipart/app/schedule/clean_tmpdir.js
2021-03-05 11:33:04,488 INFO 19950 [egg-schedule]: register schedule /Users/tangzhicheng/Desktop/egg-music-community/node_modules/egg-logrotator/app/schedule/clean_log.js
2021-03-05 11:33:04,488 INFO 19950 [egg-schedule]: register schedule /Users/tangzhicheng/Desktop/egg-music-community/node_modules/egg-logrotator/app/schedule/rotate_by_file.js
2021-03-05 11:33:04,989 INFO 19944 [Timer] /Users/tangzhicheng/Desktop/egg-music-community/node_modules/egg-multipart/app/schedule/clean_tmpdir.js next time will execute after 61015015ms at 2021-03-06 04:30:00.004
2021-03-05 11:33:04,989 INFO 19944 [Timer] /Users/tangzhicheng/Desktop/egg-music-community/node_modules/egg-logrotator/app/schedule/clean_log.js next time will execute after 44815011ms at 2021-03-06 00:00:00.000
2021-03-05 11:33:04,989 INFO 19944 [Timer] /Users/tangzhicheng/Desktop/egg-music-community/node_modules/egg-logrotator/app/schedule/rotate_by_file.js next time will execute after 44816011ms at 2021-03-06 00:00:01.000
2021-03-05 11:33:30,118 INFO 19963 [egg-schedule]: register schedule /Users/tangzhicheng/Desktop/egg-music-community/node_modules/egg-multipart/app/schedule/clean_tmpdir.js
2021-03-05 11:33:30,118 INFO 19963 [egg-schedule]: register schedule /Users/tangzhicheng/Desktop/egg-music-community/node_modules/egg-logrotator/app/schedule/clean_log.js
2021-03-05 11:33:30,118 INFO 19963 [egg-schedule]: register schedule /Users/tangzhicheng/Desktop/egg-music-community/node_modules/egg-logrotator/app/schedule/rotate_by_file.js
2021-03-05 11:33:32,476 INFO 19971 [egg-schedule]: register schedule /Users/tangzhicheng/Desktop/egg-music-community/node_modules/egg-multipart/app/schedule/clean_tmpdir.js
2021-03-05 11:33:32,476 INFO 19971 [egg-schedule]: register schedule /Users/tangzhicheng/Desktop/egg-music-community/node_modules/egg-logrotator/app/schedule/clean_log.js
2021-03-05 11:33:32,476 INFO 19971 [egg-schedule]: register schedule /Users/tangzhicheng/Desktop/egg-music-community/node_modules/egg-logrotator/app/schedule/rotate_by_file.js
2021-03-05 11:33:34,818 INFO 19972 [egg-schedule]: register schedule /Users/tangzhicheng/Desktop/egg-music-community/node_modules/egg-multipart/app/schedule/clean_tmpdir.js
2021-03-05 11:33:34,818 INFO 19972 [egg-schedule]: register schedule /Users/tangzhicheng/Desktop/egg-music-community/node_modules/egg-logrotator/app/schedule/clean_log.js
2021-03-05 11:33:34,818 INFO 19972 [egg-schedule]: register schedule /Users/tangzhicheng/Desktop/egg-music-community/node_modules/egg-logrotator/app/schedule/rotate_by_file.js
2021-03-05 11:34:10,624 INFO 19983 [egg-schedule]: register schedule /Users/tangzhicheng/Desktop/egg-music-community/node_modules/egg-multipart/app/schedule/clean_tmpdir.js
2021-03-05 11:34:10,624 INFO 19983 [egg-schedule]: register schedule /Users/tangzhicheng/Desktop/egg-music-community/node_modules/egg-logrotator/app/schedule/clean_log.js
2021-03-05 11:34:10,624 INFO 19983 [egg-schedule]: register schedule /Users/tangzhicheng/Desktop/egg-music-community/node_modules/egg-logrotator/app/schedule/rotate_by_file.js
2021-03-05 11:34:11,903 INFO 19984 [egg-schedule]: register schedule /Users/tangzhicheng/Desktop/egg-music-community/node_modules/egg-multipart/app/schedule/clean_tmpdir.js
2021-03-05 11:34:11,903 INFO 19984 [egg-schedule]: register schedule /Users/tangzhicheng/Desktop/egg-music-community/node_modules/egg-logrotator/app/schedule/clean_log.js
2021-03-05 11:34:11,903 INFO 19984 [egg-schedule]: register schedule /Users/tangzhicheng/Desktop/egg-music-community/node_modules/egg-logrotator/app/schedule/rotate_by_file.js
2021-03-05 11:34:15,266 INFO 19988 [egg-schedule]: register schedule /Users/tangzhicheng/Desktop/egg-music-community/node_modules/egg-multipart/app/schedule/clean_tmpdir.js
2021-03-05 11:34:15,266 INFO 19988 [egg-schedule]: register schedule /Users/tangzhicheng/Desktop/egg-music-community/node_modules/egg-logrotator/app/schedule/clean_log.js
2021-03-05 11:34:15,266 INFO 19988 [egg-schedule]: register schedule /Users/tangzhicheng/Desktop/egg-music-community/node_modules/egg-logrotator/app/schedule/rotate_by_file.js
2021-03-05 11:34:35,190 INFO 20000 [egg-schedule]: register schedule /Users/tangzhicheng/Desktop/egg-music-community/node_modules/egg-multipart/app/schedule/clean_tmpdir.js
2021-03-05 11:34:35,190 INFO 20000 [egg-schedule]: register schedule /Users/tangzhicheng/Desktop/egg-music-community/node_modules/egg-logrotator/app/schedule/clean_log.js
2021-03-05 11:34:35,190 INFO 20000 [egg-schedule]: register schedule /Users/tangzhicheng/Desktop/egg-music-community/node_modules/egg-logrotator/app/schedule/rotate_by_file.js
2021-03-05 11:34:35,512 INFO 19999 [Timer] /Users/tangzhicheng/Desktop/egg-music-community/node_modules/egg-multipart/app/schedule/clean_tmpdir.js next time will execute after 60924491ms at 2021-03-06 04:30:00.003
2021-03-05 11:34:35,512 INFO 19999 [Timer] /Users/tangzhicheng/Desktop/egg-music-community/node_modules/egg-logrotator/app/schedule/clean_log.js next time will execute after 44724488ms at 2021-03-06 00:00:00.000
2021-03-05 11:34:35,513 INFO 19999 [Timer] /Users/tangzhicheng/Desktop/egg-music-community/node_modules/egg-logrotator/app/schedule/rotate_by_file.js next time will execute after 44725488ms at 2021-03-06 00:00:01.000
2021-03-05 11:35:10,808 INFO 20020 [egg-schedule]: register schedule /Users/tangzhicheng/Desktop/egg-music-community/node_modules/egg-multipart/app/schedule/clean_tmpdir.js
2021-03-05 11:35:10,808 INFO 20020 [egg-schedule]: register schedule /Users/tangzhicheng/Desktop/egg-music-community/node_modules/egg-logrotator/app/schedule/clean_log.js
2021-03-05 11:35:10,808 INFO 20020 [egg-schedule]: register schedule /Users/tangzhicheng/Desktop/egg-music-community/node_modules/egg-logrotator/app/schedule/rotate_by_file.js
2021-03-05 11:35:29,184 INFO 20025 [egg-schedule]: register schedule /Users/tangzhicheng/Desktop/egg-music-community/node_modules/egg-multipart/app/schedule/clean_tmpdir.js
2021-03-05 11:35:29,184 INFO 20025 [egg-schedule]: register schedule /Users/tangzhicheng/Desktop/egg-music-community/node_modules/egg-logrotator/app/schedule/clean_log.js
2021-03-05 11:35:29,184 INFO 20025 [egg-schedule]: register schedule /Users/tangzhicheng/Desktop/egg-music-community/node_modules/egg-logrotator/app/schedule/rotate_by_file.js
2021-03-05 11:41:03,072 INFO 20166 [egg-schedule]: register schedule /Users/tangzhicheng/Desktop/egg-music-community/node_modules/egg-multipart/app/schedule/clean_tmpdir.js
2021-03-05 11:41:03,072 INFO 20166 [egg-schedule]: register schedule /Users/tangzhicheng/Desktop/egg-music-community/node_modules/egg-logrotator/app/schedule/clean_log.js
2021-03-05 11:41:03,072 INFO 20166 [egg-schedule]: register schedule /Users/tangzhicheng/Desktop/egg-music-community/node_modules/egg-logrotator/app/schedule/rotate_by_file.js
2021-03-05 11:50:45,595 INFO 20265 [egg-schedule]: register schedule /Users/tangzhicheng/Desktop/egg-music-community/node_modules/egg-multipart/app/schedule/clean_tmpdir.js
2021-03-05 11:50:45,595 INFO 20265 [egg-schedule]: register schedule /Users/tangzhicheng/Desktop/egg-music-community/node_modules/egg-logrotator/app/schedule/clean_log.js
2021-03-05 11:50:45,595 INFO 20265 [egg-schedule]: register schedule /Users/tangzhicheng/Desktop/egg-music-community/node_modules/egg-logrotator/app/schedule/rotate_by_file.js
2021-03-05 12:01:14,708 INFO 20345 [egg-schedule]: register schedule /Users/tangzhicheng/Desktop/egg-music-community/node_modules/egg-multipart/app/schedule/clean_tmpdir.js
2021-03-05 12:01:14,708 INFO 20345 [egg-schedule]: register schedule /Users/tangzhicheng/Desktop/egg-music-community/node_modules/egg-logrotator/app/schedule/clean_log.js
2021-03-05 12:01:14,708 INFO 20345 [egg-schedule]: register schedule /Users/tangzhicheng/Desktop/egg-music-community/node_modules/egg-logrotator/app/schedule/rotate_by_file.js
2021-03-05 13:51:03,578 INFO 20414 [egg-schedule]: register schedule /Users/tangzhicheng/Desktop/egg-music-community/node_modules/egg-multipart/app/schedule/clean_tmpdir.js
2021-03-05 13:51:03,578 INFO 20414 [egg-schedule]: register schedule /Users/tangzhicheng/Desktop/egg-music-community/node_modules/egg-logrotator/app/schedule/clean_log.js
2021-03-05 13:51:03,578 INFO 20414 [egg-schedule]: register schedule /Users/tangzhicheng/Desktop/egg-music-community/node_modules/egg-logrotator/app/schedule/rotate_by_file.js
2021-03-05 14:09:19,659 INFO 20545 [egg-schedule]: register schedule /Users/tangzhicheng/Desktop/egg-music-community/node_modules/egg-multipart/app/schedule/clean_tmpdir.js
2021-03-05 14:09:19,659 INFO 20545 [egg-schedule]: register schedule /Users/tangzhicheng/Desktop/egg-music-community/node_modules/egg-logrotator/app/schedule/clean_log.js
2021-03-05 14:09:19,659 INFO 20545 [egg-schedule]: register schedule /Users/tangzhicheng/Desktop/egg-music-community/node_modules/egg-logrotator/app/schedule/rotate_by_file.js
2021-03-05 14:13:50,986 INFO 20577 [Timer] /Users/tangzhicheng/Desktop/egg-music-community/node_modules/egg-multipart/app/schedule/clean_tmpdir.js next time will execute after 51369016ms at 2021-03-06 04:30:00.002
2021-03-05 14:13:50,987 INFO 20577 [Timer] /Users/tangzhicheng/Desktop/egg-music-community/node_modules/egg-logrotator/app/schedule/clean_log.js next time will execute after 35169013ms at 2021-03-06 00:00:00.000
2021-03-05 14:13:50,987 INFO 20577 [Timer] /Users/tangzhicheng/Desktop/egg-music-community/node_modules/egg-logrotator/app/schedule/rotate_by_file.js next time will execute after 35170013ms at 2021-03-06 00:00:01.000
2021-03-05 14:13:50,636 INFO 20582 [egg-schedule]: register schedule /Users/tangzhicheng/Desktop/egg-music-community/node_modules/egg-multipart/app/schedule/clean_tmpdir.js
2021-03-05 14:13:50,636 INFO 20582 [egg-schedule]: register schedule /Users/tangzhicheng/Desktop/egg-music-community/node_modules/egg-logrotator/app/schedule/clean_log.js
2021-03-05 14:13:50,636 INFO 20582 [egg-schedule]: register schedule /Users/tangzhicheng/Desktop/egg-music-community/node_modules/egg-logrotator/app/schedule/rotate_by_file.js
2021-03-05 14:14:39,014 INFO 20604 [egg-schedule]: register schedule /Users/tangzhicheng/Desktop/egg-music-community/node_modules/egg-multipart/app/schedule/clean_tmpdir.js
2021-03-05 14:14:39,014 INFO 20604 [egg-schedule]: register schedule /Users/tangzhicheng/Desktop/egg-music-community/node_modules/egg-logrotator/app/schedule/clean_log.js
2021-03-05 14:14:39,014 INFO 20604 [egg-schedule]: register schedule /Users/tangzhicheng/Desktop/egg-music-community/node_modules/egg-logrotator/app/schedule/rotate_by_file.js
2021-03-05 14:14:39,387 INFO 20603 [Timer] /Users/tangzhicheng/Desktop/egg-music-community/node_modules/egg-multipart/app/schedule/clean_tmpdir.js next time will execute after 51320615ms at 2021-03-06 04:30:00.002
2021-03-05 14:14:39,387 INFO 20603 [Timer] /Users/tangzhicheng/Desktop/egg-music-community/node_modules/egg-logrotator/app/schedule/clean_log.js next time will execute after 35120613ms at 2021-03-06 00:00:00.000
2021-03-05 14:14:39,387 INFO 20603 [Timer] /Users/tangzhicheng/Desktop/egg-music-community/node_modules/egg-logrotator/app/schedule/rotate_by_file.js next time will execute after 35121613ms at 2021-03-06 00:00:01.000
2021-03-05 14:15:12,553 INFO 20610 [egg-schedule]: register schedule /Users/tangzhicheng/Desktop/egg-music-community/node_modules/egg-multipart/app/schedule/clean_tmpdir.js
2021-03-05 14:15:12,553 INFO 20610 [egg-schedule]: register schedule /Users/tangzhicheng/Desktop/egg-music-community/node_modules/egg-logrotator/app/schedule/clean_log.js
2021-03-05 14:15:12,553 INFO 20610 [egg-schedule]: register schedule /Users/tangzhicheng/Desktop/egg-music-community/node_modules/egg-logrotator/app/schedule/rotate_by_file.js
2021-03-05 14:15:53,739 INFO 20622 [egg-schedule]: register schedule /Users/tangzhicheng/Desktop/egg-music-community/node_modules/egg-multipart/app/schedule/clean_tmpdir.js
2021-03-05 14:15:53,739 INFO 20622 [egg-schedule]: register schedule /Users/tangzhicheng/Desktop/egg-music-community/node_modules/egg-logrotator/app/schedule/clean_log.js
2021-03-05 14:15:53,739 INFO 20622 [egg-schedule]: register schedule /Users/tangzhicheng/Desktop/egg-music-community/node_modules/egg-logrotator/app/schedule/rotate_by_file.js
2021-03-05 14:16:06,836 INFO 20629 [egg-schedule]: register schedule /Users/tangzhicheng/Desktop/egg-music-community/node_modules/egg-multipart/app/schedule/clean_tmpdir.js
2021-03-05 14:16:06,836 INFO 20629 [egg-schedule]: register schedule /Users/tangzhicheng/Desktop/egg-music-community/node_modules/egg-logrotator/app/schedule/clean_log.js
2021-03-05 14:16:06,836 INFO 20629 [egg-schedule]: register schedule /Users/tangzhicheng/Desktop/egg-music-community/node_modules/egg-logrotator/app/schedule/rotate_by_file.js
2021-03-05 14:16:24,564 INFO 20642 [egg-schedule]: register schedule /Users/tangzhicheng/Desktop/egg-music-community/node_modules/egg-multipart/app/schedule/clean_tmpdir.js
2021-03-05 14:16:24,564 INFO 20642 [egg-schedule]: register schedule /Users/tangzhicheng/Desktop/egg-music-community/node_modules/egg-logrotator/app/schedule/clean_log.js
2021-03-05 14:16:24,564 INFO 20642 [egg-schedule]: register schedule /Users/tangzhicheng/Desktop/egg-music-community/node_modules/egg-logrotator/app/schedule/rotate_by_file.js
2021-03-05 14:16:24,865 INFO 20641 [Timer] /Users/tangzhicheng/Desktop/egg-music-community/node_modules/egg-multipart/app/schedule/clean_tmpdir.js next time will execute after 51215137ms at 2021-03-06 04:30:00.002
2021-03-05 14:16:24,865 INFO 20641 [Timer] /Users/tangzhicheng/Desktop/egg-music-community/node_modules/egg-logrotator/app/schedule/clean_log.js next time will execute after 35015135ms at 2021-03-06 00:00:00.000
2021-03-05 14:16:24,865 INFO 20641 [Timer] /Users/tangzhicheng/Desktop/egg-music-community/node_modules/egg-logrotator/app/schedule/rotate_by_file.js next time will execute after 35016135ms at 2021-03-06 00:00:01.000
2021-03-05 14:18:16,720 INFO 20898 [egg-schedule]: register schedule /Users/tangzhicheng/Desktop/egg-music-community/node_modules/egg-multipart/app/schedule/clean_tmpdir.js
2021-03-05 14:18:16,720 INFO 20898 [egg-schedule]: register schedule /Users/tangzhicheng/Desktop/egg-music-community/node_modules/egg-logrotator/app/schedule/clean_log.js
2021-03-05 14:18:16,720 INFO 20898 [egg-schedule]: register schedule /Users/tangzhicheng/Desktop/egg-music-community/node_modules/egg-logrotator/app/schedule/rotate_by_file.js
2021-03-18 09:29:43,314 INFO 3319 [egg-schedule]: register schedule /Users/tangzhicheng/Desktop/egg-music-community/node_modules/egg-multipart/app/schedule/clean_tmpdir.js
2021-03-18 09:29:43,314 INFO 3319 [egg-schedule]: register schedule /Users/tangzhicheng/Desktop/egg-music-community/node_modules/egg-logrotator/app/schedule/clean_log.js
2021-03-18 09:29:43,314 INFO 3319 [egg-schedule]: register schedule /Users/tangzhicheng/Desktop/egg-music-community/node_modules/egg-logrotator/app/schedule/rotate_by_file.js
2021-03-18 09:29:43,949 INFO 3313 [Timer] /Users/tangzhicheng/Desktop/egg-music-community/node_modules/egg-multipart/app/schedule/clean_tmpdir.js next time will execute after 68416054ms at 2021-03-19 04:30:00.002
2021-03-18 09:29:43,949 INFO 3313 [Timer] /Users/tangzhicheng/Desktop/egg-music-community/node_modules/egg-logrotator/app/schedule/clean_log.js next time will execute after 52216051ms at 2021-03-19 00:00:00.000
2021-03-18 09:29:43,949 INFO 3313 [Timer] /Users/tangzhicheng/Desktop/egg-music-community/node_modules/egg-logrotator/app/schedule/rotate_by_file.js next time will execute after 52217051ms at 2021-03-19 00:00:01.000
2021-03-19 22:23:26,589 INFO 5000 [egg-schedule]: register schedule /Users/tangzhicheng/Desktop/egg-music-community/node_modules/egg-multipart/app/schedule/clean_tmpdir.js
2021-03-19 22:23:26,589 INFO 5000 [egg-schedule]: register schedule /Users/tangzhicheng/Desktop/egg-music-community/node_modules/egg-logrotator/app/schedule/clean_log.js
2021-03-19 22:23:26,589 INFO 5000 [egg-schedule]: register schedule /Users/tangzhicheng/Desktop/egg-music-community/node_modules/egg-logrotator/app/schedule/rotate_by_file.js
2021-03-19 22:23:28,368 INFO 4981 [Timer] /Users/tangzhicheng/Desktop/egg-music-community/node_modules/egg-multipart/app/schedule/clean_tmpdir.js next time will execute after 21991635ms at 2021-03-20 04:30:00.003
2021-03-19 22:23:28,368 INFO 4981 [Timer] /Users/tangzhicheng/Desktop/egg-music-community/node_modules/egg-logrotator/app/schedule/clean_log.js next time will execute after 5791632ms at 2021-03-20 00:00:00.000
2021-03-19 22:23:28,368 INFO 4981 [Timer] /Users/tangzhicheng/Desktop/egg-music-community/node_modules/egg-logrotator/app/schedule/rotate_by_file.js next time will execute after 5792632ms at 2021-03-20 00:00:01.000
2021-03-19 22:25:57,050 INFO 5150 [egg-schedule]: register schedule /Users/tangzhicheng/Desktop/egg-music-community/node_modules/egg-multipart/app/schedule/clean_tmpdir.js
2021-03-19 22:25:57,050 INFO 5150 [egg-schedule]: register schedule /Users/tangzhicheng/Desktop/egg-music-community/node_modules/egg-logrotator/app/schedule/clean_log.js
2021-03-19 22:25:57,050 INFO 5150 [egg-schedule]: register schedule /Users/tangzhicheng/Desktop/egg-music-community/node_modules/egg-logrotator/app/schedule/rotate_by_file.js
2021-03-19 22:26:46,642 INFO 5212 [egg-schedule]: register schedule /Users/tangzhicheng/Desktop/egg-music-community/node_modules/egg-multipart/app/schedule/clean_tmpdir.js
2021-03-19 22:26:46,642 INFO 5212 [egg-schedule]: register schedule /Users/tangzhicheng/Desktop/egg-music-community/node_modules/egg-logrotator/app/schedule/clean_log.js
2021-03-19 22:26:46,642 INFO 5212 [egg-schedule]: register schedule /Users/tangzhicheng/Desktop/egg-music-community/node_modules/egg-logrotator/app/schedule/rotate_by_file.js
2021-03-19 22:27:15,110 INFO 5247 [egg-schedule]: register schedule /Users/tangzhicheng/Desktop/egg-music-community/node_modules/egg-multipart/app/schedule/clean_tmpdir.js
2021-03-19 22:27:15,110 INFO 5247 [egg-schedule]: register schedule /Users/tangzhicheng/Desktop/egg-music-community/node_modules/egg-logrotator/app/schedule/clean_log.js
2021-03-19 22:27:15,110 INFO 5247 [egg-schedule]: register schedule /Users/tangzhicheng/Desktop/egg-music-community/node_modules/egg-logrotator/app/schedule/rotate_by_file.js
2021-03-19 22:27:17,569 INFO 5256 [egg-schedule]: register schedule /Users/tangzhicheng/Desktop/egg-music-community/node_modules/egg-multipart/app/schedule/clean_tmpdir.js
2021-03-19 22:27:17,569 INFO 5256 [egg-schedule]: register schedule /Users/tangzhicheng/Desktop/egg-music-community/node_modules/egg-logrotator/app/schedule/clean_log.js
2021-03-19 22:27:17,569 INFO 5256 [egg-schedule]: register schedule /Users/tangzhicheng/Desktop/egg-music-community/node_modules/egg-logrotator/app/schedule/rotate_by_file.js
2021-03-19 22:27:20,254 INFO 5262 [egg-schedule]: register schedule /Users/tangzhicheng/Desktop/egg-music-community/node_modules/egg-multipart/app/schedule/clean_tmpdir.js
2021-03-19 22:27:20,254 INFO 5262 [egg-schedule]: register schedule /Users/tangzhicheng/Desktop/egg-music-community/node_modules/egg-logrotator/app/schedule/clean_log.js
2021-03-19 22:27:20,254 INFO 5262 [egg-schedule]: register schedule /Users/tangzhicheng/Desktop/egg-music-community/node_modules/egg-logrotator/app/schedule/rotate_by_file.js
2021-03-19 22:27:57,323 INFO 5311 [egg-schedule]: register schedule /Users/tangzhicheng/Desktop/egg-music-community/node_modules/egg-multipart/app/schedule/clean_tmpdir.js
2021-03-19 22:27:57,323 INFO 5311 [egg-schedule]: register schedule /Users/tangzhicheng/Desktop/egg-music-community/node_modules/egg-logrotator/app/schedule/clean_log.js
2021-03-19 22:27:57,323 INFO 5311 [egg-schedule]: register schedule /Users/tangzhicheng/Desktop/egg-music-community/node_modules/egg-logrotator/app/schedule/rotate_by_file.js
2021-03-19 22:30:16,203 INFO 5405 [egg-schedule]: register schedule /Users/tangzhicheng/Desktop/egg-music-community/node_modules/egg-multipart/app/schedule/clean_tmpdir.js
2021-03-19 22:30:16,203 INFO 5405 [egg-schedule]: register schedule /Users/tangzhicheng/Desktop/egg-music-community/node_modules/egg-logrotator/app/schedule/clean_log.js
2021-03-19 22:30:16,203 INFO 5405 [egg-schedule]: register schedule /Users/tangzhicheng/Desktop/egg-music-community/node_modules/egg-logrotator/app/schedule/rotate_by_file.js
2021-03-19 22:30:20,444 INFO 5407 [egg-schedule]: register schedule /Users/tangzhicheng/Desktop/egg-music-community/node_modules/egg-multipart/app/schedule/clean_tmpdir.js
2021-03-19 22:30:20,444 INFO 5407 [egg-schedule]: register schedule /Users/tangzhicheng/Desktop/egg-music-community/node_modules/egg-logrotator/app/schedule/clean_log.js
2021-03-19 22:30:20,444 INFO 5407 [egg-schedule]: register schedule /Users/tangzhicheng/Desktop/egg-music-community/node_modules/egg-logrotator/app/schedule/rotate_by_file.js
2021-03-19 22:30:22,811 INFO 5410 [egg-schedule]: register schedule /Users/tangzhicheng/Desktop/egg-music-community/node_modules/egg-multipart/app/schedule/clean_tmpdir.js
2021-03-19 22:30:22,811 INFO 5410 [egg-schedule]: register schedule /Users/tangzhicheng/Desktop/egg-music-community/node_modules/egg-logrotator/app/schedule/clean_log.js
2021-03-19 22:30:22,811 INFO 5410 [egg-schedule]: register schedule /Users/tangzhicheng/Desktop/egg-music-community/node_modules/egg-logrotator/app/schedule/rotate_by_file.js
2021-03-19 22:56:43,626 INFO 6536 [Timer] /Users/tangzhicheng/Desktop/egg-music-community/node_modules/egg-multipart/app/schedule/clean_tmpdir.js next time will execute after 19996377ms at 2021-03-20 04:30:00.003
2021-03-19 22:56:43,626 INFO 6536 [Timer] /Users/tangzhicheng/Desktop/egg-music-community/node_modules/egg-logrotator/app/schedule/clean_log.js next time will execute after 3796374ms at 2021-03-20 00:00:00.000
2021-03-19 22:56:43,626 INFO 6536 [Timer] /Users/tangzhicheng/Desktop/egg-music-community/node_modules/egg-logrotator/app/schedule/rotate_by_file.js next time will execute after 3797374ms at 2021-03-20 00:00:01.000
2021-03-19 22:56:43,166 INFO 6542 [egg-schedule]: register schedule /Users/tangzhicheng/Desktop/egg-music-community/node_modules/egg-multipart/app/schedule/clean_tmpdir.js
2021-03-19 22:56:43,166 INFO 6542 [egg-schedule]: register schedule /Users/tangzhicheng/Desktop/egg-music-community/node_modules/egg-logrotator/app/schedule/clean_log.js
2021-03-19 22:56:43,166 INFO 6542 [egg-schedule]: register schedule /Users/tangzhicheng/Desktop/egg-music-community/node_modules/egg-logrotator/app/schedule/rotate_by_file.js
2021-03-19 22:57:23,969 INFO 6579 [egg-schedule]: register schedule /Users/tangzhicheng/Desktop/egg-music-community/node_modules/egg-multipart/app/schedule/clean_tmpdir.js
2021-03-19 22:57:23,969 INFO 6579 [egg-schedule]: register schedule /Users/tangzhicheng/Desktop/egg-music-community/node_modules/egg-logrotator/app/schedule/clean_log.js
2021-03-19 22:57:23,969 INFO 6579 [egg-schedule]: register schedule /Users/tangzhicheng/Desktop/egg-music-community/node_modules/egg-logrotator/app/schedule/rotate_by_file.js
2021-03-19 22:57:25,348 INFO 6589 [egg-schedule]: register schedule /Users/tangzhicheng/Desktop/egg-music-community/node_modules/egg-multipart/app/schedule/clean_tmpdir.js
2021-03-19 22:57:25,348 INFO 6589 [egg-schedule]: register schedule /Users/tangzhicheng/Desktop/egg-music-community/node_modules/egg-logrotator/app/schedule/clean_log.js
2021-03-19 22:57:25,348 INFO 6589 [egg-schedule]: register schedule /Users/tangzhicheng/Desktop/egg-music-community/node_modules/egg-logrotator/app/schedule/rotate_by_file.js
2021-03-19 23:00:05,498 INFO 6655 [egg-schedule]: register schedule /Users/tangzhicheng/Desktop/egg-music-community/node_modules/egg-multipart/app/schedule/clean_tmpdir.js
2021-03-19 23:00:05,498 INFO 6655 [egg-schedule]: register schedule /Users/tangzhicheng/Desktop/egg-music-community/node_modules/egg-logrotator/app/schedule/clean_log.js
2021-03-19 23:00:05,498 INFO 6655 [egg-schedule]: register schedule /Users/tangzhicheng/Desktop/egg-music-community/node_modules/egg-logrotator/app/schedule/rotate_by_file.js
2021-03-19 23:00:07,321 INFO 6657 [egg-schedule]: register schedule /Users/tangzhicheng/Desktop/egg-music-community/node_modules/egg-multipart/app/schedule/clean_tmpdir.js
2021-03-19 23:00:07,321 INFO 6657 [egg-schedule]: register schedule /Users/tangzhicheng/Desktop/egg-music-community/node_modules/egg-logrotator/app/schedule/clean_log.js
2021-03-19 23:00:07,321 INFO 6657 [egg-schedule]: register schedule /Users/tangzhicheng/Desktop/egg-music-community/node_modules/egg-logrotator/app/schedule/rotate_by_file.js
2021-03-19 23:05:39,373 INFO 6820 [egg-schedule]: register schedule /Users/tangzhicheng/Desktop/egg-music-community/node_modules/egg-multipart/app/schedule/clean_tmpdir.js
2021-03-19 23:05:39,373 INFO 6820 [egg-schedule]: register schedule /Users/tangzhicheng/Desktop/egg-music-community/node_modules/egg-logrotator/app/schedule/clean_log.js
2021-03-19 23:05:39,373 INFO 6820 [egg-schedule]: register schedule /Users/tangzhicheng/Desktop/egg-music-community/node_modules/egg-logrotator/app/schedule/rotate_by_file.js
2021-03-19 23:07:34,472 INFO 6889 [egg-schedule]: register schedule /Users/tangzhicheng/Desktop/egg-music-community/node_modules/egg-multipart/app/schedule/clean_tmpdir.js
2021-03-19 23:07:34,472 INFO 6889 [egg-schedule]: register schedule /Users/tangzhicheng/Desktop/egg-music-community/node_modules/egg-logrotator/app/schedule/clean_log.js
2021-03-19 23:07:34,472 INFO 6889 [egg-schedule]: register schedule /Users/tangzhicheng/Desktop/egg-music-community/node_modules/egg-logrotator/app/schedule/rotate_by_file.js
2021-03-19 23:09:43,755 INFO 6957 [egg-schedule]: register schedule /Users/tangzhicheng/Desktop/egg-music-community/node_modules/egg-multipart/app/schedule/clean_tmpdir.js
2021-03-19 23:09:43,755 INFO 6957 [egg-schedule]: register schedule /Users/tangzhicheng/Desktop/egg-music-community/node_modules/egg-logrotator/app/schedule/clean_log.js
2021-03-19 23:09:43,755 INFO 6957 [egg-schedule]: register schedule /Users/tangzhicheng/Desktop/egg-music-community/node_modules/egg-logrotator/app/schedule/rotate_by_file.js
2021-03-19 23:10:22,711 INFO 6980 [egg-schedule]: register schedule /Users/tangzhicheng/Desktop/egg-music-community/node_modules/egg-multipart/app/schedule/clean_tmpdir.js
2021-03-19 23:10:22,711 INFO 6980 [egg-schedule]: register schedule /Users/tangzhicheng/Desktop/egg-music-community/node_modules/egg-logrotator/app/schedule/clean_log.js
2021-03-19 23:10:22,711 INFO 6980 [egg-schedule]: register schedule /Users/tangzhicheng/Desktop/egg-music-community/node_modules/egg-logrotator/app/schedule/rotate_by_file.js
2021-03-19 23:10:36,109 INFO 7001 [egg-schedule]: register schedule /Users/tangzhicheng/Desktop/egg-music-community/node_modules/egg-multipart/app/schedule/clean_tmpdir.js
2021-03-19 23:10:36,109 INFO 7001 [egg-schedule]: register schedule /Users/tangzhicheng/Desktop/egg-music-community/node_modules/egg-logrotator/app/schedule/clean_log.js
2021-03-19 23:10:36,109 INFO 7001 [egg-schedule]: register schedule /Users/tangzhicheng/Desktop/egg-music-community/node_modules/egg-logrotator/app/schedule/rotate_by_file.js
2021-03-19 23:10:44,116 INFO 7020 [egg-schedule]: register schedule /Users/tangzhicheng/Desktop/egg-music-community/node_modules/egg-multipart/app/schedule/clean_tmpdir.js
2021-03-19 23:10:44,116 INFO 7020 [egg-schedule]: register schedule /Users/tangzhicheng/Desktop/egg-music-community/node_modules/egg-logrotator/app/schedule/clean_log.js
2021-03-19 23:10:44,116 INFO 7020 [egg-schedule]: register schedule /Users/tangzhicheng/Desktop/egg-music-community/node_modules/egg-logrotator/app/schedule/rotate_by_file.js
2021-03-19 23:10:46,423 INFO 7023 [egg-schedule]: register schedule /Users/tangzhicheng/Desktop/egg-music-community/node_modules/egg-multipart/app/schedule/clean_tmpdir.js
2021-03-19 23:10:46,423 INFO 7023 [egg-schedule]: register schedule /Users/tangzhicheng/Desktop/egg-music-community/node_modules/egg-logrotator/app/schedule/clean_log.js
2021-03-19 23:10:46,423 INFO 7023 [egg-schedule]: register schedule /Users/tangzhicheng/Desktop/egg-music-community/node_modules/egg-logrotator/app/schedule/rotate_by_file.js
2021-03-19 23:29:54,354 INFO 7160 [egg-schedule]: register schedule /Users/tangzhicheng/Desktop/egg-music-community/node_modules/egg-multipart/app/schedule/clean_tmpdir.js
2021-03-19 23:29:54,354 INFO 7160 [egg-schedule]: register schedule /Users/tangzhicheng/Desktop/egg-music-community/node_modules/egg-logrotator/app/schedule/clean_log.js
2021-03-19 23:29:54,354 INFO 7160 [egg-schedule]: register schedule /Users/tangzhicheng/Desktop/egg-music-community/node_modules/egg-logrotator/app/schedule/rotate_by_file.js
2021-03-19 23:30:15,802 INFO 7197 [egg-schedule]: register schedule /Users/tangzhicheng/Desktop/egg-music-community/node_modules/egg-multipart/app/schedule/clean_tmpdir.js
2021-03-19 23:30:15,802 INFO 7197 [egg-schedule]: register schedule /Users/tangzhicheng/Desktop/egg-music-community/node_modules/egg-logrotator/app/schedule/clean_log.js
2021-03-19 23:30:15,802 INFO 7197 [egg-schedule]: register schedule /Users/tangzhicheng/Desktop/egg-music-community/node_modules/egg-logrotator/app/schedule/rotate_by_file.js
2021-03-19 23:31:18,717 INFO 7214 [egg-schedule]: register schedule /Users/tangzhicheng/Desktop/egg-music-community/node_modules/egg-multipart/app/schedule/clean_tmpdir.js
2021-03-19 23:31:18,717 INFO 7214 [egg-schedule]: register schedule /Users/tangzhicheng/Desktop/egg-music-community/node_modules/egg-logrotator/app/schedule/clean_log.js
2021-03-19 23:31:18,717 INFO 7214 [egg-schedule]: register schedule /Users/tangzhicheng/Desktop/egg-music-community/node_modules/egg-logrotator/app/schedule/rotate_by_file.js
2021-03-19 23:32:33,674 INFO 7272 [egg-schedule]: register schedule /Users/tangzhicheng/Desktop/egg-music-community/node_modules/egg-multipart/app/schedule/clean_tmpdir.js
2021-03-19 23:32:33,674 INFO 7272 [egg-schedule]: register schedule /Users/tangzhicheng/Desktop/egg-music-community/node_modules/egg-logrotator/app/schedule/clean_log.js
2021-03-19 23:32:33,674 INFO 7272 [egg-schedule]: register schedule /Users/tangzhicheng/Desktop/egg-music-community/node_modules/egg-logrotator/app/schedule/rotate_by_file.js
2021-03-19 23:32:55,254 INFO 7291 [egg-schedule]: register schedule /Users/tangzhicheng/Desktop/egg-music-community/node_modules/egg-multipart/app/schedule/clean_tmpdir.js
2021-03-19 23:32:55,254 INFO 7291 [egg-schedule]: register schedule /Users/tangzhicheng/Desktop/egg-music-community/node_modules/egg-logrotator/app/schedule/clean_log.js
2021-03-19 23:32:55,254 INFO 7291 [egg-schedule]: register schedule /Users/tangzhicheng/Desktop/egg-music-community/node_modules/egg-logrotator/app/schedule/rotate_by_file.js
2021-03-19 23:34:09,908 INFO 7311 [egg-schedule]: register schedule /Users/tangzhicheng/Desktop/egg-music-community/node_modules/egg-multipart/app/schedule/clean_tmpdir.js
2021-03-19 23:34:09,908 INFO 7311 [egg-schedule]: register schedule /Users/tangzhicheng/Desktop/egg-music-community/node_modules/egg-logrotator/app/schedule/clean_log.js
2021-03-19 23:34:09,908 INFO 7311 [egg-schedule]: register schedule /Users/tangzhicheng/Desktop/egg-music-community/node_modules/egg-logrotator/app/schedule/rotate_by_file.js
2021-03-19 23:36:04,839 INFO 7347 [egg-schedule]: register schedule /Users/tangzhicheng/Desktop/egg-music-community/node_modules/egg-multipart/app/schedule/clean_tmpdir.js
2021-03-19 23:36:04,839 INFO 7347 [egg-schedule]: register schedule /Users/tangzhicheng/Desktop/egg-music-community/node_modules/egg-logrotator/app/schedule/clean_log.js
2021-03-19 23:36:04,839 INFO 7347 [egg-schedule]: register schedule /Users/tangzhicheng/Desktop/egg-music-community/node_modules/egg-logrotator/app/schedule/rotate_by_file.js
2021-03-19 23:36:06,078 INFO 7351 [egg-schedule]: register schedule /Users/tangzhicheng/Desktop/egg-music-community/node_modules/egg-multipart/app/schedule/clean_tmpdir.js
2021-03-19 23:36:06,078 INFO 7351 [egg-schedule]: register schedule /Users/tangzhicheng/Desktop/egg-music-community/node_modules/egg-logrotator/app/schedule/clean_log.js
2021-03-19 23:36:06,078 INFO 7351 [egg-schedule]: register schedule /Users/tangzhicheng/Desktop/egg-music-community/node_modules/egg-logrotator/app/schedule/rotate_by_file.js
2021-03-19 23:42:00,378 INFO 7384 [egg-schedule]: register schedule /Users/tangzhicheng/Desktop/egg-music-community/node_modules/egg-multipart/app/schedule/clean_tmpdir.js
2021-03-19 23:42:00,378 INFO 7384 [egg-schedule]: register schedule /Users/tangzhicheng/Desktop/egg-music-community/node_modules/egg-logrotator/app/schedule/clean_log.js
2021-03-19 23:42:00,378 INFO 7384 [egg-schedule]: register schedule /Users/tangzhicheng/Desktop/egg-music-community/node_modules/egg-logrotator/app/schedule/rotate_by_file.js
2021-03-19 23:42:07,812 INFO 7388 [egg-schedule]: register schedule /Users/tangzhicheng/Desktop/egg-music-community/node_modules/egg-multipart/app/schedule/clean_tmpdir.js
2021-03-19 23:42:07,812 INFO 7388 [egg-schedule]: register schedule /Users/tangzhicheng/Desktop/egg-music-community/node_modules/egg-logrotator/app/schedule/clean_log.js
2021-03-19 23:42:07,812 INFO 7388 [egg-schedule]: register schedule /Users/tangzhicheng/Desktop/egg-music-community/node_modules/egg-logrotator/app/schedule/rotate_by_file.js
2021-03-19 23:42:21,124 INFO 7392 [egg-schedule]: register schedule /Users/tangzhicheng/Desktop/egg-music-community/node_modules/egg-multipart/app/schedule/clean_tmpdir.js
2021-03-19 23:42:21,124 INFO 7392 [egg-schedule]: register schedule /Users/tangzhicheng/Desktop/egg-music-community/node_modules/egg-logrotator/app/schedule/clean_log.js
2021-03-19 23:42:21,124 INFO 7392 [egg-schedule]: register schedule /Users/tangzhicheng/Desktop/egg-music-community/node_modules/egg-logrotator/app/schedule/rotate_by_file.js
2021-03-19 23:42:25,029 INFO 7393 [egg-schedule]: register schedule /Users/tangzhicheng/Desktop/egg-music-community/node_modules/egg-multipart/app/schedule/clean_tmpdir.js
2021-03-19 23:42:25,029 INFO 7393 [egg-schedule]: register schedule /Users/tangzhicheng/Desktop/egg-music-community/node_modules/egg-logrotator/app/schedule/clean_log.js
2021-03-19 23:42:25,029 INFO 7393 [egg-schedule]: register schedule /Users/tangzhicheng/Desktop/egg-music-community/node_modules/egg-logrotator/app/schedule/rotate_by_file.js
2021-03-19 23:42:54,002 INFO 7402 [egg-schedule]: register schedule /Users/tangzhicheng/Desktop/egg-music-community/node_modules/egg-multipart/app/schedule/clean_tmpdir.js
2021-03-19 23:42:54,002 INFO 7402 [egg-schedule]: register schedule /Users/tangzhicheng/Desktop/egg-music-community/node_modules/egg-logrotator/app/schedule/clean_log.js
2021-03-19 23:42:54,002 INFO 7402 [egg-schedule]: register schedule /Users/tangzhicheng/Desktop/egg-music-community/node_modules/egg-logrotator/app/schedule/rotate_by_file.js
2021-03-19 23:43:22,354 INFO 7414 [egg-schedule]: register schedule /Users/tangzhicheng/Desktop/egg-music-community/node_modules/egg-multipart/app/schedule/clean_tmpdir.js
2021-03-19 23:43:22,354 INFO 7414 [egg-schedule]: register schedule /Users/tangzhicheng/Desktop/egg-music-community/node_modules/egg-logrotator/app/schedule/clean_log.js
2021-03-19 23:43:22,354 INFO 7414 [egg-schedule]: register schedule /Users/tangzhicheng/Desktop/egg-music-community/node_modules/egg-logrotator/app/schedule/rotate_by_file.js
2021-03-19 23:55:11,561 INFO 7900 [egg-schedule]: register schedule /Users/tangzhicheng/Desktop/egg-music-community/node_modules/egg-multipart/app/schedule/clean_tmpdir.js
2021-03-19 23:55:11,561 INFO 7900 [egg-schedule]: register schedule /Users/tangzhicheng/Desktop/egg-music-community/node_modules/egg-logrotator/app/schedule/clean_log.js
2021-03-19 23:55:11,561 INFO 7900 [egg-schedule]: register schedule /Users/tangzhicheng/Desktop/egg-music-community/node_modules/egg-logrotator/app/schedule/rotate_by_file.js
2021-03-19 23:55:15,764 INFO 7907 [egg-schedule]: register schedule /Users/tangzhicheng/Desktop/egg-music-community/node_modules/egg-multipart/app/schedule/clean_tmpdir.js
2021-03-19 23:55:15,764 INFO 7907 [egg-schedule]: register schedule /Users/tangzhicheng/Desktop/egg-music-community/node_modules/egg-logrotator/app/schedule/clean_log.js
2021-03-19 23:55:15,764 INFO 7907 [egg-schedule]: register schedule /Users/tangzhicheng/Desktop/egg-music-community/node_modules/egg-logrotator/app/schedule/rotate_by_file.js
2021-03-19 23:55:41,397 INFO 7925 [egg-schedule]: register schedule /Users/tangzhicheng/Desktop/egg-music-community/node_modules/egg-multipart/app/schedule/clean_tmpdir.js
2021-03-19 23:55:41,397 INFO 7925 [egg-schedule]: register schedule /Users/tangzhicheng/Desktop/egg-music-community/node_modules/egg-logrotator/app/schedule/clean_log.js
2021-03-19 23:55:41,397 INFO 7925 [egg-schedule]: register schedule /Users/tangzhicheng/Desktop/egg-music-community/node_modules/egg-logrotator/app/schedule/rotate_by_file.js
2021-03-19 23:56:32,938 INFO 7945 [egg-schedule]: register schedule /Users/tangzhicheng/Desktop/egg-music-community/node_modules/egg-multipart/app/schedule/clean_tmpdir.js
2021-03-19 23:56:32,938 INFO 7945 [egg-schedule]: register schedule /Users/tangzhicheng/Desktop/egg-music-community/node_modules/egg-logrotator/app/schedule/clean_log.js
2021-03-19 23:56:32,938 INFO 7945 [egg-schedule]: register schedule /Users/tangzhicheng/Desktop/egg-music-community/node_modules/egg-logrotator/app/schedule/rotate_by_file.js
2021-03-19 23:59:28,725 INFO 8001 [egg-schedule]: register schedule /Users/tangzhicheng/Desktop/egg-music-community/node_modules/egg-multipart/app/schedule/clean_tmpdir.js
2021-03-19 23:59:28,725 INFO 8001 [egg-schedule]: register schedule /Users/tangzhicheng/Desktop/egg-music-community/node_modules/egg-logrotator/app/schedule/clean_log.js
2021-03-19 23:59:28,725 INFO 8001 [egg-schedule]: register schedule /Users/tangzhicheng/Desktop/egg-music-community/node_modules/egg-logrotator/app/schedule/rotate_by_file.js
2021-03-20 00:00:10,808 INFO 8024 [egg-schedule]: register schedule /Users/tangzhicheng/Desktop/egg-music-community/node_modules/egg-multipart/app/schedule/clean_tmpdir.js
2021-03-20 00:00:10,808 INFO 8024 [egg-schedule]: register schedule /Users/tangzhicheng/Desktop/egg-music-community/node_modules/egg-logrotator/app/schedule/clean_log.js
2021-03-20 00:00:10,808 INFO 8024 [egg-schedule]: register schedule /Users/tangzhicheng/Desktop/egg-music-community/node_modules/egg-logrotator/app/schedule/rotate_by_file.js
2021-03-20 00:01:42,645 INFO 8080 [egg-schedule]: register schedule /Users/tangzhicheng/Desktop/egg-music-community/node_modules/egg-multipart/app/schedule/clean_tmpdir.js
2021-03-20 00:01:42,645 INFO 8080 [egg-schedule]: register schedule /Users/tangzhicheng/Desktop/egg-music-community/node_modules/egg-logrotator/app/schedule/clean_log.js
2021-03-20 00:01:42,645 INFO 8080 [egg-schedule]: register schedule /Users/tangzhicheng/Desktop/egg-music-community/node_modules/egg-logrotator/app/schedule/rotate_by_file.js
2021-03-20 00:04:39,302 INFO 8138 [egg-schedule]: register schedule /Users/tangzhicheng/Desktop/egg-music-community/node_modules/egg-multipart/app/schedule/clean_tmpdir.js
2021-03-20 00:04:39,302 INFO 8138 [egg-schedule]: register schedule /Users/tangzhicheng/Desktop/egg-music-community/node_modules/egg-logrotator/app/schedule/clean_log.js
2021-03-20 00:04:39,302 INFO 8138 [egg-schedule]: register schedule /Users/tangzhicheng/Desktop/egg-music-community/node_modules/egg-logrotator/app/schedule/rotate_by_file.js
2021-03-20 00:04:44,426 INFO 8149 [egg-schedule]: register schedule /Users/tangzhicheng/Desktop/egg-music-community/node_modules/egg-multipart/app/schedule/clean_tmpdir.js
2021-03-20 00:04:44,426 INFO 8149 [egg-schedule]: register schedule /Users/tangzhicheng/Desktop/egg-music-community/node_modules/egg-logrotator/app/schedule/clean_log.js
2021-03-20 00:04:44,426 INFO 8149 [egg-schedule]: register schedule /Users/tangzhicheng/Desktop/egg-music-community/node_modules/egg-logrotator/app/schedule/rotate_by_file.js
2021-03-20 00:04:46,838 INFO 8156 [egg-schedule]: register schedule /Users/tangzhicheng/Desktop/egg-music-community/node_modules/egg-multipart/app/schedule/clean_tmpdir.js
2021-03-20 00:04:46,838 INFO 8156 [egg-schedule]: register schedule /Users/tangzhicheng/Desktop/egg-music-community/node_modules/egg-logrotator/app/schedule/clean_log.js
2021-03-20 00:04:46,838 INFO 8156 [egg-schedule]: register schedule /Users/tangzhicheng/Desktop/egg-music-community/node_modules/egg-logrotator/app/schedule/rotate_by_file.js
2021-03-20 00:04:55,064 INFO 8164 [egg-schedule]: register schedule /Users/tangzhicheng/Desktop/egg-music-community/node_modules/egg-multipart/app/schedule/clean_tmpdir.js
2021-03-20 00:04:55,064 INFO 8164 [egg-schedule]: register schedule /Users/tangzhicheng/Desktop/egg-music-community/node_modules/egg-logrotator/app/schedule/clean_log.js
2021-03-20 00:04:55,064 INFO 8164 [egg-schedule]: register schedule /Users/tangzhicheng/Desktop/egg-music-community/node_modules/egg-logrotator/app/schedule/rotate_by_file.js
2021-03-20 00:04:57,785 INFO 8171 [egg-schedule]: register schedule /Users/tangzhicheng/Desktop/egg-music-community/node_modules/egg-multipart/app/schedule/clean_tmpdir.js
2021-03-20 00:04:57,785 INFO 8171 [egg-schedule]: register schedule /Users/tangzhicheng/Desktop/egg-music-community/node_modules/egg-logrotator/app/schedule/clean_log.js
2021-03-20 00:04:57,785 INFO 8171 [egg-schedule]: register schedule /Users/tangzhicheng/Desktop/egg-music-community/node_modules/egg-logrotator/app/schedule/rotate_by_file.js
2021-03-20 00:05:06,582 INFO 8184 [egg-schedule]: register schedule /Users/tangzhicheng/Desktop/egg-music-community/node_modules/egg-multipart/app/schedule/clean_tmpdir.js
2021-03-20 00:05:06,582 INFO 8184 [egg-schedule]: register schedule /Users/tangzhicheng/Desktop/egg-music-community/node_modules/egg-logrotator/app/schedule/clean_log.js
2021-03-20 00:05:06,582 INFO 8184 [egg-schedule]: register schedule /Users/tangzhicheng/Desktop/egg-music-community/node_modules/egg-logrotator/app/schedule/rotate_by_file.js
2021-03-20 00:05:16,736 INFO 8191 [egg-schedule]: register schedule /Users/tangzhicheng/Desktop/egg-music-community/node_modules/egg-multipart/app/schedule/clean_tmpdir.js
2021-03-20 00:05:16,736 INFO 8191 [egg-schedule]: register schedule /Users/tangzhicheng/Desktop/egg-music-community/node_modules/egg-logrotator/app/schedule/clean_log.js
2021-03-20 00:05:16,736 INFO 8191 [egg-schedule]: register schedule /Users/tangzhicheng/Desktop/egg-music-community/node_modules/egg-logrotator/app/schedule/rotate_by_file.js
2021-03-20 00:05:48,075 INFO 8204 [egg-schedule]: register schedule /Users/tangzhicheng/Desktop/egg-music-community/node_modules/egg-multipart/app/schedule/clean_tmpdir.js
2021-03-20 00:05:48,075 INFO 8204 [egg-schedule]: register schedule /Users/tangzhicheng/Desktop/egg-music-community/node_modules/egg-logrotator/app/schedule/clean_log.js
2021-03-20 00:05:48,075 INFO 8204 [egg-schedule]: register schedule /Users/tangzhicheng/Desktop/egg-music-community/node_modules/egg-logrotator/app/schedule/rotate_by_file.js
2021-03-20 00:05:52,032 INFO 8216 [egg-schedule]: register schedule /Users/tangzhicheng/Desktop/egg-music-community/node_modules/egg-multipart/app/schedule/clean_tmpdir.js
2021-03-20 00:05:52,032 INFO 8216 [egg-schedule]: register schedule /Users/tangzhicheng/Desktop/egg-music-community/node_modules/egg-logrotator/app/schedule/clean_log.js
2021-03-20 00:05:52,032 INFO 8216 [egg-schedule]: register schedule /Users/tangzhicheng/Desktop/egg-music-community/node_modules/egg-logrotator/app/schedule/rotate_by_file.js
2021-03-20 00:07:29,370 INFO 8236 [egg-schedule]: register schedule /Users/tangzhicheng/Desktop/egg-music-community/node_modules/egg-multipart/app/schedule/clean_tmpdir.js
2021-03-20 00:07:29,370 INFO 8236 [egg-schedule]: register schedule /Users/tangzhicheng/Desktop/egg-music-community/node_modules/egg-logrotator/app/schedule/clean_log.js
2021-03-20 00:07:29,370 INFO 8236 [egg-schedule]: register schedule /Users/tangzhicheng/Desktop/egg-music-community/node_modules/egg-logrotator/app/schedule/rotate_by_file.js
2021-03-20 00:08:27,782 INFO 8276 [egg-schedule]: register schedule /Users/tangzhicheng/Desktop/egg-music-community/node_modules/egg-multipart/app/schedule/clean_tmpdir.js
2021-03-20 00:08:27,782 INFO 8276 [egg-schedule]: register schedule /Users/tangzhicheng/Desktop/egg-music-community/node_modules/egg-logrotator/app/schedule/clean_log.js
2021-03-20 00:08:27,782 INFO 8276 [egg-schedule]: register schedule /Users/tangzhicheng/Desktop/egg-music-community/node_modules/egg-logrotator/app/schedule/rotate_by_file.js
2021-03-20 00:08:28,086 INFO 8275 [Timer] /Users/tangzhicheng/Desktop/egg-music-community/node_modules/egg-multipart/app/schedule/clean_tmpdir.js next time will execute after 15691916ms at 2021-03-20 04:30:00.002
2021-03-20 00:08:28,087 INFO 8275 [Timer] /Users/tangzhicheng/Desktop/egg-music-community/node_modules/egg-logrotator/app/schedule/clean_log.js next time will execute after 85891914ms at 2021-03-21 00:00:00.001
2021-03-20 00:08:28,088 INFO 8275 [Timer] /Users/tangzhicheng/Desktop/egg-music-community/node_modules/egg-logrotator/app/schedule/rotate_by_file.js next time will execute after 85892913ms at 2021-03-21 00:00:01.001
2021-03-20 00:16:12,457 INFO 8735 [egg-schedule]: register schedule /Users/tangzhicheng/Desktop/egg-music-community/node_modules/egg-multipart/app/schedule/clean_tmpdir.js
2021-03-20 00:16:12,457 INFO 8735 [egg-schedule]: register schedule /Users/tangzhicheng/Desktop/egg-music-community/node_modules/egg-logrotator/app/schedule/clean_log.js
2021-03-20 00:16:12,457 INFO 8735 [egg-schedule]: register schedule /Users/tangzhicheng/Desktop/egg-music-community/node_modules/egg-logrotator/app/schedule/rotate_by_file.js
2021-03-20 00:16:12,974 INFO 8732 [Timer] /Users/tangzhicheng/Desktop/egg-music-community/node_modules/egg-multipart/app/schedule/clean_tmpdir.js next time will execute after 15227028ms at 2021-03-20 04:30:00.002
2021-03-20 00:16:12,975 INFO 8732 [Timer] /Users/tangzhicheng/Desktop/egg-music-community/node_modules/egg-logrotator/app/schedule/clean_log.js next time will execute after 85427026ms at 2021-03-21 00:00:00.001
2021-03-20 00:16:12,976 INFO 8732 [Timer] /Users/tangzhicheng/Desktop/egg-music-community/node_modules/egg-logrotator/app/schedule/rotate_by_file.js next time will execute after 85428025ms at 2021-03-21 00:00:01.001
2021-03-20 11:02:24,113 INFO 1457 [egg-schedule]: register schedule /Users/tangzhicheng/Desktop/egg-music-community/node_modules/egg-multipart/app/schedule/clean_tmpdir.js
2021-03-20 11:02:24,113 INFO 1457 [egg-schedule]: register schedule /Users/tangzhicheng/Desktop/egg-music-community/node_modules/egg-logrotator/app/schedule/clean_log.js
2021-03-20 11:02:24,113 INFO 1457 [egg-schedule]: register schedule /Users/tangzhicheng/Desktop/egg-music-community/node_modules/egg-logrotator/app/schedule/rotate_by_file.js
2021-03-20 11:02:24,585 INFO 1456 [Timer] /Users/tangzhicheng/Desktop/egg-music-community/node_modules/egg-multipart/app/schedule/clean_tmpdir.js next time will execute after 62855418ms at 2021-03-21 04:30:00.003
2021-03-20 11:02:24,585 INFO 1456 [Timer] /Users/tangzhicheng/Desktop/egg-music-community/node_modules/egg-logrotator/app/schedule/clean_log.js next time will execute after 46655415ms at 2021-03-21 00:00:00.000
2021-03-20 11:02:24,585 INFO 1456 [Timer] /Users/tangzhicheng/Desktop/egg-music-community/node_modules/egg-logrotator/app/schedule/rotate_by_file.js next time will execute after 46656415ms at 2021-03-21 00:00:01.000
