2021-03-03 14:01:29,288 INFO 10255 server is running
2021-03-05 11:33:04,973 INFO 19950 [egg-sequelize](1ms) Executed (default): SELECT 1+1 AS result
2021-03-05 11:33:04,976 INFO 19950 server is running
2021-03-05 11:33:30,641 INFO 19963 [egg-sequelize](1ms) Executed (default): SELECT 1+1 AS result
2021-03-05 11:33:30,643 INFO 19963 server is running
2021-03-05 11:33:34,079 INFO 19971 [egg-sequelize](1ms) Executed (default): SELECT 1+1 AS result
2021-03-05 11:33:34,081 INFO 19971 server is running
2021-03-05 11:33:35,119 INFO 19972 [egg-sequelize](0ms) Executed (default): SELECT 1+1 AS result
2021-03-05 11:33:35,121 INFO 19972 server is running
2021-03-05 11:34:11,011 INFO 19983 [egg-sequelize](1ms) Executed (default): SELECT 1+1 AS result
2021-03-05 11:34:11,013 INFO 19983 server is running
2021-03-05 11:34:12,200 INFO 19984 [egg-sequelize](1ms) Executed (default): SELECT 1+1 AS result
2021-03-05 11:34:12,202 INFO 19984 server is running
2021-03-05 11:34:16,867 INFO 19988 [egg-sequelize](1ms) Executed (default): SELECT 1+1 AS result
2021-03-05 11:34:16,870 INFO 19988 server is running
2021-03-05 11:34:35,500 INFO 20000 [egg-sequelize](1ms) Executed (default): SELECT 1+1 AS result
2021-03-05 11:34:35,502 INFO 20000 server is running
2021-03-05 11:35:12,399 INFO 20020 [egg-sequelize](1ms) Executed (default): SELECT 1+1 AS result
2021-03-05 11:35:12,401 INFO 20020 server is running
2021-03-05 11:35:31,173 INFO 20025 [egg-sequelize](1ms) Executed (default): SELECT 1+1 AS result
2021-03-05 11:35:31,177 INFO 20025 server is running
2021-03-05 11:41:05,401 INFO 20166 [egg-sequelize](1ms) Executed (default): SELECT 1+1 AS result
2021-03-05 11:41:05,403 INFO 20166 server is running
2021-03-05 11:50:46,045 INFO 20265 [egg-sequelize](1ms) Executed (default): SELECT 1+1 AS result
2021-03-05 11:50:46,048 INFO 20265 server is running
2021-03-05 11:52:08,208 ERROR 20265 [-/127.0.0.1/-/18ms POST /api/users/] nodejs.SequelizeValidationError: notNull Violation: Users.sex cannot be null
    at InstanceValidator._validate (/Users/tangzhicheng/Desktop/egg-music-community/node_modules/sequelize/lib/instance-validator.js:78:13)
    at processTicksAndRejections (internal/process/task_queues.js:97:5)
    at InstanceValidator._validateAndRunHooks (/Users/tangzhicheng/Desktop/egg-music-community/node_modules/sequelize/lib/instance-validator.js:111:7)
    at InstanceValidator.validate (/Users/tangzhicheng/Desktop/egg-music-community/node_modules/sequelize/lib/instance-validator.js:93:12)
    at model.save (/Users/tangzhicheng/Desktop/egg-music-community/node_modules/sequelize/lib/model.js:3877:7)
    at Function.create (/Users/tangzhicheng/Desktop/egg-music-community/node_modules/sequelize/lib/model.js:2207:12)
    at Users.registerUser (/Users/tangzhicheng/Desktop/egg-music-community/app/service/users.ts:22:18)
    at UsersController.create (/Users/tangzhicheng/Desktop/egg-music-community/app/controller/users.ts:21:20)
    at /Users/tangzhicheng/Desktop/egg-music-community/node_modules/egg-development/app/middleware/egg_loader_trace.js:9:50
    at session (/Users/tangzhicheng/Desktop/egg-music-community/node_modules/koa-session/index.js:41:7)
name: "SequelizeValidationError"
errors: [{"message":"Users.sex cannot be null","type":"notNull Violation","path":"sex","value":null,"origin":"CORE","instance":{"id":null,"username":"tangmouren525","password":"tzc241241","borthday":"2021-03-05T03:51:57.000Z","update_time":"2021-03-05T03:52:08.198Z","create_time":"2021-03-05T03:52:08.198Z"},"validatorKey":"is_null","validatorName":null,"validatorArgs":[]}]
pid: 20265
hostname: tangzhiengdeMBP

2021-03-05 11:52:46,722 ERROR 20265 [-/127.0.0.1/-/67ms POST /api/users/] nodejs.SequelizeDatabaseError: Unknown column 'sex' in 'field list'
    at Query.formatError (/Users/tangzhicheng/Desktop/egg-music-community/node_modules/sequelize/lib/dialects/mysql/query.js:256:16)
    at Query.run (/Users/tangzhicheng/Desktop/egg-music-community/node_modules/sequelize/lib/dialects/mysql/query.js:68:18)
    at processTicksAndRejections (internal/process/task_queues.js:97:5)
    at /Users/tangzhicheng/Desktop/egg-music-community/node_modules/sequelize/lib/sequelize.js:619:16
    at MySQLQueryInterface.insert (/Users/tangzhicheng/Desktop/egg-music-community/node_modules/sequelize/lib/dialects/abstract/query-interface.js:748:21)
    at model.save (/Users/tangzhicheng/Desktop/egg-music-community/node_modules/sequelize/lib/model.js:3954:35)
    at Function.create (/Users/tangzhicheng/Desktop/egg-music-community/node_modules/sequelize/lib/model.js:2207:12)
    at Users.registerUser (/Users/tangzhicheng/Desktop/egg-music-community/app/service/users.ts:22:18)
    at UsersController.create (/Users/tangzhicheng/Desktop/egg-music-community/app/controller/users.ts:21:20)
    at /Users/tangzhicheng/Desktop/egg-music-community/node_modules/egg-development/app/middleware/egg_loader_trace.js:9:50
name: "SequelizeDatabaseError"
parent: {"code":"ER_BAD_FIELD_ERROR","errno":1054,"sqlState":"42S22","sqlMessage":"Unknown column 'sex' in 'field list'","sql":"INSERT INTO `Users` (`id`,`username`,`password`,`sex`,`borthday`,`create_time`,`update_time`) VALUES (DEFAULT,?,?,?,?,?,?);","parameters":["tangmouren525","tzc241241",1,"2021-03-05 03:51:57","2021-03-05 03:52:46","2021-03-05 03:52:46"]}
original: {"code":"ER_BAD_FIELD_ERROR","errno":1054,"sqlState":"42S22","sqlMessage":"Unknown column 'sex' in 'field list'","sql":"INSERT INTO `Users` (`id`,`username`,`password`,`sex`,`borthday`,`create_time`,`update_time`) VALUES (DEFAULT,?,?,?,?,?,?);","parameters":["tangmouren525","tzc241241",1,"2021-03-05 03:51:57","2021-03-05 03:52:46","2021-03-05 03:52:46"]}
sql: "INSERT INTO `Users` (`id`,`username`,`password`,`sex`,`borthday`,`create_time`,`update_time`) VALUES (DEFAULT,?,?,?,?,?,?);"
parameters: ["tangmouren525","tzc241241",1,"2021-03-05 03:51:57","2021-03-05 03:52:46","2021-03-05 03:52:46"]
pid: 20265
hostname: tangzhiengdeMBP

2021-03-05 12:01:15,152 INFO 20345 [egg-sequelize](1ms) Executed (default): SELECT 1+1 AS result
2021-03-05 12:01:15,154 INFO 20345 server is running
2021-03-05 12:01:37,677 ERROR 20345 [-/127.0.0.1/-/39ms POST /api/users/] nodejs.SequelizeDatabaseError: Unknown column 'sex' in 'field list'
    at Query.formatError (/Users/tangzhicheng/Desktop/egg-music-community/node_modules/sequelize/lib/dialects/mysql/query.js:256:16)
    at Query.run (/Users/tangzhicheng/Desktop/egg-music-community/node_modules/sequelize/lib/dialects/mysql/query.js:68:18)
    at processTicksAndRejections (internal/process/task_queues.js:97:5)
    at /Users/tangzhicheng/Desktop/egg-music-community/node_modules/sequelize/lib/sequelize.js:619:16
    at MySQLQueryInterface.insert (/Users/tangzhicheng/Desktop/egg-music-community/node_modules/sequelize/lib/dialects/abstract/query-interface.js:748:21)
    at model.save (/Users/tangzhicheng/Desktop/egg-music-community/node_modules/sequelize/lib/model.js:3954:35)
    at Function.create (/Users/tangzhicheng/Desktop/egg-music-community/node_modules/sequelize/lib/model.js:2207:12)
    at Users.registerUser (/Users/tangzhicheng/Desktop/egg-music-community/app/service/users.ts:22:18)
    at UsersController.create (/Users/tangzhicheng/Desktop/egg-music-community/app/controller/users.ts:21:20)
    at /Users/tangzhicheng/Desktop/egg-music-community/node_modules/egg-development/app/middleware/egg_loader_trace.js:9:50
name: "SequelizeDatabaseError"
parent: {"code":"ER_BAD_FIELD_ERROR","errno":1054,"sqlState":"42S22","sqlMessage":"Unknown column 'sex' in 'field list'","sql":"INSERT INTO `Users` (`id`,`username`,`password`,`sex`,`borthday`,`create_time`,`update_time`) VALUES (DEFAULT,?,?,?,?,?,?);","parameters":["tangmouren525","tzc241241",1,"2021-03-05 03:51:57","2021-03-05 04:01:37","2021-03-05 04:01:37"]}
original: {"code":"ER_BAD_FIELD_ERROR","errno":1054,"sqlState":"42S22","sqlMessage":"Unknown column 'sex' in 'field list'","sql":"INSERT INTO `Users` (`id`,`username`,`password`,`sex`,`borthday`,`create_time`,`update_time`) VALUES (DEFAULT,?,?,?,?,?,?);","parameters":["tangmouren525","tzc241241",1,"2021-03-05 03:51:57","2021-03-05 04:01:37","2021-03-05 04:01:37"]}
sql: "INSERT INTO `Users` (`id`,`username`,`password`,`sex`,`borthday`,`create_time`,`update_time`) VALUES (DEFAULT,?,?,?,?,?,?);"
parameters: ["tangmouren525","tzc241241",1,"2021-03-05 03:51:57","2021-03-05 04:01:37","2021-03-05 04:01:37"]
pid: 20345
hostname: tangzhiengdeMBP

2021-03-05 12:02:47,949 ERROR 20345 [-/127.0.0.1/-/7ms POST /api/users/] nodejs.SequelizeDatabaseError: Unknown column 'sex' in 'field list'
    at Query.formatError (/Users/tangzhicheng/Desktop/egg-music-community/node_modules/sequelize/lib/dialects/mysql/query.js:256:16)
    at Query.run (/Users/tangzhicheng/Desktop/egg-music-community/node_modules/sequelize/lib/dialects/mysql/query.js:68:18)
    at processTicksAndRejections (internal/process/task_queues.js:97:5)
    at /Users/tangzhicheng/Desktop/egg-music-community/node_modules/sequelize/lib/sequelize.js:619:16
    at MySQLQueryInterface.insert (/Users/tangzhicheng/Desktop/egg-music-community/node_modules/sequelize/lib/dialects/abstract/query-interface.js:748:21)
    at model.save (/Users/tangzhicheng/Desktop/egg-music-community/node_modules/sequelize/lib/model.js:3954:35)
    at Function.create (/Users/tangzhicheng/Desktop/egg-music-community/node_modules/sequelize/lib/model.js:2207:12)
    at Users.registerUser (/Users/tangzhicheng/Desktop/egg-music-community/app/service/users.ts:22:18)
    at UsersController.create (/Users/tangzhicheng/Desktop/egg-music-community/app/controller/users.ts:21:20)
    at /Users/tangzhicheng/Desktop/egg-music-community/node_modules/egg-development/app/middleware/egg_loader_trace.js:9:50
name: "SequelizeDatabaseError"
parent: {"code":"ER_BAD_FIELD_ERROR","errno":1054,"sqlState":"42S22","sqlMessage":"Unknown column 'sex' in 'field list'","sql":"INSERT INTO `Users` (`id`,`username`,`password`,`sex`,`borthday`,`create_time`,`update_time`) VALUES (DEFAULT,?,?,?,?,?,?);","parameters":["tangmouren525","tzc241241",1,"2021-03-05 03:51:57","2021-03-05 04:02:47","2021-03-05 04:02:47"]}
original: {"code":"ER_BAD_FIELD_ERROR","errno":1054,"sqlState":"42S22","sqlMessage":"Unknown column 'sex' in 'field list'","sql":"INSERT INTO `Users` (`id`,`username`,`password`,`sex`,`borthday`,`create_time`,`update_time`) VALUES (DEFAULT,?,?,?,?,?,?);","parameters":["tangmouren525","tzc241241",1,"2021-03-05 03:51:57","2021-03-05 04:02:47","2021-03-05 04:02:47"]}
sql: "INSERT INTO `Users` (`id`,`username`,`password`,`sex`,`borthday`,`create_time`,`update_time`) VALUES (DEFAULT,?,?,?,?,?,?);"
parameters: ["tangmouren525","tzc241241",1,"2021-03-05 03:51:57","2021-03-05 04:02:47","2021-03-05 04:02:47"]
pid: 20345
hostname: tangzhiengdeMBP

2021-03-05 13:51:05,929 INFO 20414 [egg-sequelize](1ms) Executed (default): SELECT 1+1 AS result
2021-03-05 13:51:05,931 INFO 20414 server is running
2021-03-05 13:51:06,354 INFO 20414 POST - /api/users/ - {"username":"tangmouren525","password":"tzc241241","sex":1,"borthday":"Fri Mar 05 2021 11:51:57 GMT+0800 (中国标准时间)"}
2021-03-05 13:51:06,381 ERROR 20414 [-/127.0.0.1/-/24ms POST /api/users/] nodejs.SequelizeDatabaseError: Unknown column 'sex' in 'field list'
    at Query.formatError (/Users/tangzhicheng/Desktop/egg-music-community/node_modules/sequelize/lib/dialects/mysql/query.js:256:16)
    at Query.run (/Users/tangzhicheng/Desktop/egg-music-community/node_modules/sequelize/lib/dialects/mysql/query.js:68:18)
    at processTicksAndRejections (internal/process/task_queues.js:97:5)
    at /Users/tangzhicheng/Desktop/egg-music-community/node_modules/sequelize/lib/sequelize.js:619:16
    at MySQLQueryInterface.insert (/Users/tangzhicheng/Desktop/egg-music-community/node_modules/sequelize/lib/dialects/abstract/query-interface.js:748:21)
    at model.save (/Users/tangzhicheng/Desktop/egg-music-community/node_modules/sequelize/lib/model.js:3954:35)
    at Function.create (/Users/tangzhicheng/Desktop/egg-music-community/node_modules/sequelize/lib/model.js:2207:12)
    at Users.registerUser (/Users/tangzhicheng/Desktop/egg-music-community/app/service/users.ts:22:18)
    at UsersController.create (/Users/tangzhicheng/Desktop/egg-music-community/app/controller/users.ts:22:20)
    at /Users/tangzhicheng/Desktop/egg-music-community/node_modules/egg-development/app/middleware/egg_loader_trace.js:9:50
name: "SequelizeDatabaseError"
parent: {"code":"ER_BAD_FIELD_ERROR","errno":1054,"sqlState":"42S22","sqlMessage":"Unknown column 'sex' in 'field list'","sql":"INSERT INTO `Users` (`id`,`username`,`password`,`sex`,`borthday`,`create_time`,`update_time`) VALUES (DEFAULT,?,?,?,?,?,?);","parameters":["tangmouren525","tzc241241",1,"2021-03-05 03:51:57","2021-03-05 05:51:06","2021-03-05 05:51:06"]}
original: {"code":"ER_BAD_FIELD_ERROR","errno":1054,"sqlState":"42S22","sqlMessage":"Unknown column 'sex' in 'field list'","sql":"INSERT INTO `Users` (`id`,`username`,`password`,`sex`,`borthday`,`create_time`,`update_time`) VALUES (DEFAULT,?,?,?,?,?,?);","parameters":["tangmouren525","tzc241241",1,"2021-03-05 03:51:57","2021-03-05 05:51:06","2021-03-05 05:51:06"]}
sql: "INSERT INTO `Users` (`id`,`username`,`password`,`sex`,`borthday`,`create_time`,`update_time`) VALUES (DEFAULT,?,?,?,?,?,?);"
parameters: ["tangmouren525","tzc241241",1,"2021-03-05 03:51:57","2021-03-05 05:51:06","2021-03-05 05:51:06"]
pid: 20414
hostname: tangzhiengdeMBP

2021-03-05 14:09:20,115 INFO 20545 [egg-sequelize](0ms) Executed (default): SELECT 1+1 AS result
2021-03-05 14:09:20,117 INFO 20545 server is running
2021-03-05 14:09:21,358 INFO 20545 POST - /api/users/ - {"username":"tangmouren525","password":"tzc241241","sex":1,"borthday":"Fri Mar 05 2021 11:51:57 GMT+0800 (中国标准时间)"}
2021-03-05 14:09:21,385 ERROR 20545 [-/127.0.0.1/-/25ms POST /api/users/] nodejs.SequelizeDatabaseError: Unknown column 'sex' in 'field list'
    at Query.formatError (/Users/tangzhicheng/Desktop/egg-music-community/node_modules/sequelize/lib/dialects/mysql/query.js:256:16)
    at Query.run (/Users/tangzhicheng/Desktop/egg-music-community/node_modules/sequelize/lib/dialects/mysql/query.js:68:18)
    at processTicksAndRejections (internal/process/task_queues.js:97:5)
    at /Users/tangzhicheng/Desktop/egg-music-community/node_modules/sequelize/lib/sequelize.js:619:16
    at MySQLQueryInterface.insert (/Users/tangzhicheng/Desktop/egg-music-community/node_modules/sequelize/lib/dialects/abstract/query-interface.js:748:21)
    at model.save (/Users/tangzhicheng/Desktop/egg-music-community/node_modules/sequelize/lib/model.js:3954:35)
    at Function.create (/Users/tangzhicheng/Desktop/egg-music-community/node_modules/sequelize/lib/model.js:2207:12)
    at Users.registerUser (/Users/tangzhicheng/Desktop/egg-music-community/app/service/users.ts:22:18)
    at UsersController.create (/Users/tangzhicheng/Desktop/egg-music-community/app/controller/users.ts:22:20)
    at /Users/tangzhicheng/Desktop/egg-music-community/node_modules/egg-development/app/middleware/egg_loader_trace.js:9:50
name: "SequelizeDatabaseError"
parent: {"code":"ER_BAD_FIELD_ERROR","errno":1054,"sqlState":"42S22","sqlMessage":"Unknown column 'sex' in 'field list'","sql":"INSERT INTO `Users` (`id`,`username`,`password`,`sex`,`borthday`,`create_time`,`update_time`) VALUES (DEFAULT,?,?,?,?,?,?);","parameters":["tangmouren525","tzc241241",1,"2021-03-05 03:51:57","2021-03-05 06:09:21","2021-03-05 06:09:21"]}
original: {"code":"ER_BAD_FIELD_ERROR","errno":1054,"sqlState":"42S22","sqlMessage":"Unknown column 'sex' in 'field list'","sql":"INSERT INTO `Users` (`id`,`username`,`password`,`sex`,`borthday`,`create_time`,`update_time`) VALUES (DEFAULT,?,?,?,?,?,?);","parameters":["tangmouren525","tzc241241",1,"2021-03-05 03:51:57","2021-03-05 06:09:21","2021-03-05 06:09:21"]}
sql: "INSERT INTO `Users` (`id`,`username`,`password`,`sex`,`borthday`,`create_time`,`update_time`) VALUES (DEFAULT,?,?,?,?,?,?);"
parameters: ["tangmouren525","tzc241241",1,"2021-03-05 03:51:57","2021-03-05 06:09:21","2021-03-05 06:09:21"]
pid: 20545
hostname: tangzhiengdeMBP

2021-03-05 14:13:50,975 INFO 20582 [egg-sequelize](1ms) Executed (default): SELECT 1+1 AS result
2021-03-05 14:13:50,977 INFO 20582 server is running
2021-03-05 14:13:58,729 INFO 20582 POST - /api/users/ - {"username":"tangmouren525","password":"tzc241241","sex":1,"borthday":"Fri Mar 05 2021 11:51:57 GMT+0800 (中国标准时间)"}
2021-03-05 14:13:58,757 ERROR 20582 [-/127.0.0.1/-/38ms POST /api/users/] nodejs.SequelizeDatabaseError: Unknown column 'sex' in 'field list'
    at Query.formatError (/Users/tangzhicheng/Desktop/egg-music-community/node_modules/sequelize/lib/dialects/mysql/query.js:256:16)
    at Query.run (/Users/tangzhicheng/Desktop/egg-music-community/node_modules/sequelize/lib/dialects/mysql/query.js:68:18)
    at processTicksAndRejections (internal/process/task_queues.js:97:5)
    at /Users/tangzhicheng/Desktop/egg-music-community/node_modules/sequelize/lib/sequelize.js:619:16
    at MySQLQueryInterface.insert (/Users/tangzhicheng/Desktop/egg-music-community/node_modules/sequelize/lib/dialects/abstract/query-interface.js:748:21)
    at model.save (/Users/tangzhicheng/Desktop/egg-music-community/node_modules/sequelize/lib/model.js:3954:35)
    at Function.create (/Users/tangzhicheng/Desktop/egg-music-community/node_modules/sequelize/lib/model.js:2207:12)
    at Users.registerUser (/Users/tangzhicheng/Desktop/egg-music-community/app/service/users.ts:22:18)
    at UsersController.create (/Users/tangzhicheng/Desktop/egg-music-community/app/controller/users.ts:22:20)
    at /Users/tangzhicheng/Desktop/egg-music-community/node_modules/egg-development/app/middleware/egg_loader_trace.js:9:50
name: "SequelizeDatabaseError"
parent: {"code":"ER_BAD_FIELD_ERROR","errno":1054,"sqlState":"42S22","sqlMessage":"Unknown column 'sex' in 'field list'","sql":"INSERT INTO `Users` (`id`,`username`,`password`,`sex`,`borthday`,`create_time`,`update_time`) VALUES (DEFAULT,?,?,?,?,?,?);","parameters":["tangmouren525","tzc241241",1,"2021-03-05 03:51:57","2021-03-05 06:13:58","2021-03-05 06:13:58"]}
original: {"code":"ER_BAD_FIELD_ERROR","errno":1054,"sqlState":"42S22","sqlMessage":"Unknown column 'sex' in 'field list'","sql":"INSERT INTO `Users` (`id`,`username`,`password`,`sex`,`borthday`,`create_time`,`update_time`) VALUES (DEFAULT,?,?,?,?,?,?);","parameters":["tangmouren525","tzc241241",1,"2021-03-05 03:51:57","2021-03-05 06:13:58","2021-03-05 06:13:58"]}
sql: "INSERT INTO `Users` (`id`,`username`,`password`,`sex`,`borthday`,`create_time`,`update_time`) VALUES (DEFAULT,?,?,?,?,?,?);"
parameters: ["tangmouren525","tzc241241",1,"2021-03-05 03:51:57","2021-03-05 06:13:58","2021-03-05 06:13:58"]
pid: 20582
hostname: tangzhiengdeMBP

2021-03-05 14:14:39,376 INFO 20604 [egg-sequelize](1ms) Executed (default): SELECT 1+1 AS result
2021-03-05 14:14:39,378 INFO 20604 server is running
2021-03-05 14:14:43,045 INFO 20604 POST - /api/users/ - {"username":"tangmouren525","password":"tzc241241","sex":1,"borthday":"Fri Mar 05 2021 11:51:57 GMT+0800 (中国标准时间)"}
2021-03-05 14:14:43,095 ERROR 20604 [-/127.0.0.1/-/24ms POST /api/users/] nodejs.SequelizeDatabaseError: Unknown column 'borthday' in 'field list'
    at Query.formatError (/Users/tangzhicheng/Desktop/egg-music-community/node_modules/sequelize/lib/dialects/mysql/query.js:256:16)
    at Query.run (/Users/tangzhicheng/Desktop/egg-music-community/node_modules/sequelize/lib/dialects/mysql/query.js:68:18)
    at processTicksAndRejections (internal/process/task_queues.js:97:5)
    at /Users/tangzhicheng/Desktop/egg-music-community/node_modules/sequelize/lib/sequelize.js:619:16
    at MySQLQueryInterface.insert (/Users/tangzhicheng/Desktop/egg-music-community/node_modules/sequelize/lib/dialects/abstract/query-interface.js:748:21)
    at model.save (/Users/tangzhicheng/Desktop/egg-music-community/node_modules/sequelize/lib/model.js:3954:35)
    at Function.create (/Users/tangzhicheng/Desktop/egg-music-community/node_modules/sequelize/lib/model.js:2207:12)
    at Users.registerUser (/Users/tangzhicheng/Desktop/egg-music-community/app/service/users.ts:22:18)
    at UsersController.create (/Users/tangzhicheng/Desktop/egg-music-community/app/controller/users.ts:22:20)
    at /Users/tangzhicheng/Desktop/egg-music-community/node_modules/egg-development/app/middleware/egg_loader_trace.js:9:50
name: "SequelizeDatabaseError"
parent: {"code":"ER_BAD_FIELD_ERROR","errno":1054,"sqlState":"42S22","sqlMessage":"Unknown column 'borthday' in 'field list'","sql":"INSERT INTO `Users` (`id`,`username`,`password`,`borthday`,`create_time`,`update_time`) VALUES (DEFAULT,?,?,?,?,?);","parameters":["tangmouren525","tzc241241","2021-03-05 03:51:57","2021-03-05 06:14:43","2021-03-05 06:14:43"]}
original: {"code":"ER_BAD_FIELD_ERROR","errno":1054,"sqlState":"42S22","sqlMessage":"Unknown column 'borthday' in 'field list'","sql":"INSERT INTO `Users` (`id`,`username`,`password`,`borthday`,`create_time`,`update_time`) VALUES (DEFAULT,?,?,?,?,?);","parameters":["tangmouren525","tzc241241","2021-03-05 03:51:57","2021-03-05 06:14:43","2021-03-05 06:14:43"]}
sql: "INSERT INTO `Users` (`id`,`username`,`password`,`borthday`,`create_time`,`update_time`) VALUES (DEFAULT,?,?,?,?,?);"
parameters: ["tangmouren525","tzc241241","2021-03-05 03:51:57","2021-03-05 06:14:43","2021-03-05 06:14:43"]
pid: 20604
hostname: tangzhiengdeMBP

2021-03-05 14:15:14,157 INFO 20610 [egg-sequelize](1ms) Executed (default): SELECT 1+1 AS result
2021-03-05 14:15:14,159 INFO 20610 server is running
2021-03-05 14:15:18,174 INFO 20610 POST - /api/users/ - {"username":"tangmouren525","password":"tzc241241","sex":1,"borthday":"Fri Mar 05 2021 11:51:57 GMT+0800 (中国标准时间)"}
2021-03-05 14:15:18,199 INFO 20610 [egg-sequelize](19ms) Executed (default): INSERT INTO `Users` (`id`,`username`,`password`,`create_time`,`update_time`) VALUES (DEFAULT,?,?,?,?);
2021-03-05 14:15:55,415 INFO 20622 [egg-sequelize](1ms) Executed (default): SELECT 1+1 AS result
2021-03-05 14:15:55,417 INFO 20622 server is running
2021-03-05 14:16:07,263 INFO 20629 [egg-sequelize](0ms) Executed (default): SELECT 1+1 AS result
2021-03-05 14:16:07,266 INFO 20629 server is running
2021-03-05 14:16:24,854 INFO 20642 [egg-sequelize](1ms) Executed (default): SELECT 1+1 AS result
2021-03-05 14:16:24,856 INFO 20642 server is running
2021-03-05 14:18:03,781 INFO 20642 POST - /api/users/ - {"username":"tangmouren525","password":"tzc241241","sex":1,"borthday":"Fri Mar 05 2021 11:51:57 GMT+0800 (中国标准时间)"}
2021-03-05 14:18:03,803 INFO 20642 [egg-sequelize](10ms) Executed (default): INSERT INTO `Users` (`id`,`username`,`password`,`sex`,`borthday`,`create_time`,`update_time`) VALUES (DEFAULT,?,?,?,?,?,?);
2021-03-05 14:18:17,208 INFO 20898 [egg-sequelize](0ms) Executed (default): SELECT 1+1 AS result
2021-03-05 14:18:17,210 INFO 20898 server is running
2021-03-18 09:29:43,935 INFO 3319 [egg-sequelize](0ms) Executed (default): SELECT 1+1 AS result
2021-03-18 09:29:43,938 INFO 3319 server is running
2021-03-18 09:29:50,035 ERROR 3319 [-/127.0.0.1/-/5ms GET /] nodejs.TypeError: Cannot read property 'sayHi' of undefined
    at HomeController.index (/Users/tangzhicheng/Desktop/egg-music-community/app/controller/home.ts:13:39)
    at Object.callFn (/Users/tangzhicheng/Desktop/egg-music-community/node_modules/egg-core/lib/utils/index.js:44:21)
    at Object.classControllerMiddleware (/Users/tangzhicheng/Desktop/egg-music-community/node_modules/egg-core/lib/loader/mixin/controller.js:87:20)
    at Object.callFn (/Users/tangzhicheng/Desktop/egg-music-community/node_modules/@eggjs/router/lib/utils.js:12:21)
    at wrappedController (/Users/tangzhicheng/Desktop/egg-music-community/node_modules/@eggjs/router/lib/egg_router.js:322:18)
    at dispatch (/Users/tangzhicheng/Desktop/egg-music-community/node_modules/koa-compose/index.js:44:32)
    at next (/Users/tangzhicheng/Desktop/egg-music-community/node_modules/koa-compose/index.js:45:18)
    at /Users/tangzhicheng/Desktop/egg-music-community/node_modules/@eggjs/router/lib/router.js:190:18
    at dispatch (/Users/tangzhicheng/Desktop/egg-music-community/node_modules/koa-compose/index.js:44:32)
    at /Users/tangzhicheng/Desktop/egg-music-community/node_modules/koa-compose/index.js:36:12

pid: 3319
hostname: tangzhiengdeMBP

2021-03-18 09:29:52,180 ERROR 3319 [-/127.0.0.1/-/0ms GET /] nodejs.TypeError: Cannot read property 'sayHi' of undefined
    at HomeController.index (/Users/tangzhicheng/Desktop/egg-music-community/app/controller/home.ts:13:39)
    at Object.callFn (/Users/tangzhicheng/Desktop/egg-music-community/node_modules/egg-core/lib/utils/index.js:44:21)
    at Object.classControllerMiddleware (/Users/tangzhicheng/Desktop/egg-music-community/node_modules/egg-core/lib/loader/mixin/controller.js:87:20)
    at Object.callFn (/Users/tangzhicheng/Desktop/egg-music-community/node_modules/@eggjs/router/lib/utils.js:12:21)
    at wrappedController (/Users/tangzhicheng/Desktop/egg-music-community/node_modules/@eggjs/router/lib/egg_router.js:322:18)
    at dispatch (/Users/tangzhicheng/Desktop/egg-music-community/node_modules/koa-compose/index.js:44:32)
    at next (/Users/tangzhicheng/Desktop/egg-music-community/node_modules/koa-compose/index.js:45:18)
    at /Users/tangzhicheng/Desktop/egg-music-community/node_modules/@eggjs/router/lib/router.js:190:18
    at dispatch (/Users/tangzhicheng/Desktop/egg-music-community/node_modules/koa-compose/index.js:44:32)
    at /Users/tangzhicheng/Desktop/egg-music-community/node_modules/koa-compose/index.js:36:12

pid: 3319
hostname: tangzhiengdeMBP

2021-03-19 22:23:28,356 INFO 5000 [egg-sequelize](1ms) Executed (default): SELECT 1+1 AS result
2021-03-19 22:23:28,358 INFO 5000 server is running
2021-03-19 22:25:58,676 INFO 5150 [egg-sequelize](1ms) Executed (default): SELECT 1+1 AS result
2021-03-19 22:25:58,678 INFO 5150 server is running
2021-03-19 22:26:48,399 INFO 5212 [egg-sequelize](0ms) Executed (default): SELECT 1+1 AS result
2021-03-19 22:26:48,400 INFO 5212 server is running
2021-03-19 22:27:16,893 INFO 5247 [egg-sequelize](0ms) Executed (default): SELECT 1+1 AS result
2021-03-19 22:27:16,895 INFO 5247 server is running
2021-03-19 22:27:19,195 INFO 5256 [egg-sequelize](1ms) Executed (default): SELECT 1+1 AS result
2021-03-19 22:27:19,197 INFO 5256 server is running
2021-03-19 22:27:21,872 INFO 5262 [egg-sequelize](1ms) Executed (default): SELECT 1+1 AS result
2021-03-19 22:27:21,874 INFO 5262 server is running
2021-03-19 22:27:59,431 INFO 5311 [egg-sequelize](1ms) Executed (default): SELECT 1+1 AS result
2021-03-19 22:27:59,433 INFO 5311 server is running
2021-03-19 22:30:18,084 INFO 5405 [egg-sequelize](1ms) Executed (default): SELECT 1+1 AS result
2021-03-19 22:30:18,086 INFO 5405 server is running
2021-03-19 22:30:22,128 INFO 5407 [egg-sequelize](1ms) Executed (default): SELECT 1+1 AS result
2021-03-19 22:30:22,130 INFO 5407 server is running
2021-03-19 22:30:24,463 INFO 5410 [egg-sequelize](1ms) Executed (default): SELECT 1+1 AS result
2021-03-19 22:30:24,465 INFO 5410 server is running
2021-03-19 22:56:43,613 INFO 6542 [egg-sequelize](1ms) Executed (default): SELECT 1+1 AS result
2021-03-19 22:56:43,615 INFO 6542 server is running
2021-03-19 22:57:24,485 INFO 6579 [egg-sequelize](1ms) Executed (default): SELECT 1+1 AS result
2021-03-19 22:57:24,487 INFO 6579 server is running
2021-03-19 22:57:25,640 INFO 6589 [egg-sequelize](1ms) Executed (default): SELECT 1+1 AS result
2021-03-19 22:57:25,642 INFO 6589 server is running
2021-03-19 23:00:05,914 INFO 6655 [egg-sequelize](0ms) Executed (default): SELECT 1+1 AS result
2021-03-19 23:00:05,916 INFO 6655 server is running
2021-03-19 23:00:07,602 INFO 6657 [egg-sequelize](1ms) Executed (default): SELECT 1+1 AS result
2021-03-19 23:00:07,604 INFO 6657 server is running
2021-03-19 23:05:40,988 INFO 6820 [egg-sequelize](1ms) Executed (default): SELECT 1+1 AS result
2021-03-19 23:05:40,990 INFO 6820 server is running
2021-03-19 23:07:34,915 INFO 6889 [egg-sequelize](0ms) Executed (default): SELECT 1+1 AS result
2021-03-19 23:07:34,918 INFO 6889 server is running
2021-03-19 23:09:44,166 INFO 6957 [egg-sequelize](1ms) Executed (default): SELECT 1+1 AS result
2021-03-19 23:09:44,168 INFO 6957 server is running
2021-03-19 23:10:24,810 INFO 6980 [egg-sequelize](0ms) Executed (default): SELECT 1+1 AS result
2021-03-19 23:10:24,812 INFO 6980 server is running
2021-03-19 23:10:36,395 INFO 7001 [egg-sequelize](1ms) Executed (default): SELECT 1+1 AS result
2021-03-19 23:10:36,397 INFO 7001 server is running
2021-03-19 23:10:45,756 INFO 7020 [egg-sequelize](1ms) Executed (default): SELECT 1+1 AS result
2021-03-19 23:10:45,758 INFO 7020 server is running
2021-03-19 23:10:48,029 INFO 7023 [egg-sequelize](1ms) Executed (default): SELECT 1+1 AS result
2021-03-19 23:10:48,032 INFO 7023 server is running
2021-03-19 23:11:15,032 INFO 7023 [egg-sequelize](1ms) Executed (default): SELECT `id`, `username`, `password`, `sex`, `address_id`, `qq_number`, `wx_number`, `borthday`, `introduce`, `music_label_id`, `create_time`, `update_time` FROM `Users` AS `Users` WHERE `Users`.`username` = 'tangmouren525' LIMIT 1;
2021-03-19 23:11:15,045 INFO 7023 [egg-sequelize](7ms) Executed (default): INSERT INTO `Users` (`id`,`username`,`password`,`sex`,`borthday`,`create_time`,`update_time`) VALUES (DEFAULT,?,?,?,?,?,?);
2021-03-19 23:29:56,217 INFO 7160 [egg-sequelize](1ms) Executed (default): SELECT 1+1 AS result
2021-03-19 23:29:56,219 INFO 7160 server is running
2021-03-19 23:30:17,574 INFO 7197 [egg-sequelize](1ms) Executed (default): SELECT 1+1 AS result
2021-03-19 23:30:17,576 INFO 7197 server is running
2021-03-19 23:31:01,713 INFO 7197 [egg-sequelize](4ms) Executed (default): SELECT `id`, `username`, `password`, `sex`, `address_id`, `qq_number`, `wx_number`, `borthday`, `introduce`, `music_label_id`, `create_time`, `update_time` FROM `Users` AS `Users` WHERE `Users`.`username` = 'tzv1231231221' AND `Users`.`password` = 'tzc241241' LIMIT 1;
2021-03-19 23:31:20,539 INFO 7214 [egg-sequelize](1ms) Executed (default): SELECT 1+1 AS result
2021-03-19 23:31:20,541 INFO 7214 server is running
2021-03-19 23:31:21,897 INFO 7214 [egg-sequelize](6ms) Executed (default): SELECT `id`, `username`, `password`, `sex`, `address_id`, `qq_number`, `wx_number`, `borthday`, `introduce`, `music_label_id`, `create_time`, `update_time` FROM `Users` AS `Users` WHERE `Users`.`username` = 'tzv1231231221' AND `Users`.`password` = 'tzc241241' LIMIT 1;
2021-03-19 23:31:34,569 INFO 7214 [egg-sequelize](2ms) Executed (default): SELECT `id`, `username`, `password`, `sex`, `address_id`, `qq_number`, `wx_number`, `borthday`, `introduce`, `music_label_id`, `create_time`, `update_time` FROM `Users` AS `Users` WHERE `Users`.`username` = 'tangmouren525' AND `Users`.`password` = 'tzc241241' LIMIT 1;
2021-03-19 23:32:34,105 INFO 7272 [egg-sequelize](1ms) Executed (default): SELECT 1+1 AS result
2021-03-19 23:32:34,107 INFO 7272 server is running
2021-03-19 23:32:57,343 INFO 7291 [egg-sequelize](1ms) Executed (default): SELECT 1+1 AS result
2021-03-19 23:32:57,345 INFO 7291 server is running
2021-03-19 23:34:11,777 INFO 7311 [egg-sequelize](1ms) Executed (default): SELECT 1+1 AS result
2021-03-19 23:34:11,779 INFO 7311 server is running
2021-03-19 23:34:12,377 INFO 7311 [egg-sequelize](2ms) Executed (default): SELECT `id`, `username`, `password`, `sex`, `address_id`, `qq_number`, `wx_number`, `borthday`, `introduce`, `music_label_id`, `create_time`, `update_time` FROM `Users` AS `Users`;
2021-03-19 23:35:36,127 INFO 7311 [egg-sequelize](3ms) Executed (default): SELECT `id`, `username`, `password`, `sex`, `address_id`, `qq_number`, `wx_number`, `borthday`, `introduce`, `music_label_id`, `create_time`, `update_time` FROM `Users` AS `Users` WHERE `Users`.`username` = 'tangmouren525' AND `Users`.`password` = 'tzc241241' LIMIT 1;
2021-03-19 23:35:42,863 INFO 7311 [egg-sequelize](1ms) Executed (default): SELECT `id`, `username`, `password`, `sex`, `address_id`, `qq_number`, `wx_number`, `borthday`, `introduce`, `music_label_id`, `create_time`, `update_time` FROM `Users` AS `Users`;
2021-03-19 23:36:05,381 INFO 7347 [egg-sequelize](1ms) Executed (default): SELECT 1+1 AS result
2021-03-19 23:36:05,384 INFO 7347 server is running
2021-03-19 23:36:06,409 INFO 7351 [egg-sequelize](1ms) Executed (default): SELECT 1+1 AS result
2021-03-19 23:36:06,411 INFO 7351 server is running
2021-03-19 23:42:01,936 INFO 7384 [egg-sequelize](1ms) Executed (default): SELECT 1+1 AS result
2021-03-19 23:42:01,938 INFO 7384 server is running
2021-03-19 23:42:09,324 INFO 7388 [egg-sequelize](1ms) Executed (default): SELECT 1+1 AS result
2021-03-19 23:42:09,325 INFO 7388 server is running
2021-03-19 23:42:22,729 INFO 7392 [egg-sequelize](1ms) Executed (default): SELECT 1+1 AS result
2021-03-19 23:42:22,731 INFO 7392 server is running
2021-03-19 23:42:26,499 INFO 7393 [egg-sequelize](0ms) Executed (default): SELECT 1+1 AS result
2021-03-19 23:42:26,501 INFO 7393 server is running
2021-03-19 23:42:54,271 INFO 7402 [egg-sequelize](0ms) Executed (default): SELECT 1+1 AS result
2021-03-19 23:42:54,274 INFO 7402 server is running
2021-03-19 23:42:56,081 INFO 7402 [egg-sequelize](2ms) Executed (default): SELECT `id`, `username`, `password`, `sex`, `address_id`, `qq_number`, `wx_number`, `borthday`, `introduce`, `music_label_id`, `create_time`, `update_time` FROM `Users` AS `Users`;
2021-03-19 23:42:57,121 INFO 7402 [egg-sequelize](1ms) Executed (default): SELECT `id`, `username`, `password`, `sex`, `address_id`, `qq_number`, `wx_number`, `borthday`, `introduce`, `music_label_id`, `create_time`, `update_time` FROM `Users` AS `Users`;
2021-03-19 23:42:58,932 INFO 7402 [egg-sequelize](1ms) Executed (default): SELECT `id`, `username`, `password`, `sex`, `address_id`, `qq_number`, `wx_number`, `borthday`, `introduce`, `music_label_id`, `create_time`, `update_time` FROM `Users` AS `Users`;
2021-03-19 23:42:59,447 INFO 7402 [egg-sequelize](1ms) Executed (default): SELECT `id`, `username`, `password`, `sex`, `address_id`, `qq_number`, `wx_number`, `borthday`, `introduce`, `music_label_id`, `create_time`, `update_time` FROM `Users` AS `Users`;
2021-03-19 23:42:59,805 INFO 7402 [egg-sequelize](1ms) Executed (default): SELECT `id`, `username`, `password`, `sex`, `address_id`, `qq_number`, `wx_number`, `borthday`, `introduce`, `music_label_id`, `create_time`, `update_time` FROM `Users` AS `Users`;
2021-03-19 23:43:00,243 INFO 7402 [egg-sequelize](1ms) Executed (default): SELECT `id`, `username`, `password`, `sex`, `address_id`, `qq_number`, `wx_number`, `borthday`, `introduce`, `music_label_id`, `create_time`, `update_time` FROM `Users` AS `Users`;
2021-03-19 23:43:00,534 INFO 7402 [egg-sequelize](1ms) Executed (default): SELECT `id`, `username`, `password`, `sex`, `address_id`, `qq_number`, `wx_number`, `borthday`, `introduce`, `music_label_id`, `create_time`, `update_time` FROM `Users` AS `Users`;
2021-03-19 23:43:23,875 INFO 7402 [egg-sequelize](1ms) Executed (default): SELECT `id`, `username`, `password`, `sex`, `address_id`, `qq_number`, `wx_number`, `borthday`, `introduce`, `music_label_id`, `create_time`, `update_time` FROM `Users` AS `Users`;
2021-03-19 23:43:24,360 INFO 7402 [egg-sequelize](5ms) Executed (default): SELECT `id`, `username`, `password`, `sex`, `address_id`, `qq_number`, `wx_number`, `borthday`, `introduce`, `music_label_id`, `create_time`, `update_time` FROM `Users` AS `Users`;
2021-03-19 23:43:24,458 INFO 7414 [egg-sequelize](0ms) Executed (default): SELECT 1+1 AS result
2021-03-19 23:43:24,465 INFO 7414 server is running
2021-03-19 23:43:24,755 INFO 7414 [egg-sequelize](3ms) Executed (default): SELECT `id`, `username`, `password`, `sex`, `address_id`, `qq_number`, `wx_number`, `borthday`, `introduce`, `music_label_id`, `create_time`, `update_time` FROM `Users` AS `Users`;
2021-03-19 23:43:25,001 INFO 7414 [egg-sequelize](1ms) Executed (default): SELECT `id`, `username`, `password`, `sex`, `address_id`, `qq_number`, `wx_number`, `borthday`, `introduce`, `music_label_id`, `create_time`, `update_time` FROM `Users` AS `Users`;
2021-03-19 23:53:18,701 INFO 7414 [egg-sequelize](13ms) Executed (default): SELECT `id`, `username`, `password`, `sex`, `address_id`, `qq_number`, `wx_number`, `borthday`, `introduce`, `music_label_id`, `create_time`, `update_time` FROM `Users` AS `Users`;
2021-03-19 23:54:00,123 INFO 7414 [egg-sequelize](1ms) Executed (default): SELECT `id`, `username`, `password`, `sex`, `address_id`, `qq_number`, `wx_number`, `borthday`, `introduce`, `music_label_id`, `create_time`, `update_time` FROM `Users` AS `Users`;
2021-03-19 23:54:00,125 INFO 7414 [egg-sequelize](2ms) Executed (default): SELECT `id`, `username`, `password`, `sex`, `address_id`, `qq_number`, `wx_number`, `borthday`, `introduce`, `music_label_id`, `create_time`, `update_time` FROM `Users` AS `Users`;
2021-03-19 23:54:00,127 INFO 7414 [egg-sequelize](5ms) Executed (default): SELECT `id`, `username`, `password`, `sex`, `address_id`, `qq_number`, `wx_number`, `borthday`, `introduce`, `music_label_id`, `create_time`, `update_time` FROM `Users` AS `Users`;
2021-03-19 23:54:00,128 INFO 7414 [egg-sequelize](3ms) Executed (default): SELECT `id`, `username`, `password`, `sex`, `address_id`, `qq_number`, `wx_number`, `borthday`, `introduce`, `music_label_id`, `create_time`, `update_time` FROM `Users` AS `Users`;
2021-03-19 23:54:00,129 INFO 7414 [egg-sequelize](3ms) Executed (default): SELECT `id`, `username`, `password`, `sex`, `address_id`, `qq_number`, `wx_number`, `borthday`, `introduce`, `music_label_id`, `create_time`, `update_time` FROM `Users` AS `Users`;
2021-03-19 23:54:00,130 INFO 7414 [egg-sequelize](4ms) Executed (default): SELECT `id`, `username`, `password`, `sex`, `address_id`, `qq_number`, `wx_number`, `borthday`, `introduce`, `music_label_id`, `create_time`, `update_time` FROM `Users` AS `Users`;
2021-03-19 23:54:00,131 INFO 7414 [egg-sequelize](4ms) Executed (default): SELECT `id`, `username`, `password`, `sex`, `address_id`, `qq_number`, `wx_number`, `borthday`, `introduce`, `music_label_id`, `create_time`, `update_time` FROM `Users` AS `Users`;
2021-03-19 23:54:00,132 INFO 7414 [egg-sequelize](4ms) Executed (default): SELECT `id`, `username`, `password`, `sex`, `address_id`, `qq_number`, `wx_number`, `borthday`, `introduce`, `music_label_id`, `create_time`, `update_time` FROM `Users` AS `Users`;
2021-03-19 23:54:00,133 INFO 7414 [egg-sequelize](4ms) Executed (default): SELECT `id`, `username`, `password`, `sex`, `address_id`, `qq_number`, `wx_number`, `borthday`, `introduce`, `music_label_id`, `create_time`, `update_time` FROM `Users` AS `Users`;
2021-03-19 23:54:00,135 INFO 7414 [egg-sequelize](5ms) Executed (default): SELECT `id`, `username`, `password`, `sex`, `address_id`, `qq_number`, `wx_number`, `borthday`, `introduce`, `music_label_id`, `create_time`, `update_time` FROM `Users` AS `Users`;
2021-03-19 23:55:13,514 INFO 7900 [egg-sequelize](0ms) Executed (default): SELECT 1+1 AS result
2021-03-19 23:55:13,515 INFO 7900 server is running
2021-03-19 23:55:17,632 INFO 7907 [egg-sequelize](1ms) Executed (default): SELECT 1+1 AS result
2021-03-19 23:55:17,634 INFO 7907 server is running
2021-03-19 23:55:18,952 INFO 7907 [egg-sequelize](9ms) Executed (default): SELECT `id`, `username`, `password`, `sex`, `address_id`, `qq_number`, `wx_number`, `borthday`, `introduce`, `music_label_id`, `create_time`, `update_time` FROM `Users` AS `Users`;
2021-03-19 23:55:18,958 INFO 7907 [egg-sequelize](5ms) Executed (default): SELECT `id`, `username`, `password`, `sex`, `address_id`, `qq_number`, `wx_number`, `borthday`, `introduce`, `music_label_id`, `create_time`, `update_time` FROM `Users` AS `Users`;
2021-03-19 23:55:18,960 INFO 7907 [egg-sequelize](2ms) Executed (default): SELECT `id`, `username`, `password`, `sex`, `address_id`, `qq_number`, `wx_number`, `borthday`, `introduce`, `music_label_id`, `create_time`, `update_time` FROM `Users` AS `Users`;
2021-03-19 23:55:18,962 INFO 7907 [egg-sequelize](1ms) Executed (default): SELECT `id`, `username`, `password`, `sex`, `address_id`, `qq_number`, `wx_number`, `borthday`, `introduce`, `music_label_id`, `create_time`, `update_time` FROM `Users` AS `Users`;
2021-03-19 23:55:18,964 INFO 7907 [egg-sequelize](2ms) Executed (default): SELECT `id`, `username`, `password`, `sex`, `address_id`, `qq_number`, `wx_number`, `borthday`, `introduce`, `music_label_id`, `create_time`, `update_time` FROM `Users` AS `Users`;
2021-03-19 23:55:18,966 INFO 7907 [egg-sequelize](2ms) Executed (default): SELECT `id`, `username`, `password`, `sex`, `address_id`, `qq_number`, `wx_number`, `borthday`, `introduce`, `music_label_id`, `create_time`, `update_time` FROM `Users` AS `Users`;
2021-03-19 23:55:18,968 INFO 7907 [egg-sequelize](2ms) Executed (default): SELECT `id`, `username`, `password`, `sex`, `address_id`, `qq_number`, `wx_number`, `borthday`, `introduce`, `music_label_id`, `create_time`, `update_time` FROM `Users` AS `Users`;
2021-03-19 23:55:18,970 INFO 7907 [egg-sequelize](2ms) Executed (default): SELECT `id`, `username`, `password`, `sex`, `address_id`, `qq_number`, `wx_number`, `borthday`, `introduce`, `music_label_id`, `create_time`, `update_time` FROM `Users` AS `Users`;
2021-03-19 23:55:18,971 INFO 7907 [egg-sequelize](2ms) Executed (default): SELECT `id`, `username`, `password`, `sex`, `address_id`, `qq_number`, `wx_number`, `borthday`, `introduce`, `music_label_id`, `create_time`, `update_time` FROM `Users` AS `Users`;
2021-03-19 23:55:18,972 INFO 7907 [egg-sequelize](3ms) Executed (default): SELECT `id`, `username`, `password`, `sex`, `address_id`, `qq_number`, `wx_number`, `borthday`, `introduce`, `music_label_id`, `create_time`, `update_time` FROM `Users` AS `Users`;
2021-03-19 23:55:43,085 INFO 7925 [egg-sequelize](1ms) Executed (default): SELECT 1+1 AS result
2021-03-19 23:55:43,087 INFO 7925 server is running
2021-03-19 23:56:05,323 INFO 7925 [egg-sequelize](3ms) Executed (default): SELECT `id`, `username`, `password`, `sex`, `address_id`, `qq_number`, `wx_number`, `borthday`, `introduce`, `music_label_id`, `create_time`, `update_time` FROM `Users` AS `Users`;
2021-03-19 23:56:05,328 INFO 7925 [egg-sequelize](8ms) Executed (default): SELECT `id`, `username`, `password`, `sex`, `address_id`, `qq_number`, `wx_number`, `borthday`, `introduce`, `music_label_id`, `create_time`, `update_time` FROM `Users` AS `Users`;
2021-03-19 23:56:05,329 INFO 7925 [egg-sequelize](8ms) Executed (default): SELECT `id`, `username`, `password`, `sex`, `address_id`, `qq_number`, `wx_number`, `borthday`, `introduce`, `music_label_id`, `create_time`, `update_time` FROM `Users` AS `Users`;
2021-03-19 23:56:05,330 INFO 7925 [egg-sequelize](6ms) Executed (default): SELECT `id`, `username`, `password`, `sex`, `address_id`, `qq_number`, `wx_number`, `borthday`, `introduce`, `music_label_id`, `create_time`, `update_time` FROM `Users` AS `Users`;
2021-03-19 23:56:05,331 INFO 7925 [egg-sequelize](3ms) Executed (default): SELECT `id`, `username`, `password`, `sex`, `address_id`, `qq_number`, `wx_number`, `borthday`, `introduce`, `music_label_id`, `create_time`, `update_time` FROM `Users` AS `Users`;
2021-03-19 23:56:05,332 INFO 7925 [egg-sequelize](3ms) Executed (default): SELECT `id`, `username`, `password`, `sex`, `address_id`, `qq_number`, `wx_number`, `borthday`, `introduce`, `music_label_id`, `create_time`, `update_time` FROM `Users` AS `Users`;
2021-03-19 23:56:05,334 INFO 7925 [egg-sequelize](4ms) Executed (default): SELECT `id`, `username`, `password`, `sex`, `address_id`, `qq_number`, `wx_number`, `borthday`, `introduce`, `music_label_id`, `create_time`, `update_time` FROM `Users` AS `Users`;
2021-03-19 23:56:05,336 INFO 7925 [egg-sequelize](5ms) Executed (default): SELECT `id`, `username`, `password`, `sex`, `address_id`, `qq_number`, `wx_number`, `borthday`, `introduce`, `music_label_id`, `create_time`, `update_time` FROM `Users` AS `Users`;
2021-03-19 23:56:05,337 INFO 7925 [egg-sequelize](4ms) Executed (default): SELECT `id`, `username`, `password`, `sex`, `address_id`, `qq_number`, `wx_number`, `borthday`, `introduce`, `music_label_id`, `create_time`, `update_time` FROM `Users` AS `Users`;
2021-03-19 23:56:05,338 INFO 7925 [egg-sequelize](5ms) Executed (default): SELECT `id`, `username`, `password`, `sex`, `address_id`, `qq_number`, `wx_number`, `borthday`, `introduce`, `music_label_id`, `create_time`, `update_time` FROM `Users` AS `Users`;
2021-03-19 23:56:34,418 INFO 7945 [egg-sequelize](1ms) Executed (default): SELECT 1+1 AS result
2021-03-19 23:56:34,420 INFO 7945 server is running
2021-03-19 23:57:48,323 INFO 7945 [egg-sequelize](2ms) Executed (default): SELECT `id`, `username`, `password`, `sex`, `address_id`, `qq_number`, `wx_number`, `borthday`, `introduce`, `music_label_id`, `create_time`, `update_time` FROM `Users` AS `Users`;
2021-03-19 23:57:48,329 INFO 7945 [egg-sequelize](7ms) Executed (default): SELECT `id`, `username`, `password`, `sex`, `address_id`, `qq_number`, `wx_number`, `borthday`, `introduce`, `music_label_id`, `create_time`, `update_time` FROM `Users` AS `Users`;
2021-03-19 23:57:48,330 INFO 7945 [egg-sequelize](6ms) Executed (default): SELECT `id`, `username`, `password`, `sex`, `address_id`, `qq_number`, `wx_number`, `borthday`, `introduce`, `music_label_id`, `create_time`, `update_time` FROM `Users` AS `Users`;
2021-03-19 23:57:48,332 INFO 7945 [egg-sequelize](3ms) Executed (default): SELECT `id`, `username`, `password`, `sex`, `address_id`, `qq_number`, `wx_number`, `borthday`, `introduce`, `music_label_id`, `create_time`, `update_time` FROM `Users` AS `Users`;
2021-03-19 23:57:48,333 INFO 7945 [egg-sequelize](11ms) Executed (default): SELECT `id`, `username`, `password`, `sex`, `address_id`, `qq_number`, `wx_number`, `borthday`, `introduce`, `music_label_id`, `create_time`, `update_time` FROM `Users` AS `Users`;
2021-03-19 23:57:48,335 INFO 7945 [egg-sequelize](5ms) Executed (default): SELECT `id`, `username`, `password`, `sex`, `address_id`, `qq_number`, `wx_number`, `borthday`, `introduce`, `music_label_id`, `create_time`, `update_time` FROM `Users` AS `Users`;
2021-03-19 23:57:48,337 INFO 7945 [egg-sequelize](5ms) Executed (default): SELECT `id`, `username`, `password`, `sex`, `address_id`, `qq_number`, `wx_number`, `borthday`, `introduce`, `music_label_id`, `create_time`, `update_time` FROM `Users` AS `Users`;
2021-03-19 23:57:48,338 INFO 7945 [egg-sequelize](5ms) Executed (default): SELECT `id`, `username`, `password`, `sex`, `address_id`, `qq_number`, `wx_number`, `borthday`, `introduce`, `music_label_id`, `create_time`, `update_time` FROM `Users` AS `Users`;
2021-03-19 23:57:48,340 INFO 7945 [egg-sequelize](5ms) Executed (default): SELECT `id`, `username`, `password`, `sex`, `address_id`, `qq_number`, `wx_number`, `borthday`, `introduce`, `music_label_id`, `create_time`, `update_time` FROM `Users` AS `Users`;
2021-03-19 23:57:48,341 INFO 7945 [egg-sequelize](4ms) Executed (default): SELECT `id`, `username`, `password`, `sex`, `address_id`, `qq_number`, `wx_number`, `borthday`, `introduce`, `music_label_id`, `create_time`, `update_time` FROM `Users` AS `Users`;
2021-03-19 23:59:30,615 INFO 8001 [egg-sequelize](1ms) Executed (default): SELECT 1+1 AS result
2021-03-19 23:59:30,617 INFO 8001 server is running
2021-03-20 00:00:12,742 INFO 8024 [egg-sequelize](1ms) Executed (default): SELECT 1+1 AS result
2021-03-20 00:00:12,744 INFO 8024 server is running
2021-03-20 00:00:13,692 INFO 8024 [egg-sequelize](9ms) Executed (default): SELECT `id`, `username`, `password`, `sex`, `address_id`, `qq_number`, `wx_number`, `borthday`, `introduce`, `music_label_id`, `create_time`, `update_time` FROM `Users` AS `Users`;
2021-03-20 00:00:13,697 INFO 8024 [egg-sequelize](4ms) Executed (default): SELECT `id`, `username`, `password`, `sex`, `address_id`, `qq_number`, `wx_number`, `borthday`, `introduce`, `music_label_id`, `create_time`, `update_time` FROM `Users` AS `Users`;
2021-03-20 00:00:13,699 INFO 8024 [egg-sequelize](1ms) Executed (default): SELECT `id`, `username`, `password`, `sex`, `address_id`, `qq_number`, `wx_number`, `borthday`, `introduce`, `music_label_id`, `create_time`, `update_time` FROM `Users` AS `Users`;
2021-03-20 00:00:13,701 INFO 8024 [egg-sequelize](2ms) Executed (default): SELECT `id`, `username`, `password`, `sex`, `address_id`, `qq_number`, `wx_number`, `borthday`, `introduce`, `music_label_id`, `create_time`, `update_time` FROM `Users` AS `Users`;
2021-03-20 00:00:13,703 INFO 8024 [egg-sequelize](2ms) Executed (default): SELECT `id`, `username`, `password`, `sex`, `address_id`, `qq_number`, `wx_number`, `borthday`, `introduce`, `music_label_id`, `create_time`, `update_time` FROM `Users` AS `Users`;
2021-03-20 00:00:13,705 INFO 8024 [egg-sequelize](2ms) Executed (default): SELECT `id`, `username`, `password`, `sex`, `address_id`, `qq_number`, `wx_number`, `borthday`, `introduce`, `music_label_id`, `create_time`, `update_time` FROM `Users` AS `Users`;
2021-03-20 00:00:13,708 INFO 8024 [egg-sequelize](2ms) Executed (default): SELECT `id`, `username`, `password`, `sex`, `address_id`, `qq_number`, `wx_number`, `borthday`, `introduce`, `music_label_id`, `create_time`, `update_time` FROM `Users` AS `Users`;
2021-03-20 00:00:13,709 INFO 8024 [egg-sequelize](2ms) Executed (default): SELECT `id`, `username`, `password`, `sex`, `address_id`, `qq_number`, `wx_number`, `borthday`, `introduce`, `music_label_id`, `create_time`, `update_time` FROM `Users` AS `Users`;
2021-03-20 00:00:13,711 INFO 8024 [egg-sequelize](4ms) Executed (default): SELECT `id`, `username`, `password`, `sex`, `address_id`, `qq_number`, `wx_number`, `borthday`, `introduce`, `music_label_id`, `create_time`, `update_time` FROM `Users` AS `Users`;
2021-03-20 00:00:13,713 INFO 8024 [egg-sequelize](5ms) Executed (default): SELECT `id`, `username`, `password`, `sex`, `address_id`, `qq_number`, `wx_number`, `borthday`, `introduce`, `music_label_id`, `create_time`, `update_time` FROM `Users` AS `Users`;
2021-03-20 00:01:44,546 INFO 8080 [egg-sequelize](1ms) Executed (default): SELECT 1+1 AS result
2021-03-20 00:01:44,548 INFO 8080 server is running
2021-03-20 00:01:46,275 INFO 8080 [egg-sequelize](8ms) Executed (default): SELECT `id`, `username`, `password`, `sex`, `address_id`, `qq_number`, `wx_number`, `borthday`, `introduce`, `music_label_id`, `create_time`, `update_time` FROM `Users` AS `Users`;
2021-03-20 00:01:46,282 INFO 8080 [egg-sequelize](6ms) Executed (default): SELECT `id`, `username`, `password`, `sex`, `address_id`, `qq_number`, `wx_number`, `borthday`, `introduce`, `music_label_id`, `create_time`, `update_time` FROM `Users` AS `Users`;
2021-03-20 00:01:46,287 INFO 8080 [egg-sequelize](4ms) Executed (default): SELECT `id`, `username`, `password`, `sex`, `address_id`, `qq_number`, `wx_number`, `borthday`, `introduce`, `music_label_id`, `create_time`, `update_time` FROM `Users` AS `Users`;
2021-03-20 00:01:46,292 INFO 8080 [egg-sequelize](5ms) Executed (default): SELECT `id`, `username`, `password`, `sex`, `address_id`, `qq_number`, `wx_number`, `borthday`, `introduce`, `music_label_id`, `create_time`, `update_time` FROM `Users` AS `Users`;
2021-03-20 00:01:46,297 INFO 8080 [egg-sequelize](4ms) Executed (default): SELECT `id`, `username`, `password`, `sex`, `address_id`, `qq_number`, `wx_number`, `borthday`, `introduce`, `music_label_id`, `create_time`, `update_time` FROM `Users` AS `Users`;
2021-03-20 00:01:46,301 INFO 8080 [egg-sequelize](4ms) Executed (default): SELECT `id`, `username`, `password`, `sex`, `address_id`, `qq_number`, `wx_number`, `borthday`, `introduce`, `music_label_id`, `create_time`, `update_time` FROM `Users` AS `Users`;
2021-03-20 00:01:46,302 INFO 8080 [egg-sequelize](6ms) Executed (default): SELECT `id`, `username`, `password`, `sex`, `address_id`, `qq_number`, `wx_number`, `borthday`, `introduce`, `music_label_id`, `create_time`, `update_time` FROM `Users` AS `Users`;
2021-03-20 00:01:46,306 INFO 8080 [egg-sequelize](8ms) Executed (default): SELECT `id`, `username`, `password`, `sex`, `address_id`, `qq_number`, `wx_number`, `borthday`, `introduce`, `music_label_id`, `create_time`, `update_time` FROM `Users` AS `Users`;
2021-03-20 00:01:46,308 INFO 8080 [egg-sequelize](10ms) Executed (default): SELECT `id`, `username`, `password`, `sex`, `address_id`, `qq_number`, `wx_number`, `borthday`, `introduce`, `music_label_id`, `create_time`, `update_time` FROM `Users` AS `Users`;
2021-03-20 00:01:46,310 INFO 8080 [egg-sequelize](10ms) Executed (default): SELECT `id`, `username`, `password`, `sex`, `address_id`, `qq_number`, `wx_number`, `borthday`, `introduce`, `music_label_id`, `create_time`, `update_time` FROM `Users` AS `Users`;
2021-03-20 00:04:41,241 INFO 8138 [egg-sequelize](1ms) Executed (default): SELECT 1+1 AS result
2021-03-20 00:04:41,243 INFO 8138 server is running
2021-03-20 00:04:46,169 INFO 8149 [egg-sequelize](1ms) Executed (default): SELECT 1+1 AS result
2021-03-20 00:04:46,171 INFO 8149 server is running
2021-03-20 00:04:48,374 INFO 8156 [egg-sequelize](1ms) Executed (default): SELECT 1+1 AS result
2021-03-20 00:04:48,376 INFO 8156 server is running
2021-03-20 00:04:56,653 INFO 8164 [egg-sequelize](1ms) Executed (default): SELECT 1+1 AS result
2021-03-20 00:04:56,655 INFO 8164 server is running
2021-03-20 00:04:59,351 INFO 8171 [egg-sequelize](1ms) Executed (default): SELECT 1+1 AS result
2021-03-20 00:04:59,353 INFO 8171 server is running
2021-03-20 00:05:08,119 INFO 8184 [egg-sequelize](1ms) Executed (default): SELECT 1+1 AS result
2021-03-20 00:05:08,120 INFO 8184 server is running
2021-03-20 00:05:18,234 INFO 8191 [egg-sequelize](1ms) Executed (default): SELECT 1+1 AS result
2021-03-20 00:05:18,236 INFO 8191 server is running
2021-03-20 00:05:49,601 INFO 8204 [egg-sequelize](0ms) Executed (default): SELECT 1+1 AS result
2021-03-20 00:05:49,603 INFO 8204 server is running
2021-03-20 00:05:53,512 INFO 8216 [egg-sequelize](1ms) Executed (default): SELECT 1+1 AS result
2021-03-20 00:05:53,514 INFO 8216 server is running
2021-03-20 00:05:57,156 INFO 8216 [egg-sequelize](9ms) Executed (default): SELECT `id`, `username`, `password`, `sex`, `address_id`, `qq_number`, `wx_number`, `borthday`, `introduce`, `music_label_id`, `create_time`, `update_time` FROM `Users` AS `Users`;
2021-03-20 00:05:57,161 INFO 8216 [egg-sequelize](4ms) Executed (default): SELECT `id`, `username`, `password`, `sex`, `address_id`, `qq_number`, `wx_number`, `borthday`, `introduce`, `music_label_id`, `create_time`, `update_time` FROM `Users` AS `Users`;
2021-03-20 00:05:57,164 INFO 8216 [egg-sequelize](3ms) Executed (default): SELECT `id`, `username`, `password`, `sex`, `address_id`, `qq_number`, `wx_number`, `borthday`, `introduce`, `music_label_id`, `create_time`, `update_time` FROM `Users` AS `Users`;
2021-03-20 00:05:57,165 INFO 8216 [egg-sequelize](1ms) Executed (default): SELECT `id`, `username`, `password`, `sex`, `address_id`, `qq_number`, `wx_number`, `borthday`, `introduce`, `music_label_id`, `create_time`, `update_time` FROM `Users` AS `Users`;
2021-03-20 00:05:57,167 INFO 8216 [egg-sequelize](2ms) Executed (default): SELECT `id`, `username`, `password`, `sex`, `address_id`, `qq_number`, `wx_number`, `borthday`, `introduce`, `music_label_id`, `create_time`, `update_time` FROM `Users` AS `Users`;
2021-03-20 00:05:57,169 INFO 8216 [egg-sequelize](2ms) Executed (default): SELECT `id`, `username`, `password`, `sex`, `address_id`, `qq_number`, `wx_number`, `borthday`, `introduce`, `music_label_id`, `create_time`, `update_time` FROM `Users` AS `Users`;
2021-03-20 00:05:57,170 INFO 8216 [egg-sequelize](1ms) Executed (default): SELECT `id`, `username`, `password`, `sex`, `address_id`, `qq_number`, `wx_number`, `borthday`, `introduce`, `music_label_id`, `create_time`, `update_time` FROM `Users` AS `Users`;
2021-03-20 00:05:57,172 INFO 8216 [egg-sequelize](1ms) Executed (default): SELECT `id`, `username`, `password`, `sex`, `address_id`, `qq_number`, `wx_number`, `borthday`, `introduce`, `music_label_id`, `create_time`, `update_time` FROM `Users` AS `Users`;
2021-03-20 00:05:57,173 INFO 8216 [egg-sequelize](2ms) Executed (default): SELECT `id`, `username`, `password`, `sex`, `address_id`, `qq_number`, `wx_number`, `borthday`, `introduce`, `music_label_id`, `create_time`, `update_time` FROM `Users` AS `Users`;
2021-03-20 00:05:57,174 INFO 8216 [egg-sequelize](2ms) Executed (default): SELECT `id`, `username`, `password`, `sex`, `address_id`, `qq_number`, `wx_number`, `borthday`, `introduce`, `music_label_id`, `create_time`, `update_time` FROM `Users` AS `Users`;
2021-03-20 00:07:31,152 INFO 8236 [egg-sequelize](1ms) Executed (default): SELECT 1+1 AS result
2021-03-20 00:07:31,154 INFO 8236 server is running
2021-03-20 00:07:41,778 INFO 8236 [egg-sequelize](1ms) Executed (default): SELECT `id`, `username`, `password`, `sex`, `address_id`, `qq_number`, `wx_number`, `borthday`, `introduce`, `music_label_id`, `create_time`, `update_time` FROM `Users` AS `Users`;
2021-03-20 00:07:41,784 INFO 8236 [egg-sequelize](7ms) Executed (default): SELECT `id`, `username`, `password`, `sex`, `address_id`, `qq_number`, `wx_number`, `borthday`, `introduce`, `music_label_id`, `create_time`, `update_time` FROM `Users` AS `Users`;
2021-03-20 00:07:41,786 INFO 8236 [egg-sequelize](7ms) Executed (default): SELECT `id`, `username`, `password`, `sex`, `address_id`, `qq_number`, `wx_number`, `borthday`, `introduce`, `music_label_id`, `create_time`, `update_time` FROM `Users` AS `Users`;
2021-03-20 00:07:41,787 INFO 8236 [egg-sequelize](3ms) Executed (default): SELECT `id`, `username`, `password`, `sex`, `address_id`, `qq_number`, `wx_number`, `borthday`, `introduce`, `music_label_id`, `create_time`, `update_time` FROM `Users` AS `Users`;
2021-03-20 00:07:41,789 INFO 8236 [egg-sequelize](13ms) Executed (default): SELECT `id`, `username`, `password`, `sex`, `address_id`, `qq_number`, `wx_number`, `borthday`, `introduce`, `music_label_id`, `create_time`, `update_time` FROM `Users` AS `Users`;
2021-03-20 00:07:41,790 INFO 8236 [egg-sequelize](4ms) Executed (default): SELECT `id`, `username`, `password`, `sex`, `address_id`, `qq_number`, `wx_number`, `borthday`, `introduce`, `music_label_id`, `create_time`, `update_time` FROM `Users` AS `Users`;
2021-03-20 00:07:41,792 INFO 8236 [egg-sequelize](5ms) Executed (default): SELECT `id`, `username`, `password`, `sex`, `address_id`, `qq_number`, `wx_number`, `borthday`, `introduce`, `music_label_id`, `create_time`, `update_time` FROM `Users` AS `Users`;
2021-03-20 00:07:41,794 INFO 8236 [egg-sequelize](6ms) Executed (default): SELECT `id`, `username`, `password`, `sex`, `address_id`, `qq_number`, `wx_number`, `borthday`, `introduce`, `music_label_id`, `create_time`, `update_time` FROM `Users` AS `Users`;
2021-03-20 00:07:41,795 INFO 8236 [egg-sequelize](6ms) Executed (default): SELECT `id`, `username`, `password`, `sex`, `address_id`, `qq_number`, `wx_number`, `borthday`, `introduce`, `music_label_id`, `create_time`, `update_time` FROM `Users` AS `Users`;
2021-03-20 00:07:41,797 INFO 8236 [egg-sequelize](6ms) Executed (default): SELECT `id`, `username`, `password`, `sex`, `address_id`, `qq_number`, `wx_number`, `borthday`, `introduce`, `music_label_id`, `create_time`, `update_time` FROM `Users` AS `Users`;
2021-03-20 00:08:28,075 INFO 8276 [egg-sequelize](1ms) Executed (default): SELECT 1+1 AS result
2021-03-20 00:08:28,077 INFO 8276 server is running
2021-03-20 00:08:34,800 INFO 8276 [egg-sequelize](2ms) Executed (default): SELECT `id`, `username`, `password`, `sex`, `address_id`, `qq_number`, `wx_number`, `borthday`, `introduce`, `music_label_id`, `create_time`, `update_time` FROM `Users` AS `Users`;
2021-03-20 00:08:34,808 INFO 8276 [egg-sequelize](2ms) Executed (default): SELECT `id`, `username`, `password`, `sex`, `address_id`, `qq_number`, `wx_number`, `borthday`, `introduce`, `music_label_id`, `create_time`, `update_time` FROM `Users` AS `Users`;
2021-03-20 00:08:34,811 INFO 8276 [egg-sequelize](2ms) Executed (default): SELECT `id`, `username`, `password`, `sex`, `address_id`, `qq_number`, `wx_number`, `borthday`, `introduce`, `music_label_id`, `create_time`, `update_time` FROM `Users` AS `Users`;
2021-03-20 00:08:34,814 INFO 8276 [egg-sequelize](3ms) Executed (default): SELECT `id`, `username`, `password`, `sex`, `address_id`, `qq_number`, `wx_number`, `borthday`, `introduce`, `music_label_id`, `create_time`, `update_time` FROM `Users` AS `Users`;
2021-03-20 00:08:34,817 INFO 8276 [egg-sequelize](3ms) Executed (default): SELECT `id`, `username`, `password`, `sex`, `address_id`, `qq_number`, `wx_number`, `borthday`, `introduce`, `music_label_id`, `create_time`, `update_time` FROM `Users` AS `Users`;
2021-03-20 00:08:34,821 INFO 8276 [egg-sequelize](4ms) Executed (default): SELECT `id`, `username`, `password`, `sex`, `address_id`, `qq_number`, `wx_number`, `borthday`, `introduce`, `music_label_id`, `create_time`, `update_time` FROM `Users` AS `Users`;
2021-03-20 00:08:34,823 INFO 8276 [egg-sequelize](2ms) Executed (default): SELECT `id`, `username`, `password`, `sex`, `address_id`, `qq_number`, `wx_number`, `borthday`, `introduce`, `music_label_id`, `create_time`, `update_time` FROM `Users` AS `Users`;
2021-03-20 00:08:34,827 INFO 8276 [egg-sequelize](4ms) Executed (default): SELECT `id`, `username`, `password`, `sex`, `address_id`, `qq_number`, `wx_number`, `borthday`, `introduce`, `music_label_id`, `create_time`, `update_time` FROM `Users` AS `Users`;
2021-03-20 00:08:34,830 INFO 8276 [egg-sequelize](2ms) Executed (default): SELECT `id`, `username`, `password`, `sex`, `address_id`, `qq_number`, `wx_number`, `borthday`, `introduce`, `music_label_id`, `create_time`, `update_time` FROM `Users` AS `Users`;
2021-03-20 00:08:34,832 INFO 8276 [egg-sequelize](2ms) Executed (default): SELECT `id`, `username`, `password`, `sex`, `address_id`, `qq_number`, `wx_number`, `borthday`, `introduce`, `music_label_id`, `create_time`, `update_time` FROM `Users` AS `Users`;
2021-03-20 00:13:35,284 INFO 8276 [egg-sequelize](1ms) Executed (default): SELECT `id`, `username`, `password`, `sex`, `address_id`, `qq_number`, `wx_number`, `borthday`, `introduce`, `music_label_id`, `create_time`, `update_time` FROM `Users` AS `Users`;
2021-03-20 00:13:35,285 INFO 8276 [egg-sequelize](2ms) Executed (default): SELECT `id`, `username`, `password`, `sex`, `address_id`, `qq_number`, `wx_number`, `borthday`, `introduce`, `music_label_id`, `create_time`, `update_time` FROM `Users` AS `Users`;
2021-03-20 00:13:35,286 INFO 8276 [egg-sequelize](3ms) Executed (default): SELECT `id`, `username`, `password`, `sex`, `address_id`, `qq_number`, `wx_number`, `borthday`, `introduce`, `music_label_id`, `create_time`, `update_time` FROM `Users` AS `Users`;
2021-03-20 00:13:35,287 INFO 8276 [egg-sequelize](3ms) Executed (default): SELECT `id`, `username`, `password`, `sex`, `address_id`, `qq_number`, `wx_number`, `borthday`, `introduce`, `music_label_id`, `create_time`, `update_time` FROM `Users` AS `Users`;
2021-03-20 00:13:35,288 INFO 8276 [egg-sequelize](3ms) Executed (default): SELECT `id`, `username`, `password`, `sex`, `address_id`, `qq_number`, `wx_number`, `borthday`, `introduce`, `music_label_id`, `create_time`, `update_time` FROM `Users` AS `Users`;
2021-03-20 00:13:35,290 INFO 8276 [egg-sequelize](4ms) Executed (default): SELECT `id`, `username`, `password`, `sex`, `address_id`, `qq_number`, `wx_number`, `borthday`, `introduce`, `music_label_id`, `create_time`, `update_time` FROM `Users` AS `Users`;
2021-03-20 00:13:35,292 INFO 8276 [egg-sequelize](5ms) Executed (default): SELECT `id`, `username`, `password`, `sex`, `address_id`, `qq_number`, `wx_number`, `borthday`, `introduce`, `music_label_id`, `create_time`, `update_time` FROM `Users` AS `Users`;
2021-03-20 00:13:35,293 INFO 8276 [egg-sequelize](4ms) Executed (default): SELECT `id`, `username`, `password`, `sex`, `address_id`, `qq_number`, `wx_number`, `borthday`, `introduce`, `music_label_id`, `create_time`, `update_time` FROM `Users` AS `Users`;
2021-03-20 00:13:35,294 INFO 8276 [egg-sequelize](4ms) Executed (default): SELECT `id`, `username`, `password`, `sex`, `address_id`, `qq_number`, `wx_number`, `borthday`, `introduce`, `music_label_id`, `create_time`, `update_time` FROM `Users` AS `Users`;
2021-03-20 00:13:35,295 INFO 8276 [egg-sequelize](4ms) Executed (default): SELECT `id`, `username`, `password`, `sex`, `address_id`, `qq_number`, `wx_number`, `borthday`, `introduce`, `music_label_id`, `create_time`, `update_time` FROM `Users` AS `Users`;
2021-03-20 00:16:12,961 INFO 8735 [egg-sequelize](1ms) Executed (default): SELECT 1+1 AS result
2021-03-20 00:16:12,965 INFO 8735 server is running
2021-03-20 00:17:01,711 INFO 8735 [egg-sequelize](28069ms) Executed (default): SELECT `id`, `username`, `password`, `sex`, `address_id`, `qq_number`, `wx_number`, `borthday`, `introduce`, `music_label_id`, `create_time`, `update_time` FROM `Users` AS `Users`;
2021-03-20 00:17:02,166 INFO 8735 [egg-sequelize](452ms) Executed (default): SELECT `id`, `username`, `password`, `sex`, `address_id`, `qq_number`, `wx_number`, `borthday`, `introduce`, `music_label_id`, `create_time`, `update_time` FROM `Users` AS `Users`;
2021-03-20 00:17:04,580 INFO 8735 [egg-sequelize](2413ms) Executed (default): SELECT `id`, `username`, `password`, `sex`, `address_id`, `qq_number`, `wx_number`, `borthday`, `introduce`, `music_label_id`, `create_time`, `update_time` FROM `Users` AS `Users`;
2021-03-20 00:17:09,330 INFO 8735 [egg-sequelize](4750ms) Executed (default): SELECT `id`, `username`, `password`, `sex`, `address_id`, `qq_number`, `wx_number`, `borthday`, `introduce`, `music_label_id`, `create_time`, `update_time` FROM `Users` AS `Users`;
2021-03-20 00:17:09,822 INFO 8735 [egg-sequelize](491ms) Executed (default): SELECT `id`, `username`, `password`, `sex`, `address_id`, `qq_number`, `wx_number`, `borthday`, `introduce`, `music_label_id`, `create_time`, `update_time` FROM `Users` AS `Users`;
2021-03-20 00:17:10,069 INFO 8735 [egg-sequelize](246ms) Executed (default): SELECT `id`, `username`, `password`, `sex`, `address_id`, `qq_number`, `wx_number`, `borthday`, `introduce`, `music_label_id`, `create_time`, `update_time` FROM `Users` AS `Users`;
2021-03-20 11:02:24,572 INFO 1457 [egg-sequelize](0ms) Executed (default): SELECT 1+1 AS result
2021-03-20 11:02:24,574 INFO 1457 server is running
